running develop
running egg_info
creating deep_sogm.egg-info
writing deep_sogm.egg-info/PKG-INFO
writing dependency_links to deep_sogm.egg-info/dependency_links.txt
writing entry points to deep_sogm.egg-info/entry_points.txt
writing requirements to deep_sogm.egg-info/requires.txt
writing top-level names to deep_sogm.egg-info/top_level.txt
writing manifest file 'deep_sogm.egg-info/SOURCES.txt'
reading manifest file 'deep_sogm.egg-info/SOURCES.txt'
writing manifest file 'deep_sogm.egg-info/SOURCES.txt'
running build_ext
Creating /home/administrator/eloquent_ws/install/deep_sogm/lib/python3.6/site-packages/site.py
Creating /home/administrator/eloquent_ws/install/deep_sogm/lib/python3.6/site-packages/deep-sogm.egg-link (link to .)
Installing collider script to /home/administrator/eloquent_ws/install/deep_sogm/lib/deep_sogm

Installed /home/administrator/eloquent_ws/build/deep_sogm
running install_data
creating /home/administrator/eloquent_ws/install/deep_sogm/share/ament_index
creating /home/administrator/eloquent_ws/install/deep_sogm/share/ament_index/resource_index
creating /home/administrator/eloquent_ws/install/deep_sogm/share/ament_index/resource_index/packages
copying resource/deep_sogm -> /home/administrator/eloquent_ws/install/deep_sogm/share/ament_index/resource_index/packages
copying package.xml -> /home/administrator/eloquent_ws/install/deep_sogm/share/deep_sogm
