[0.907s] Invoking command in '/home/administrator/eloquent_ws/build/deep_sogm': PYTHONPATH=/home/administrator/eloquent_ws/install/deep_sogm/lib/python3.6/site-packages:${PYTHONPATH} /usr/bin/python3 setup.py develop --prefix /home/administrator/eloquent_ws/install/deep_sogm --editable --build-directory /home/administrator/eloquent_ws/build/deep_sogm/build --no-deps install_data --install-dir /home/administrator/eloquent_ws/install/deep_sogm
[1.674s] running develop
[1.987s] running egg_info
[1.988s] creating deep_sogm.egg-info
[1.988s] writing deep_sogm.egg-info/PKG-INFO
[1.989s] writing dependency_links to deep_sogm.egg-info/dependency_links.txt
[1.989s] writing entry points to deep_sogm.egg-info/entry_points.txt
[1.990s] writing requirements to deep_sogm.egg-info/requires.txt
[1.991s] writing top-level names to deep_sogm.egg-info/top_level.txt
[1.991s] writing manifest file 'deep_sogm.egg-info/SOURCES.txt'
[2.096s] reading manifest file 'deep_sogm.egg-info/SOURCES.txt'
[2.099s] writing manifest file 'deep_sogm.egg-info/SOURCES.txt'
[2.229s] running build_ext
[2.231s] Creating /home/administrator/eloquent_ws/install/deep_sogm/lib/python3.6/site-packages/site.py
[2.234s] Creating /home/administrator/eloquent_ws/install/deep_sogm/lib/python3.6/site-packages/deep-sogm.egg-link (link to .)
[2.236s] Installing collider script to /home/administrator/eloquent_ws/install/deep_sogm/lib/deep_sogm
[2.238s] 
[2.239s] Installed /home/administrator/eloquent_ws/build/deep_sogm
[2.240s] running install_data
[2.241s] creating /home/administrator/eloquent_ws/install/deep_sogm/share/ament_index
[2.241s] creating /home/administrator/eloquent_ws/install/deep_sogm/share/ament_index/resource_index
[2.242s] creating /home/administrator/eloquent_ws/install/deep_sogm/share/ament_index/resource_index/packages
[2.242s] copying resource/deep_sogm -> /home/administrator/eloquent_ws/install/deep_sogm/share/ament_index/resource_index/packages
[2.243s] copying package.xml -> /home/administrator/eloquent_ws/install/deep_sogm/share/deep_sogm
[2.324s] Invoked command in '/home/administrator/eloquent_ws/build/deep_sogm' returned '0': PYTHONPATH=/home/administrator/eloquent_ws/install/deep_sogm/lib/python3.6/site-packages:${PYTHONPATH} /usr/bin/python3 setup.py develop --prefix /home/administrator/eloquent_ws/install/deep_sogm --editable --build-directory /home/administrator/eloquent_ws/build/deep_sogm/build --no-deps install_data --install-dir /home/administrator/eloquent_ws/install/deep_sogm
