-- The C compiler identification is GNU 7.5.0
-- The CXX compiler identification is GNU 7.5.0
-- Check for working C compiler: /usr/bin/cc
-- Check for working C compiler: /usr/bin/cc -- works
-- Detecting C compiler ABI info
-- Detecting C compiler ABI info - done
-- Detecting C compile features
-- Detecting C compile features - done
-- Check for working CXX compiler: /usr/bin/c++
-- Check for working CXX compiler: /usr/bin/c++ -- works
-- Detecting CXX compiler ABI info
-- Detecting CXX compiler ABI info - done
-- Detecting CXX compile features
-- Detecting CXX compile features - done
-- Found ament_cmake: 0.8.3 (/opt/ros/eloquent/share/ament_cmake/cmake)
-- Found PythonInterp: /usr/bin/python3 (found suitable version "3.6.9", minimum required is "3") 
-- Using PYTHON_EXECUTABLE: /usr/bin/python3
-- Override CMake install command with custom implementation using symlinks instead of copying resources
-- Found rosidl_default_generators: 0.8.0 (/opt/ros/eloquent/share/rosidl_default_generators/cmake)
-- Found OpenSSL: /usr/lib/aarch64-linux-gnu/libcrypto.so (found version "1.1.1") 
-- Found FastRTPS: /opt/ros/eloquent/include  
-- Found rosidl_adapter: 0.8.3 (/opt/ros/eloquent/share/rosidl_adapter/cmake)
-- Found geometry_msgs: 0.8.1 (/opt/ros/eloquent/share/geometry_msgs/cmake)
-- Found PythonInterp: /usr/bin/python3 (found version "3.6.9") 
-- Using single matching rosidl_typesupport_c: rosidl_typesupport_fastrtps_c
-- Using single matching rosidl_typesupport_cpp: rosidl_typesupport_fastrtps_cpp
-- Found rmw_implementation_cmake: 0.8.1 (/opt/ros/eloquent/share/rmw_implementation_cmake/cmake)
-- Found PythonInterp: /usr/bin/python3 (found suitable version "3.6.9", minimum required is "3.5") 
-- Found python_cmake_module: 0.8.0 (/opt/ros/eloquent/share/python_cmake_module/cmake)
-- Found PythonLibs: /usr/lib/aarch64-linux-gnu/libpython3.6m.so (found suitable version "3.6.9", minimum required is "3.5") 
-- Using PYTHON_EXECUTABLE: /usr/bin/python3
-- Using PYTHON_INCLUDE_DIRS: /usr/include/python3.6m
-- Using PYTHON_LIBRARIES: /usr/lib/aarch64-linux-gnu/libpython3.6m.so
-- Found PythonExtra: .so  
-- Found ament_lint_auto: 0.8.2 (/opt/ros/eloquent/share/ament_lint_auto/cmake)
-- Added test 'lint_cmake' to check CMake code style
-- Added test 'xmllint' to check XML markup files
-- Configuring done
-- Generating done
-- Build files have been written to: /home/administrator/eloquent_ws/build/msg_interfaces
[35m[1mScanning dependencies of target msg_interfaces__cpp[0m
[  3%] [34m[1mGenerating C code for ROS interfaces[0m
[  6%] [34m[1mGenerating C++ code for ROS interfaces[0m
[  6%] Built target msg_interfaces__cpp
[ 13%] [34m[1mGenerating C++ type support for eProsima Fast-RTPS[0m
[ 13%] [34m[1mGenerating C++ introspection for ROS interfaces[0m
[35m[1mScanning dependencies of target msg_interfaces__rosidl_generator_c[0m
[ 17%] [32mBuilding C object CMakeFiles/msg_interfaces__rosidl_generator_c.dir/rosidl_generator_c/msg_interfaces/msg/vox_grid__functions.c.o[0m
[ 20%] [32m[1mLinking C shared library libmsg_interfaces__rosidl_generator_c.so[0m
[ 20%] Built target msg_interfaces__rosidl_generator_c
[ 24%] [34m[1mGenerating C introspection for ROS interfaces[0m
[35m[1mScanning dependencies of target msg_interfaces__rosidl_typesupport_introspection_cpp[0m
[35m[1mScanning dependencies of target msg_interfaces__rosidl_typesupport_fastrtps_cpp[0m
[ 27%] [32mBuilding CXX object CMakeFiles/msg_interfaces__rosidl_typesupport_introspection_cpp.dir/rosidl_typesupport_introspection_cpp/msg_interfaces/msg/vox_grid__type_support.cpp.o[0m
[ 31%] [32mBuilding CXX object CMakeFiles/msg_interfaces__rosidl_typesupport_fastrtps_cpp.dir/rosidl_typesupport_fastrtps_cpp/msg_interfaces/msg/dds_fastrtps/vox_grid__type_support.cpp.o[0m
[35m[1mScanning dependencies of target msg_interfaces__rosidl_typesupport_introspection_c[0m
[ 34%] [32mBuilding C object CMakeFiles/msg_interfaces__rosidl_typesupport_introspection_c.dir/rosidl_typesupport_introspection_c/msg_interfaces/msg/vox_grid__type_support.c.o[0m
[ 37%] [32m[1mLinking C shared library libmsg_interfaces__rosidl_typesupport_introspection_c.so[0m
[ 37%] Built target msg_interfaces__rosidl_typesupport_introspection_c
[ 41%] [32m[1mLinking CXX shared library libmsg_interfaces__rosidl_typesupport_introspection_cpp.so[0m
[ 41%] Built target msg_interfaces__rosidl_typesupport_introspection_cpp
[ 44%] [32m[1mLinking CXX shared library libmsg_interfaces__rosidl_typesupport_fastrtps_cpp.so[0m
[ 44%] Built target msg_interfaces__rosidl_typesupport_fastrtps_cpp
[ 48%] [34m[1mGenerating C type support for eProsima Fast-RTPS[0m
[ 51%] [34m[1mGenerating C++ type support dispatch for ROS interfaces[0m
[35m[1mScanning dependencies of target msg_interfaces__rosidl_typesupport_cpp[0m
[ 55%] [32mBuilding CXX object CMakeFiles/msg_interfaces__rosidl_typesupport_cpp.dir/rosidl_typesupport_cpp/msg_interfaces/msg/vox_grid__type_support.cpp.o[0m
[35m[1mScanning dependencies of target msg_interfaces__rosidl_typesupport_fastrtps_c[0m
[ 58%] [32mBuilding CXX object CMakeFiles/msg_interfaces__rosidl_typesupport_fastrtps_c.dir/rosidl_typesupport_fastrtps_c/msg_interfaces/msg/vox_grid__type_support_c.cpp.o[0m
[ 62%] [32m[1mLinking CXX shared library libmsg_interfaces__rosidl_typesupport_fastrtps_c.so[0m
[ 65%] [32m[1mLinking CXX shared library libmsg_interfaces__rosidl_typesupport_cpp.so[0m
[ 65%] Built target msg_interfaces__rosidl_typesupport_fastrtps_c
[ 65%] Built target msg_interfaces__rosidl_typesupport_cpp
[ 68%] [34m[1mGenerating C type support dispatch for ROS interfaces[0m
[35m[1mScanning dependencies of target msg_interfaces__rosidl_typesupport_c[0m
[ 72%] [32mBuilding CXX object CMakeFiles/msg_interfaces__rosidl_typesupport_c.dir/rosidl_typesupport_c/msg_interfaces/msg/vox_grid__type_support.cpp.o[0m
[ 75%] [32m[1mLinking CXX shared library libmsg_interfaces__rosidl_typesupport_c.so[0m
[ 75%] Built target msg_interfaces__rosidl_typesupport_c
[35m[1mScanning dependencies of target msg_interfaces[0m
[ 75%] Built target msg_interfaces
[35m[1mScanning dependencies of target msg_interfaces__py[0m
[ 79%] [34m[1mGenerating Python code for ROS interfaces[0m
[ 79%] Built target msg_interfaces__py
[35m[1mScanning dependencies of target msg_interfaces__python[0m
[ 82%] [32mBuilding C object CMakeFiles/msg_interfaces__python.dir/rosidl_generator_py/msg_interfaces/msg/_vox_grid_s.c.o[0m
[ 86%] [32m[1mLinking CXX shared library rosidl_generator_py/msg_interfaces/libmsg_interfaces__python.so[0m
[ 86%] Built target msg_interfaces__python
[35m[1mScanning dependencies of target msg_interfaces__rosidl_typesupport_fastrtps_c__pyext[0m
[35m[1mScanning dependencies of target msg_interfaces__rosidl_typesupport_c__pyext[0m
[ 89%] [32mBuilding C object CMakeFiles/msg_interfaces__rosidl_typesupport_c__pyext.dir/rosidl_generator_py/msg_interfaces/_msg_interfaces_s.ep.rosidl_typesupport_c.c.o[0m
[ 93%] [32mBuilding C object CMakeFiles/msg_interfaces__rosidl_typesupport_fastrtps_c__pyext.dir/rosidl_generator_py/msg_interfaces/_msg_interfaces_s.ep.rosidl_typesupport_fastrtps_c.c.o[0m
[ 96%] [32m[1mLinking CXX shared library rosidl_generator_py/msg_interfaces/msg_interfaces_s__rosidl_typesupport_fastrtps_c.cpython-36m-aarch64-linux-gnu.so[0m
[100%] [32m[1mLinking CXX shared library rosidl_generator_py/msg_interfaces/msg_interfaces_s__rosidl_typesupport_c.cpython-36m-aarch64-linux-gnu.so[0m
[100%] Built target msg_interfaces__rosidl_typesupport_c__pyext
[100%] Built target msg_interfaces__rosidl_typesupport_fastrtps_c__pyext
[  3%] Built target msg_interfaces__cpp
[ 13%] Built target msg_interfaces__rosidl_generator_c
[ 24%] Built target msg_interfaces__rosidl_typesupport_introspection_cpp
[ 34%] Built target msg_interfaces__rosidl_typesupport_fastrtps_cpp
[ 44%] Built target msg_interfaces__rosidl_typesupport_introspection_c
[ 65%] Built target msg_interfaces__rosidl_typesupport_fastrtps_c
[ 65%] Built target msg_interfaces__rosidl_typesupport_cpp
[ 75%] Built target msg_interfaces__rosidl_typesupport_c
[ 75%] Built target msg_interfaces
[ 79%] Built target msg_interfaces__py
[ 86%] Built target msg_interfaces__python
[ 93%] Built target msg_interfaces__rosidl_typesupport_fastrtps_c__pyext
[100%] Built target msg_interfaces__rosidl_typesupport_c__pyext
[36mInstall the project...[0m
-- Install configuration: ""
-- Execute custom install script
-- Symlinking: /home/administrator/eloquent_ws/install/msg_interfaces/share/ament_index/resource_index/rosidl_interfaces/msg_interfaces
-- Symlinking: /home/administrator/eloquent_ws/install/msg_interfaces/lib/libmsg_interfaces__rosidl_typesupport_c.so
-- Symlinking: /home/administrator/eloquent_ws/install/msg_interfaces/share/msg_interfaces/environment/library_path.sh
-- Symlinking: /home/administrator/eloquent_ws/install/msg_interfaces/share/msg_interfaces/environment/library_path.dsv
-- Symlinking: /home/administrator/eloquent_ws/install/msg_interfaces/lib/libmsg_interfaces__rosidl_typesupport_cpp.so
-- Symlinking: /home/administrator/eloquent_ws/install/msg_interfaces/include/msg_interfaces/msg/rosidl_typesupport_fastrtps_c__visibility_control.h
-- Symlinking: /home/administrator/eloquent_ws/install/msg_interfaces/include/msg_interfaces/msg/vox_grid__rosidl_typesupport_fastrtps_c.h
-- Symlinking: /home/administrator/eloquent_ws/install/msg_interfaces/lib/libmsg_interfaces__rosidl_typesupport_fastrtps_c.so
-- Symlinking: /home/administrator/eloquent_ws/install/msg_interfaces/include/msg_interfaces/msg/rosidl_generator_c__visibility_control.h
-- Symlinking: /home/administrator/eloquent_ws/install/msg_interfaces/include/msg_interfaces/msg/vox_grid.h
-- Symlinking: /home/administrator/eloquent_ws/install/msg_interfaces/include/msg_interfaces/msg/vox_grid__functions.h
-- Symlinking: /home/administrator/eloquent_ws/install/msg_interfaces/include/msg_interfaces/msg/vox_grid__struct.h
-- Symlinking: /home/administrator/eloquent_ws/install/msg_interfaces/include/msg_interfaces/msg/vox_grid__type_support.h
-- Symlinking: /home/administrator/eloquent_ws/install/msg_interfaces/lib/libmsg_interfaces__rosidl_generator_c.so
-- Symlinking: /home/administrator/eloquent_ws/install/msg_interfaces/include/msg_interfaces/msg/rosidl_typesupport_fastrtps_cpp__visibility_control.h
-- Symlinking: /home/administrator/eloquent_ws/install/msg_interfaces/include/msg_interfaces/msg/vox_grid__rosidl_typesupport_fastrtps_cpp.hpp
-- Symlinking: /home/administrator/eloquent_ws/install/msg_interfaces/lib/libmsg_interfaces__rosidl_typesupport_fastrtps_cpp.so
-- Symlinking: /home/administrator/eloquent_ws/install/msg_interfaces/include/msg_interfaces/msg/vox_grid.hpp
-- Symlinking: /home/administrator/eloquent_ws/install/msg_interfaces/include/msg_interfaces/msg/vox_grid__struct.hpp
-- Symlinking: /home/administrator/eloquent_ws/install/msg_interfaces/include/msg_interfaces/msg/vox_grid__traits.hpp
-- Symlinking: /home/administrator/eloquent_ws/install/msg_interfaces/include/msg_interfaces/msg/rosidl_typesupport_introspection_c__visibility_control.h
-- Symlinking: /home/administrator/eloquent_ws/install/msg_interfaces/include/msg_interfaces/msg/vox_grid__rosidl_typesupport_introspection_c.h
-- Symlinking: /home/administrator/eloquent_ws/install/msg_interfaces/lib/libmsg_interfaces__rosidl_typesupport_introspection_c.so
-- Symlinking: /home/administrator/eloquent_ws/install/msg_interfaces/include/msg_interfaces/msg/vox_grid__rosidl_typesupport_introspection_cpp.hpp
-- Symlinking: /home/administrator/eloquent_ws/install/msg_interfaces/lib/libmsg_interfaces__rosidl_typesupport_introspection_cpp.so
-- Symlinking: /home/administrator/eloquent_ws/install/msg_interfaces/share/msg_interfaces/environment/pythonpath.sh
-- Symlinking: /home/administrator/eloquent_ws/install/msg_interfaces/share/msg_interfaces/environment/pythonpath.dsv
-- Symlinking: /home/administrator/eloquent_ws/install/msg_interfaces/lib/python3.6/site-packages/msg_interfaces/__init__.py
-- Symlinking: /home/administrator/eloquent_ws/install/msg_interfaces/lib/python3.6/site-packages/msg_interfaces/msg/__init__.py
-- Symlinking: /home/administrator/eloquent_ws/install/msg_interfaces/lib/python3.6/site-packages/msg_interfaces/msg/_vox_grid.py
-- Symlinking: /home/administrator/eloquent_ws/install/msg_interfaces/lib/python3.6/site-packages/msg_interfaces/msg_interfaces_s__rosidl_typesupport_c.cpython-36m-aarch64-linux-gnu.so
-- Symlinking: /home/administrator/eloquent_ws/install/msg_interfaces/lib/python3.6/site-packages/msg_interfaces/msg_interfaces_s__rosidl_typesupport_fastrtps_c.cpython-36m-aarch64-linux-gnu.so
-- Symlinking: /home/administrator/eloquent_ws/install/msg_interfaces/lib/libmsg_interfaces__python.so
-- Symlinking: /home/administrator/eloquent_ws/install/msg_interfaces/share/msg_interfaces/msg/VoxGrid.idl
-- Symlinking: /home/administrator/eloquent_ws/install/msg_interfaces/share/msg_interfaces/msg/VoxGrid.msg
-- Symlinking: /home/administrator/eloquent_ws/install/msg_interfaces/share/ament_index/resource_index/package_run_dependencies/msg_interfaces
-- Symlinking: /home/administrator/eloquent_ws/install/msg_interfaces/share/ament_index/resource_index/parent_prefix_path/msg_interfaces
-- Symlinking: /home/administrator/eloquent_ws/install/msg_interfaces/share/msg_interfaces/environment/ament_prefix_path.sh
-- Symlinking: /home/administrator/eloquent_ws/install/msg_interfaces/share/msg_interfaces/environment/ament_prefix_path.dsv
-- Symlinking: /home/administrator/eloquent_ws/install/msg_interfaces/share/msg_interfaces/environment/path.sh
-- Symlinking: /home/administrator/eloquent_ws/install/msg_interfaces/share/msg_interfaces/environment/path.dsv
-- Symlinking: /home/administrator/eloquent_ws/install/msg_interfaces/share/msg_interfaces/local_setup.bash
-- Symlinking: /home/administrator/eloquent_ws/install/msg_interfaces/share/msg_interfaces/local_setup.sh
-- Symlinking: /home/administrator/eloquent_ws/install/msg_interfaces/share/msg_interfaces/local_setup.zsh
-- Symlinking: /home/administrator/eloquent_ws/install/msg_interfaces/share/msg_interfaces/local_setup.dsv
-- Symlinking: /home/administrator/eloquent_ws/install/msg_interfaces/share/msg_interfaces/package.dsv
-- Symlinking: /home/administrator/eloquent_ws/install/msg_interfaces/share/ament_index/resource_index/packages/msg_interfaces
-- Symlinking: /home/administrator/eloquent_ws/install/msg_interfaces/share/msg_interfaces/cmake/rosidl_cmake-extras.cmake
-- Symlinking: /home/administrator/eloquent_ws/install/msg_interfaces/share/msg_interfaces/cmake/ament_cmake_export_dependencies-extras.cmake
-- Symlinking: /home/administrator/eloquent_ws/install/msg_interfaces/share/msg_interfaces/cmake/ament_cmake_export_libraries-extras.cmake
-- Symlinking: /home/administrator/eloquent_ws/install/msg_interfaces/share/msg_interfaces/cmake/ament_cmake_export_include_directories-extras.cmake
-- Symlinking: /home/administrator/eloquent_ws/install/msg_interfaces/share/msg_interfaces/cmake/msg_interfacesConfig.cmake
-- Symlinking: /home/administrator/eloquent_ws/install/msg_interfaces/share/msg_interfaces/cmake/msg_interfacesConfig-version.cmake
-- Symlinking: /home/administrator/eloquent_ws/install/msg_interfaces/share/msg_interfaces/package.xml
Compiling '/home/administrator/eloquent_ws/install/msg_interfaces/lib/python3.6/site-packages/msg_interfaces/__init__.py'...
