[0.043s] Invoking command in '/home/administrator/eloquent_ws/build/msg_interfaces': CMAKE_PREFIX_PATH=/opt/ros/eloquent:${CMAKE_PREFIX_PATH} /usr/bin/cmake /home/administrator/eloquent_ws/src/msg_interfaces -DAMENT_CMAKE_SYMLINK_INSTALL=1 -DCMAKE_INSTALL_PREFIX=/home/administrator/eloquent_ws/install/msg_interfaces
[0.237s] -- The C compiler identification is GNU 7.5.0
[0.388s] -- The CXX compiler identification is GNU 7.5.0
[0.400s] -- Check for working C compiler: /usr/bin/cc
[0.601s] -- Check for working C compiler: /usr/bin/cc -- works
[0.604s] -- Detecting C compiler ABI info
[0.815s] -- Detecting C compiler ABI info - done
[0.852s] -- Detecting C compile features
[1.442s] -- Detecting C compile features - done
[1.450s] -- Check for working CXX compiler: /usr/bin/c++
[1.660s] -- Check for working CXX compiler: /usr/bin/c++ -- works
[1.663s] -- Detecting CXX compiler ABI info
[1.874s] -- Detecting CXX compiler ABI info - done
[1.893s] -- Detecting CXX compile features
[2.836s] -- Detecting CXX compile features - done
[2.844s] -- Found ament_cmake: 0.8.3 (/opt/ros/eloquent/share/ament_cmake/cmake)
[2.933s] -- Found PythonInterp: /usr/bin/python3 (found suitable version "3.6.9", minimum required is "3") 
[2.934s] -- Using PYTHON_EXECUTABLE: /usr/bin/python3
[3.490s] -- Override CMake install command with custom implementation using symlinks instead of copying resources
[3.555s] -- Found rosidl_default_generators: 0.8.0 (/opt/ros/eloquent/share/rosidl_default_generators/cmake)
[3.846s] -- Found OpenSSL: /usr/lib/aarch64-linux-gnu/libcrypto.so (found version "1.1.1") 
[3.907s] -- Found FastRTPS: /opt/ros/eloquent/include  
[3.955s] -- Found rosidl_adapter: 0.8.3 (/opt/ros/eloquent/share/rosidl_adapter/cmake)
[4.174s] -- Found geometry_msgs: 0.8.1 (/opt/ros/eloquent/share/geometry_msgs/cmake)
[4.316s] -- Found PythonInterp: /usr/bin/python3 (found version "3.6.9") 
[4.929s] -- Using single matching rosidl_typesupport_c: rosidl_typesupport_fastrtps_c
[5.066s] -- Using single matching rosidl_typesupport_cpp: rosidl_typesupport_fastrtps_cpp
[6.050s] -- Found rmw_implementation_cmake: 0.8.1 (/opt/ros/eloquent/share/rmw_implementation_cmake/cmake)
[6.126s] -- Found PythonInterp: /usr/bin/python3 (found suitable version "3.6.9", minimum required is "3.5") 
[6.130s] -- Found python_cmake_module: 0.8.0 (/opt/ros/eloquent/share/python_cmake_module/cmake)
[6.215s] -- Found PythonLibs: /usr/lib/aarch64-linux-gnu/libpython3.6m.so (found suitable version "3.6.9", minimum required is "3.5") 
[6.217s] -- Using PYTHON_EXECUTABLE: /usr/bin/python3
[6.217s] -- Using PYTHON_INCLUDE_DIRS: /usr/include/python3.6m
[6.218s] -- Using PYTHON_LIBRARIES: /usr/lib/aarch64-linux-gnu/libpython3.6m.so
[6.290s] -- Found PythonExtra: .so  
[6.766s] -- Found ament_lint_auto: 0.8.2 (/opt/ros/eloquent/share/ament_lint_auto/cmake)
[6.841s] -- Added test 'lint_cmake' to check CMake code style
[6.845s] -- Added test 'xmllint' to check XML markup files
[6.861s] -- Configuring done
[7.213s] -- Generating done
[7.225s] -- Build files have been written to: /home/administrator/eloquent_ws/build/msg_interfaces
[7.239s] Invoked command in '/home/administrator/eloquent_ws/build/msg_interfaces' returned '0': CMAKE_PREFIX_PATH=/opt/ros/eloquent:${CMAKE_PREFIX_PATH} /usr/bin/cmake /home/administrator/eloquent_ws/src/msg_interfaces -DAMENT_CMAKE_SYMLINK_INSTALL=1 -DCMAKE_INSTALL_PREFIX=/home/administrator/eloquent_ws/install/msg_interfaces
[7.249s] Invoking command in '/home/administrator/eloquent_ws/build/msg_interfaces': CMAKE_PREFIX_PATH=/opt/ros/eloquent:${CMAKE_PREFIX_PATH} /usr/bin/cmake --build /home/administrator/eloquent_ws/build/msg_interfaces -- -j8 -l8
[7.378s] [35m[1mScanning dependencies of target msg_interfaces__cpp[0m
[7.388s] [  3%] [34m[1mGenerating C code for ROS interfaces[0m
[7.415s] [  6%] [34m[1mGenerating C++ code for ROS interfaces[0m
[8.583s] [  6%] Built target msg_interfaces__cpp
[8.621s] [ 13%] [34m[1mGenerating C++ type support for eProsima Fast-RTPS[0m
[8.622s] [ 13%] [34m[1mGenerating C++ introspection for ROS interfaces[0m
[8.678s] [35m[1mScanning dependencies of target msg_interfaces__rosidl_generator_c[0m
[8.722s] [ 17%] [32mBuilding C object CMakeFiles/msg_interfaces__rosidl_generator_c.dir/rosidl_generator_c/msg_interfaces/msg/vox_grid__functions.c.o[0m
[8.849s] [ 20%] [32m[1mLinking C shared library libmsg_interfaces__rosidl_generator_c.so[0m
[8.977s] [ 20%] Built target msg_interfaces__rosidl_generator_c
[9.020s] [ 24%] [34m[1mGenerating C introspection for ROS interfaces[0m
[9.843s] [35m[1mScanning dependencies of target msg_interfaces__rosidl_typesupport_introspection_cpp[0m
[9.882s] [35m[1mScanning dependencies of target msg_interfaces__rosidl_typesupport_fastrtps_cpp[0m
[9.891s] [ 27%] [32mBuilding CXX object CMakeFiles/msg_interfaces__rosidl_typesupport_introspection_cpp.dir/rosidl_typesupport_introspection_cpp/msg_interfaces/msg/vox_grid__type_support.cpp.o[0m
[9.943s] [ 31%] [32mBuilding CXX object CMakeFiles/msg_interfaces__rosidl_typesupport_fastrtps_cpp.dir/rosidl_typesupport_fastrtps_cpp/msg_interfaces/msg/dds_fastrtps/vox_grid__type_support.cpp.o[0m
[10.256s] [35m[1mScanning dependencies of target msg_interfaces__rosidl_typesupport_introspection_c[0m
[10.314s] [ 34%] [32mBuilding C object CMakeFiles/msg_interfaces__rosidl_typesupport_introspection_c.dir/rosidl_typesupport_introspection_c/msg_interfaces/msg/vox_grid__type_support.c.o[0m
[10.426s] [ 37%] [32m[1mLinking C shared library libmsg_interfaces__rosidl_typesupport_introspection_c.so[0m
[10.550s] [ 37%] Built target msg_interfaces__rosidl_typesupport_introspection_c
[10.874s] [ 41%] [32m[1mLinking CXX shared library libmsg_interfaces__rosidl_typesupport_introspection_cpp.so[0m
[11.067s] [ 41%] Built target msg_interfaces__rosidl_typesupport_introspection_cpp
[11.343s] [ 44%] [32m[1mLinking CXX shared library libmsg_interfaces__rosidl_typesupport_fastrtps_cpp.so[0m
[11.551s] [ 44%] Built target msg_interfaces__rosidl_typesupport_fastrtps_cpp
[11.590s] [ 48%] [34m[1mGenerating C type support for eProsima Fast-RTPS[0m
[11.591s] [ 51%] [34m[1mGenerating C++ type support dispatch for ROS interfaces[0m
[12.662s] [35m[1mScanning dependencies of target msg_interfaces__rosidl_typesupport_cpp[0m
[12.710s] [ 55%] [32mBuilding CXX object CMakeFiles/msg_interfaces__rosidl_typesupport_cpp.dir/rosidl_typesupport_cpp/msg_interfaces/msg/vox_grid__type_support.cpp.o[0m
[12.785s] [35m[1mScanning dependencies of target msg_interfaces__rosidl_typesupport_fastrtps_c[0m
[12.839s] [ 58%] [32mBuilding CXX object CMakeFiles/msg_interfaces__rosidl_typesupport_fastrtps_c.dir/rosidl_typesupport_fastrtps_c/msg_interfaces/msg/vox_grid__type_support_c.cpp.o[0m
[13.846s] [ 62%] [32m[1mLinking CXX shared library libmsg_interfaces__rosidl_typesupport_fastrtps_c.so[0m
[13.875s] [ 65%] [32m[1mLinking CXX shared library libmsg_interfaces__rosidl_typesupport_cpp.so[0m
[14.096s] [ 65%] Built target msg_interfaces__rosidl_typesupport_fastrtps_c
[14.109s] [ 65%] Built target msg_interfaces__rosidl_typesupport_cpp
[14.131s] [ 68%] [34m[1mGenerating C type support dispatch for ROS interfaces[0m
[15.223s] [35m[1mScanning dependencies of target msg_interfaces__rosidl_typesupport_c[0m
[15.266s] [ 72%] [32mBuilding CXX object CMakeFiles/msg_interfaces__rosidl_typesupport_c.dir/rosidl_typesupport_c/msg_interfaces/msg/vox_grid__type_support.cpp.o[0m
[15.357s] [ 75%] [32m[1mLinking CXX shared library libmsg_interfaces__rosidl_typesupport_c.so[0m
[15.519s] [ 75%] Built target msg_interfaces__rosidl_typesupport_c
[15.550s] [35m[1mScanning dependencies of target msg_interfaces[0m
[15.582s] [ 75%] Built target msg_interfaces
[15.618s] [35m[1mScanning dependencies of target msg_interfaces__py[0m
[15.657s] [ 79%] [34m[1mGenerating Python code for ROS interfaces[0m
[17.731s] [ 79%] Built target msg_interfaces__py
[17.768s] [35m[1mScanning dependencies of target msg_interfaces__python[0m
[17.851s] [ 82%] [32mBuilding C object CMakeFiles/msg_interfaces__python.dir/rosidl_generator_py/msg_interfaces/msg/_vox_grid_s.c.o[0m
[18.191s] [ 86%] [32m[1mLinking CXX shared library rosidl_generator_py/msg_interfaces/libmsg_interfaces__python.so[0m
[18.380s] [ 86%] Built target msg_interfaces__python
[18.415s] [35m[1mScanning dependencies of target msg_interfaces__rosidl_typesupport_fastrtps_c__pyext[0m
[18.415s] [35m[1mScanning dependencies of target msg_interfaces__rosidl_typesupport_c__pyext[0m
[18.491s] [ 89%] [32mBuilding C object CMakeFiles/msg_interfaces__rosidl_typesupport_c__pyext.dir/rosidl_generator_py/msg_interfaces/_msg_interfaces_s.ep.rosidl_typesupport_c.c.o[0m
[18.494s] [ 93%] [32mBuilding C object CMakeFiles/msg_interfaces__rosidl_typesupport_fastrtps_c__pyext.dir/rosidl_generator_py/msg_interfaces/_msg_interfaces_s.ep.rosidl_typesupport_fastrtps_c.c.o[0m
[18.721s] [ 96%] [32m[1mLinking CXX shared library rosidl_generator_py/msg_interfaces/msg_interfaces_s__rosidl_typesupport_fastrtps_c.cpython-36m-aarch64-linux-gnu.so[0m
[18.722s] [100%] [32m[1mLinking CXX shared library rosidl_generator_py/msg_interfaces/msg_interfaces_s__rosidl_typesupport_c.cpython-36m-aarch64-linux-gnu.so[0m
[18.957s] [100%] Built target msg_interfaces__rosidl_typesupport_c__pyext
[18.962s] [100%] Built target msg_interfaces__rosidl_typesupport_fastrtps_c__pyext
[18.996s] Invoked command in '/home/administrator/eloquent_ws/build/msg_interfaces' returned '0': CMAKE_PREFIX_PATH=/opt/ros/eloquent:${CMAKE_PREFIX_PATH} /usr/bin/cmake --build /home/administrator/eloquent_ws/build/msg_interfaces -- -j8 -l8
[19.187s] Invoking command in '/home/administrator/eloquent_ws/build/msg_interfaces': CMAKE_PREFIX_PATH=/opt/ros/eloquent:${CMAKE_PREFIX_PATH} /usr/bin/cmake --build /home/administrator/eloquent_ws/build/msg_interfaces --target install -- -j8 -l8
[19.361s] [  3%] Built target msg_interfaces__cpp
[19.382s] [ 13%] Built target msg_interfaces__rosidl_generator_c
[19.442s] [ 24%] Built target msg_interfaces__rosidl_typesupport_introspection_cpp
[19.460s] [ 34%] Built target msg_interfaces__rosidl_typesupport_fastrtps_cpp
[19.473s] [ 44%] Built target msg_interfaces__rosidl_typesupport_introspection_c
[19.555s] [ 65%] Built target msg_interfaces__rosidl_typesupport_fastrtps_c
[19.556s] [ 65%] Built target msg_interfaces__rosidl_typesupport_cpp
[19.644s] [ 75%] Built target msg_interfaces__rosidl_typesupport_c
[19.708s] [ 75%] Built target msg_interfaces
[19.775s] [ 79%] Built target msg_interfaces__py
[19.859s] [ 86%] Built target msg_interfaces__python
[19.948s] [ 93%] Built target msg_interfaces__rosidl_typesupport_fastrtps_c__pyext
[19.949s] [100%] Built target msg_interfaces__rosidl_typesupport_c__pyext
[20.007s] [36mInstall the project...[0m
[20.033s] -- Install configuration: ""
[20.035s] -- Execute custom install script
[20.037s] -- Symlinking: /home/administrator/eloquent_ws/install/msg_interfaces/share/ament_index/resource_index/rosidl_interfaces/msg_interfaces
[20.065s] -- Symlinking: /home/administrator/eloquent_ws/install/msg_interfaces/lib/libmsg_interfaces__rosidl_typesupport_c.so
[20.093s] -- Symlinking: /home/administrator/eloquent_ws/install/msg_interfaces/share/msg_interfaces/environment/library_path.sh
[20.120s] -- Symlinking: /home/administrator/eloquent_ws/install/msg_interfaces/share/msg_interfaces/environment/library_path.dsv
[20.147s] -- Symlinking: /home/administrator/eloquent_ws/install/msg_interfaces/lib/libmsg_interfaces__rosidl_typesupport_cpp.so
[20.178s] -- Symlinking: /home/administrator/eloquent_ws/install/msg_interfaces/include/msg_interfaces/msg/rosidl_typesupport_fastrtps_c__visibility_control.h
[20.204s] -- Symlinking: /home/administrator/eloquent_ws/install/msg_interfaces/include/msg_interfaces/msg/vox_grid__rosidl_typesupport_fastrtps_c.h
[20.233s] -- Symlinking: /home/administrator/eloquent_ws/install/msg_interfaces/lib/libmsg_interfaces__rosidl_typesupport_fastrtps_c.so
[20.261s] -- Symlinking: /home/administrator/eloquent_ws/install/msg_interfaces/include/msg_interfaces/msg/rosidl_generator_c__visibility_control.h
[20.287s] -- Symlinking: /home/administrator/eloquent_ws/install/msg_interfaces/include/msg_interfaces/msg/vox_grid.h
[20.315s] -- Symlinking: /home/administrator/eloquent_ws/install/msg_interfaces/include/msg_interfaces/msg/vox_grid__functions.h
[20.339s] -- Symlinking: /home/administrator/eloquent_ws/install/msg_interfaces/include/msg_interfaces/msg/vox_grid__struct.h
[20.366s] -- Symlinking: /home/administrator/eloquent_ws/install/msg_interfaces/include/msg_interfaces/msg/vox_grid__type_support.h
[20.394s] -- Symlinking: /home/administrator/eloquent_ws/install/msg_interfaces/lib/libmsg_interfaces__rosidl_generator_c.so
[20.424s] -- Symlinking: /home/administrator/eloquent_ws/install/msg_interfaces/include/msg_interfaces/msg/rosidl_typesupport_fastrtps_cpp__visibility_control.h
[20.450s] -- Symlinking: /home/administrator/eloquent_ws/install/msg_interfaces/include/msg_interfaces/msg/vox_grid__rosidl_typesupport_fastrtps_cpp.hpp
[20.478s] -- Symlinking: /home/administrator/eloquent_ws/install/msg_interfaces/lib/libmsg_interfaces__rosidl_typesupport_fastrtps_cpp.so
[20.507s] -- Symlinking: /home/administrator/eloquent_ws/install/msg_interfaces/include/msg_interfaces/msg/vox_grid.hpp
[20.537s] -- Symlinking: /home/administrator/eloquent_ws/install/msg_interfaces/include/msg_interfaces/msg/vox_grid__struct.hpp
[20.565s] -- Symlinking: /home/administrator/eloquent_ws/install/msg_interfaces/include/msg_interfaces/msg/vox_grid__traits.hpp
[20.594s] -- Symlinking: /home/administrator/eloquent_ws/install/msg_interfaces/include/msg_interfaces/msg/rosidl_typesupport_introspection_c__visibility_control.h
[20.621s] -- Symlinking: /home/administrator/eloquent_ws/install/msg_interfaces/include/msg_interfaces/msg/vox_grid__rosidl_typesupport_introspection_c.h
[20.648s] -- Symlinking: /home/administrator/eloquent_ws/install/msg_interfaces/lib/libmsg_interfaces__rosidl_typesupport_introspection_c.so
[20.676s] -- Symlinking: /home/administrator/eloquent_ws/install/msg_interfaces/include/msg_interfaces/msg/vox_grid__rosidl_typesupport_introspection_cpp.hpp
[20.702s] -- Symlinking: /home/administrator/eloquent_ws/install/msg_interfaces/lib/libmsg_interfaces__rosidl_typesupport_introspection_cpp.so
[20.730s] -- Symlinking: /home/administrator/eloquent_ws/install/msg_interfaces/share/msg_interfaces/environment/pythonpath.sh
[20.757s] -- Symlinking: /home/administrator/eloquent_ws/install/msg_interfaces/share/msg_interfaces/environment/pythonpath.dsv
[20.787s] -- Symlinking: /home/administrator/eloquent_ws/install/msg_interfaces/lib/python3.6/site-packages/msg_interfaces/__init__.py
[20.816s] -- Symlinking: /home/administrator/eloquent_ws/install/msg_interfaces/lib/python3.6/site-packages/msg_interfaces/msg/__init__.py
[20.843s] -- Symlinking: /home/administrator/eloquent_ws/install/msg_interfaces/lib/python3.6/site-packages/msg_interfaces/msg/_vox_grid.py
[20.870s] -- Symlinking: /home/administrator/eloquent_ws/install/msg_interfaces/lib/python3.6/site-packages/msg_interfaces/msg_interfaces_s__rosidl_typesupport_c.cpython-36m-aarch64-linux-gnu.so
[20.898s] -- Symlinking: /home/administrator/eloquent_ws/install/msg_interfaces/lib/python3.6/site-packages/msg_interfaces/msg_interfaces_s__rosidl_typesupport_fastrtps_c.cpython-36m-aarch64-linux-gnu.so
[20.927s] -- Symlinking: /home/administrator/eloquent_ws/install/msg_interfaces/lib/libmsg_interfaces__python.so
[20.952s] -- Symlinking: /home/administrator/eloquent_ws/install/msg_interfaces/share/msg_interfaces/msg/VoxGrid.idl
[20.979s] -- Symlinking: /home/administrator/eloquent_ws/install/msg_interfaces/share/msg_interfaces/msg/VoxGrid.msg
[21.006s] -- Symlinking: /home/administrator/eloquent_ws/install/msg_interfaces/share/ament_index/resource_index/package_run_dependencies/msg_interfaces
[21.033s] -- Symlinking: /home/administrator/eloquent_ws/install/msg_interfaces/share/ament_index/resource_index/parent_prefix_path/msg_interfaces
[21.059s] -- Symlinking: /home/administrator/eloquent_ws/install/msg_interfaces/share/msg_interfaces/environment/ament_prefix_path.sh
[21.085s] -- Symlinking: /home/administrator/eloquent_ws/install/msg_interfaces/share/msg_interfaces/environment/ament_prefix_path.dsv
[21.112s] -- Symlinking: /home/administrator/eloquent_ws/install/msg_interfaces/share/msg_interfaces/environment/path.sh
[21.139s] -- Symlinking: /home/administrator/eloquent_ws/install/msg_interfaces/share/msg_interfaces/environment/path.dsv
[21.165s] -- Symlinking: /home/administrator/eloquent_ws/install/msg_interfaces/share/msg_interfaces/local_setup.bash
[21.193s] -- Symlinking: /home/administrator/eloquent_ws/install/msg_interfaces/share/msg_interfaces/local_setup.sh
[21.220s] -- Symlinking: /home/administrator/eloquent_ws/install/msg_interfaces/share/msg_interfaces/local_setup.zsh
[21.247s] -- Symlinking: /home/administrator/eloquent_ws/install/msg_interfaces/share/msg_interfaces/local_setup.dsv
[21.273s] -- Symlinking: /home/administrator/eloquent_ws/install/msg_interfaces/share/msg_interfaces/package.dsv
[21.302s] -- Symlinking: /home/administrator/eloquent_ws/install/msg_interfaces/share/ament_index/resource_index/packages/msg_interfaces
[21.332s] -- Symlinking: /home/administrator/eloquent_ws/install/msg_interfaces/share/msg_interfaces/cmake/rosidl_cmake-extras.cmake
[21.355s] -- Symlinking: /home/administrator/eloquent_ws/install/msg_interfaces/share/msg_interfaces/cmake/ament_cmake_export_dependencies-extras.cmake
[21.383s] -- Symlinking: /home/administrator/eloquent_ws/install/msg_interfaces/share/msg_interfaces/cmake/ament_cmake_export_libraries-extras.cmake
[21.408s] -- Symlinking: /home/administrator/eloquent_ws/install/msg_interfaces/share/msg_interfaces/cmake/ament_cmake_export_include_directories-extras.cmake
[21.434s] -- Symlinking: /home/administrator/eloquent_ws/install/msg_interfaces/share/msg_interfaces/cmake/msg_interfacesConfig.cmake
[21.462s] -- Symlinking: /home/administrator/eloquent_ws/install/msg_interfaces/share/msg_interfaces/cmake/msg_interfacesConfig-version.cmake
[21.489s] -- Symlinking: /home/administrator/eloquent_ws/install/msg_interfaces/share/msg_interfaces/package.xml
[21.627s] Compiling '/home/administrator/eloquent_ws/install/msg_interfaces/lib/python3.6/site-packages/msg_interfaces/__init__.py'...
[21.654s] Invoked command in '/home/administrator/eloquent_ws/build/msg_interfaces' returned '0': CMAKE_PREFIX_PATH=/opt/ros/eloquent:${CMAKE_PREFIX_PATH} /usr/bin/cmake --build /home/administrator/eloquent_ws/build/msg_interfaces --target install -- -j8 -l8
