[0.877s] DEBUG:colcon:Command line arguments: ['/usr/bin/colcon', 'build', '--symlink-install', '--packages-select', 'deep_sogm']
[0.878s] DEBUG:colcon:Parsed command line arguments: Namespace(ament_cmake_args=None, base_paths=['.'], build_base='build', catkin_cmake_args=None, catkin_skip_building_tests=False, cmake_args=None, cmake_clean_cache=False, cmake_clean_first=False, cmake_force_configure=False, cmake_target=None, cmake_target_skip_unavailable=False, continue_on_error=False, event_handlers=None, executor='parallel', ignore_user_meta=False, install_base='install', log_base=None, log_level=None, main=<bound method BuildVerb.main of <colcon_core.verb.build.BuildVerb object at 0x7f972e7c88>>, merge_install=False, metas=['./colcon.meta'], packages_above=None, packages_above_and_dependencies=None, packages_above_depth=None, packages_end=None, packages_ignore=None, packages_ignore_regex=None, packages_select=['deep_sogm'], packages_select_build_failed=False, packages_select_by_dep=None, packages_select_regex=None, packages_select_test_failures=False, packages_skip=None, packages_skip_build_finished=False, packages_skip_by_dep=None, packages_skip_regex=None, packages_skip_test_passed=False, packages_skip_up_to=None, packages_start=None, packages_up_to=None, packages_up_to_regex=None, parallel_workers=8, paths=None, symlink_install=True, test_result_base=None, verb_extension=<colcon_core.verb.build.BuildVerb object at 0x7f972e7c88>, verb_name='build', verb_parser=<colcon_defaults.argument_parser.defaults.DefaultArgumentsDecorator object at 0x7f97279048>)
[0.895s] Level 1:colcon.colcon_core.package_discovery:discover_packages(colcon_meta) check parameters
[0.895s] Level 1:colcon.colcon_core.package_discovery:discover_packages(recursive) check parameters
[0.895s] Level 1:colcon.colcon_core.package_discovery:discover_packages(ignore) check parameters
[0.895s] Level 1:colcon.colcon_core.package_discovery:discover_packages(path) check parameters
[0.895s] Level 1:colcon.colcon_core.package_discovery:discover_packages(colcon_meta) discover
[0.897s] Level 1:colcon.colcon_core.package_discovery:discover_packages(recursive) discover
[0.897s] INFO:colcon.colcon_core.package_discovery:Crawling recursively for packages in '/home/administrator/eloquent_ws'
[0.897s] Level 1:colcon.colcon_core.package_identification:_identify(.) by extensions ['ignore', 'ignore_ament_install']
[0.898s] Level 1:colcon.colcon_core.package_identification:_identify(.) by extension 'ignore'
[0.898s] Level 1:colcon.colcon_core.package_identification:_identify(.) by extension 'ignore_ament_install'
[0.898s] Level 1:colcon.colcon_core.package_identification:_identify(.) by extensions ['colcon_pkg']
[0.898s] Level 1:colcon.colcon_core.package_identification:_identify(.) by extension 'colcon_pkg'
[0.898s] Level 1:colcon.colcon_core.package_identification:_identify(.) by extensions ['colcon_meta']
[0.899s] Level 1:colcon.colcon_core.package_identification:_identify(.) by extension 'colcon_meta'
[0.899s] Level 1:colcon.colcon_core.package_identification:_identify(.) by extensions ['ros']
[0.899s] Level 1:colcon.colcon_core.package_identification:_identify(.) by extension 'ros'
[0.937s] Level 1:colcon.colcon_core.package_identification:_identify(.) by extensions ['cmake', 'python']
[0.938s] Level 1:colcon.colcon_core.package_identification:_identify(.) by extension 'cmake'
[0.938s] Level 1:colcon.colcon_core.package_identification:_identify(.) by extension 'python'
[0.938s] Level 1:colcon.colcon_core.package_identification:_identify(.) by extensions ['python_setup_py']
[0.938s] Level 1:colcon.colcon_core.package_identification:_identify(.) by extension 'python_setup_py'
[0.939s] Level 1:colcon.colcon_core.package_identification:_identify(build) by extensions ['ignore', 'ignore_ament_install']
[0.939s] Level 1:colcon.colcon_core.package_identification:_identify(build) by extension 'ignore'
[0.940s] Level 1:colcon.colcon_core.package_identification:_identify(build) ignored
[0.941s] Level 1:colcon.colcon_core.package_identification:_identify(install) by extensions ['ignore', 'ignore_ament_install']
[0.941s] Level 1:colcon.colcon_core.package_identification:_identify(install) by extension 'ignore'
[0.942s] Level 1:colcon.colcon_core.package_identification:_identify(install) ignored
[0.942s] Level 1:colcon.colcon_core.package_identification:_identify(kernels) by extensions ['ignore', 'ignore_ament_install']
[0.942s] Level 1:colcon.colcon_core.package_identification:_identify(kernels) by extension 'ignore'
[0.943s] Level 1:colcon.colcon_core.package_identification:_identify(kernels) by extension 'ignore_ament_install'
[0.943s] Level 1:colcon.colcon_core.package_identification:_identify(kernels) by extensions ['colcon_pkg']
[0.943s] Level 1:colcon.colcon_core.package_identification:_identify(kernels) by extension 'colcon_pkg'
[0.943s] Level 1:colcon.colcon_core.package_identification:_identify(kernels) by extensions ['colcon_meta']
[0.944s] Level 1:colcon.colcon_core.package_identification:_identify(kernels) by extension 'colcon_meta'
[0.944s] Level 1:colcon.colcon_core.package_identification:_identify(kernels) by extensions ['ros']
[0.944s] Level 1:colcon.colcon_core.package_identification:_identify(kernels) by extension 'ros'
[0.944s] Level 1:colcon.colcon_core.package_identification:_identify(kernels) by extensions ['cmake', 'python']
[0.945s] Level 1:colcon.colcon_core.package_identification:_identify(kernels) by extension 'cmake'
[0.945s] Level 1:colcon.colcon_core.package_identification:_identify(kernels) by extension 'python'
[0.945s] Level 1:colcon.colcon_core.package_identification:_identify(kernels) by extensions ['python_setup_py']
[0.945s] Level 1:colcon.colcon_core.package_identification:_identify(kernels) by extension 'python_setup_py'
[0.946s] Level 1:colcon.colcon_core.package_identification:_identify(kernels/dispositions) by extensions ['ignore', 'ignore_ament_install']
[0.946s] Level 1:colcon.colcon_core.package_identification:_identify(kernels/dispositions) by extension 'ignore'
[0.946s] Level 1:colcon.colcon_core.package_identification:_identify(kernels/dispositions) by extension 'ignore_ament_install'
[0.946s] Level 1:colcon.colcon_core.package_identification:_identify(kernels/dispositions) by extensions ['colcon_pkg']
[0.947s] Level 1:colcon.colcon_core.package_identification:_identify(kernels/dispositions) by extension 'colcon_pkg'
[0.947s] Level 1:colcon.colcon_core.package_identification:_identify(kernels/dispositions) by extensions ['colcon_meta']
[0.947s] Level 1:colcon.colcon_core.package_identification:_identify(kernels/dispositions) by extension 'colcon_meta'
[0.947s] Level 1:colcon.colcon_core.package_identification:_identify(kernels/dispositions) by extensions ['ros']
[0.947s] Level 1:colcon.colcon_core.package_identification:_identify(kernels/dispositions) by extension 'ros'
[0.947s] Level 1:colcon.colcon_core.package_identification:_identify(kernels/dispositions) by extensions ['cmake', 'python']
[0.948s] Level 1:colcon.colcon_core.package_identification:_identify(kernels/dispositions) by extension 'cmake'
[0.948s] Level 1:colcon.colcon_core.package_identification:_identify(kernels/dispositions) by extension 'python'
[0.948s] Level 1:colcon.colcon_core.package_identification:_identify(kernels/dispositions) by extensions ['python_setup_py']
[0.948s] Level 1:colcon.colcon_core.package_identification:_identify(kernels/dispositions) by extension 'python_setup_py'
[0.949s] Level 1:colcon.colcon_core.package_identification:_identify(log) by extensions ['ignore', 'ignore_ament_install']
[0.949s] Level 1:colcon.colcon_core.package_identification:_identify(log) by extension 'ignore'
[0.949s] Level 1:colcon.colcon_core.package_identification:_identify(log) ignored
[0.949s] Level 1:colcon.colcon_core.package_identification:_identify(src) by extensions ['ignore', 'ignore_ament_install']
[0.950s] Level 1:colcon.colcon_core.package_identification:_identify(src) by extension 'ignore'
[0.950s] Level 1:colcon.colcon_core.package_identification:_identify(src) by extension 'ignore_ament_install'
[0.950s] Level 1:colcon.colcon_core.package_identification:_identify(src) by extensions ['colcon_pkg']
[0.950s] Level 1:colcon.colcon_core.package_identification:_identify(src) by extension 'colcon_pkg'
[0.950s] Level 1:colcon.colcon_core.package_identification:_identify(src) by extensions ['colcon_meta']
[0.951s] Level 1:colcon.colcon_core.package_identification:_identify(src) by extension 'colcon_meta'
[0.951s] Level 1:colcon.colcon_core.package_identification:_identify(src) by extensions ['ros']
[0.951s] Level 1:colcon.colcon_core.package_identification:_identify(src) by extension 'ros'
[0.951s] Level 1:colcon.colcon_core.package_identification:_identify(src) by extensions ['cmake', 'python']
[0.951s] Level 1:colcon.colcon_core.package_identification:_identify(src) by extension 'cmake'
[0.951s] Level 1:colcon.colcon_core.package_identification:_identify(src) by extension 'python'
[0.952s] Level 1:colcon.colcon_core.package_identification:_identify(src) by extensions ['python_setup_py']
[0.952s] Level 1:colcon.colcon_core.package_identification:_identify(src) by extension 'python_setup_py'
[0.952s] Level 1:colcon.colcon_core.package_identification:_identify(src/deep_sogm) by extensions ['ignore', 'ignore_ament_install']
[0.952s] Level 1:colcon.colcon_core.package_identification:_identify(src/deep_sogm) by extension 'ignore'
[0.953s] Level 1:colcon.colcon_core.package_identification:_identify(src/deep_sogm) by extension 'ignore_ament_install'
[0.953s] Level 1:colcon.colcon_core.package_identification:_identify(src/deep_sogm) by extensions ['colcon_pkg']
[0.953s] Level 1:colcon.colcon_core.package_identification:_identify(src/deep_sogm) by extension 'colcon_pkg'
[0.953s] Level 1:colcon.colcon_core.package_identification:_identify(src/deep_sogm) by extensions ['colcon_meta']
[0.953s] Level 1:colcon.colcon_core.package_identification:_identify(src/deep_sogm) by extension 'colcon_meta'
[0.953s] Level 1:colcon.colcon_core.package_identification:_identify(src/deep_sogm) by extensions ['ros']
[0.954s] Level 1:colcon.colcon_core.package_identification:_identify(src/deep_sogm) by extension 'ros'
[0.962s] DEBUG:colcon.colcon_core.package_identification:Package 'src/deep_sogm' with type 'ros.ament_python' and name 'deep_sogm'
[0.962s] Level 1:colcon.colcon_core.package_identification:_identify(src/msg_interfaces) by extensions ['ignore', 'ignore_ament_install']
[0.963s] Level 1:colcon.colcon_core.package_identification:_identify(src/msg_interfaces) by extension 'ignore'
[0.963s] Level 1:colcon.colcon_core.package_identification:_identify(src/msg_interfaces) by extension 'ignore_ament_install'
[0.963s] Level 1:colcon.colcon_core.package_identification:_identify(src/msg_interfaces) by extensions ['colcon_pkg']
[0.963s] Level 1:colcon.colcon_core.package_identification:_identify(src/msg_interfaces) by extension 'colcon_pkg'
[0.963s] Level 1:colcon.colcon_core.package_identification:_identify(src/msg_interfaces) by extensions ['colcon_meta']
[0.963s] Level 1:colcon.colcon_core.package_identification:_identify(src/msg_interfaces) by extension 'colcon_meta'
[0.964s] Level 1:colcon.colcon_core.package_identification:_identify(src/msg_interfaces) by extensions ['ros']
[0.964s] Level 1:colcon.colcon_core.package_identification:_identify(src/msg_interfaces) by extension 'ros'
[0.966s] DEBUG:colcon.colcon_core.package_identification:Package 'src/msg_interfaces' with type 'ros.ament_cmake' and name 'msg_interfaces'
[0.966s] Level 1:colcon.colcon_core.package_identification:_identify(tmp_srcs) by extensions ['ignore', 'ignore_ament_install']
[0.967s] Level 1:colcon.colcon_core.package_identification:_identify(tmp_srcs) by extension 'ignore'
[0.967s] Level 1:colcon.colcon_core.package_identification:_identify(tmp_srcs) by extension 'ignore_ament_install'
[0.967s] Level 1:colcon.colcon_core.package_identification:_identify(tmp_srcs) by extensions ['colcon_pkg']
[0.967s] Level 1:colcon.colcon_core.package_identification:_identify(tmp_srcs) by extension 'colcon_pkg'
[0.967s] Level 1:colcon.colcon_core.package_identification:_identify(tmp_srcs) by extensions ['colcon_meta']
[0.967s] Level 1:colcon.colcon_core.package_identification:_identify(tmp_srcs) by extension 'colcon_meta'
[0.968s] Level 1:colcon.colcon_core.package_identification:_identify(tmp_srcs) by extensions ['ros']
[0.968s] Level 1:colcon.colcon_core.package_identification:_identify(tmp_srcs) by extension 'ros'
[0.968s] Level 1:colcon.colcon_core.package_identification:_identify(tmp_srcs) by extensions ['cmake', 'python']
[0.968s] Level 1:colcon.colcon_core.package_identification:_identify(tmp_srcs) by extension 'cmake'
[0.968s] Level 1:colcon.colcon_core.package_identification:_identify(tmp_srcs) by extension 'python'
[0.968s] Level 1:colcon.colcon_core.package_identification:_identify(tmp_srcs) by extensions ['python_setup_py']
[0.969s] Level 1:colcon.colcon_core.package_identification:_identify(tmp_srcs) by extension 'python_setup_py'
[0.969s] Level 1:colcon.colcon_core.package_identification:_identify(tmp_srcs/MyhalSimulator) by extensions ['ignore', 'ignore_ament_install']
[0.969s] Level 1:colcon.colcon_core.package_identification:_identify(tmp_srcs/MyhalSimulator) by extension 'ignore'
[0.969s] Level 1:colcon.colcon_core.package_identification:_identify(tmp_srcs/MyhalSimulator) by extension 'ignore_ament_install'
[0.970s] Level 1:colcon.colcon_core.package_identification:_identify(tmp_srcs/MyhalSimulator) by extensions ['colcon_pkg']
[0.970s] Level 1:colcon.colcon_core.package_identification:_identify(tmp_srcs/MyhalSimulator) by extension 'colcon_pkg'
[0.970s] Level 1:colcon.colcon_core.package_identification:_identify(tmp_srcs/MyhalSimulator) by extensions ['colcon_meta']
[0.970s] Level 1:colcon.colcon_core.package_identification:_identify(tmp_srcs/MyhalSimulator) by extension 'colcon_meta'
[0.970s] Level 1:colcon.colcon_core.package_identification:_identify(tmp_srcs/MyhalSimulator) by extensions ['ros']
[0.970s] Level 1:colcon.colcon_core.package_identification:_identify(tmp_srcs/MyhalSimulator) by extension 'ros'
[0.971s] Level 1:colcon.colcon_core.package_identification:_identify(tmp_srcs/MyhalSimulator) by extensions ['cmake', 'python']
[0.971s] Level 1:colcon.colcon_core.package_identification:_identify(tmp_srcs/MyhalSimulator) by extension 'cmake'
[0.971s] Level 1:colcon.colcon_core.package_identification:_identify(tmp_srcs/MyhalSimulator) by extension 'python'
[0.971s] Level 1:colcon.colcon_core.package_identification:_identify(tmp_srcs/MyhalSimulator) by extensions ['python_setup_py']
[0.971s] Level 1:colcon.colcon_core.package_identification:_identify(tmp_srcs/MyhalSimulator) by extension 'python_setup_py'
[0.972s] Level 1:colcon.colcon_core.package_identification:_identify(tmp_srcs/MyhalSimulator/docker_scripts) by extensions ['ignore', 'ignore_ament_install']
[0.972s] Level 1:colcon.colcon_core.package_identification:_identify(tmp_srcs/MyhalSimulator/docker_scripts) by extension 'ignore'
[0.972s] Level 1:colcon.colcon_core.package_identification:_identify(tmp_srcs/MyhalSimulator/docker_scripts) by extension 'ignore_ament_install'
[0.972s] Level 1:colcon.colcon_core.package_identification:_identify(tmp_srcs/MyhalSimulator/docker_scripts) by extensions ['colcon_pkg']
[0.973s] Level 1:colcon.colcon_core.package_identification:_identify(tmp_srcs/MyhalSimulator/docker_scripts) by extension 'colcon_pkg'
[0.973s] Level 1:colcon.colcon_core.package_identification:_identify(tmp_srcs/MyhalSimulator/docker_scripts) by extensions ['colcon_meta']
[0.973s] Level 1:colcon.colcon_core.package_identification:_identify(tmp_srcs/MyhalSimulator/docker_scripts) by extension 'colcon_meta'
[0.973s] Level 1:colcon.colcon_core.package_identification:_identify(tmp_srcs/MyhalSimulator/docker_scripts) by extensions ['ros']
[0.973s] Level 1:colcon.colcon_core.package_identification:_identify(tmp_srcs/MyhalSimulator/docker_scripts) by extension 'ros'
[0.973s] Level 1:colcon.colcon_core.package_identification:_identify(tmp_srcs/MyhalSimulator/docker_scripts) by extensions ['cmake', 'python']
[0.974s] Level 1:colcon.colcon_core.package_identification:_identify(tmp_srcs/MyhalSimulator/docker_scripts) by extension 'cmake'
[0.974s] Level 1:colcon.colcon_core.package_identification:_identify(tmp_srcs/MyhalSimulator/docker_scripts) by extension 'python'
[0.974s] Level 1:colcon.colcon_core.package_identification:_identify(tmp_srcs/MyhalSimulator/docker_scripts) by extensions ['python_setup_py']
[0.974s] Level 1:colcon.colcon_core.package_identification:_identify(tmp_srcs/MyhalSimulator/docker_scripts) by extension 'python_setup_py'
[0.974s] Level 1:colcon.colcon_core.package_identification:_identify(tmp_srcs/MyhalSimulator/imgs) by extensions ['ignore', 'ignore_ament_install']
[0.975s] Level 1:colcon.colcon_core.package_identification:_identify(tmp_srcs/MyhalSimulator/imgs) by extension 'ignore'
[0.975s] Level 1:colcon.colcon_core.package_identification:_identify(tmp_srcs/MyhalSimulator/imgs) by extension 'ignore_ament_install'
[0.975s] Level 1:colcon.colcon_core.package_identification:_identify(tmp_srcs/MyhalSimulator/imgs) by extensions ['colcon_pkg']
[0.975s] Level 1:colcon.colcon_core.package_identification:_identify(tmp_srcs/MyhalSimulator/imgs) by extension 'colcon_pkg'
[0.975s] Level 1:colcon.colcon_core.package_identification:_identify(tmp_srcs/MyhalSimulator/imgs) by extensions ['colcon_meta']
[0.975s] Level 1:colcon.colcon_core.package_identification:_identify(tmp_srcs/MyhalSimulator/imgs) by extension 'colcon_meta'
[0.976s] Level 1:colcon.colcon_core.package_identification:_identify(tmp_srcs/MyhalSimulator/imgs) by extensions ['ros']
[0.976s] Level 1:colcon.colcon_core.package_identification:_identify(tmp_srcs/MyhalSimulator/imgs) by extension 'ros'
[0.976s] Level 1:colcon.colcon_core.package_identification:_identify(tmp_srcs/MyhalSimulator/imgs) by extensions ['cmake', 'python']
[0.976s] Level 1:colcon.colcon_core.package_identification:_identify(tmp_srcs/MyhalSimulator/imgs) by extension 'cmake'
[0.976s] Level 1:colcon.colcon_core.package_identification:_identify(tmp_srcs/MyhalSimulator/imgs) by extension 'python'
[0.976s] Level 1:colcon.colcon_core.package_identification:_identify(tmp_srcs/MyhalSimulator/imgs) by extensions ['python_setup_py']
[0.976s] Level 1:colcon.colcon_core.package_identification:_identify(tmp_srcs/MyhalSimulator/imgs) by extension 'python_setup_py'
[0.977s] Level 1:colcon.colcon_core.package_identification:_identify(tmp_srcs/MyhalSimulator/scripts) by extensions ['ignore', 'ignore_ament_install']
[0.977s] Level 1:colcon.colcon_core.package_identification:_identify(tmp_srcs/MyhalSimulator/scripts) by extension 'ignore'
[0.977s] Level 1:colcon.colcon_core.package_identification:_identify(tmp_srcs/MyhalSimulator/scripts) by extension 'ignore_ament_install'
[0.977s] Level 1:colcon.colcon_core.package_identification:_identify(tmp_srcs/MyhalSimulator/scripts) by extensions ['colcon_pkg']
[0.978s] Level 1:colcon.colcon_core.package_identification:_identify(tmp_srcs/MyhalSimulator/scripts) by extension 'colcon_pkg'
[0.978s] Level 1:colcon.colcon_core.package_identification:_identify(tmp_srcs/MyhalSimulator/scripts) by extensions ['colcon_meta']
[0.978s] Level 1:colcon.colcon_core.package_identification:_identify(tmp_srcs/MyhalSimulator/scripts) by extension 'colcon_meta'
[0.978s] Level 1:colcon.colcon_core.package_identification:_identify(tmp_srcs/MyhalSimulator/scripts) by extensions ['ros']
[0.978s] Level 1:colcon.colcon_core.package_identification:_identify(tmp_srcs/MyhalSimulator/scripts) by extension 'ros'
[0.978s] Level 1:colcon.colcon_core.package_identification:_identify(tmp_srcs/MyhalSimulator/scripts) by extensions ['cmake', 'python']
[0.979s] Level 1:colcon.colcon_core.package_identification:_identify(tmp_srcs/MyhalSimulator/scripts) by extension 'cmake'
[0.979s] Level 1:colcon.colcon_core.package_identification:_identify(tmp_srcs/MyhalSimulator/scripts) by extension 'python'
[0.979s] Level 1:colcon.colcon_core.package_identification:_identify(tmp_srcs/MyhalSimulator/scripts) by extensions ['python_setup_py']
[0.979s] Level 1:colcon.colcon_core.package_identification:_identify(tmp_srcs/MyhalSimulator/scripts) by extension 'python_setup_py'
[0.979s] Level 1:colcon.colcon_core.package_identification:_identify(tmp_srcs/MyhalSimulator/src) by extensions ['ignore', 'ignore_ament_install']
[0.980s] Level 1:colcon.colcon_core.package_identification:_identify(tmp_srcs/MyhalSimulator/src) by extension 'ignore'
[0.980s] Level 1:colcon.colcon_core.package_identification:_identify(tmp_srcs/MyhalSimulator/src) by extension 'ignore_ament_install'
[0.980s] Level 1:colcon.colcon_core.package_identification:_identify(tmp_srcs/MyhalSimulator/src) by extensions ['colcon_pkg']
[0.980s] Level 1:colcon.colcon_core.package_identification:_identify(tmp_srcs/MyhalSimulator/src) by extension 'colcon_pkg'
[0.980s] Level 1:colcon.colcon_core.package_identification:_identify(tmp_srcs/MyhalSimulator/src) by extensions ['colcon_meta']
[0.980s] Level 1:colcon.colcon_core.package_identification:_identify(tmp_srcs/MyhalSimulator/src) by extension 'colcon_meta'
[0.981s] Level 1:colcon.colcon_core.package_identification:_identify(tmp_srcs/MyhalSimulator/src) by extensions ['ros']
[0.981s] Level 1:colcon.colcon_core.package_identification:_identify(tmp_srcs/MyhalSimulator/src) by extension 'ros'
[0.981s] Level 1:colcon.colcon_core.package_identification:_identify(tmp_srcs/MyhalSimulator/src) by extensions ['cmake', 'python']
[0.981s] Level 1:colcon.colcon_core.package_identification:_identify(tmp_srcs/MyhalSimulator/src) by extension 'cmake'
[1.007s] Level 1:colcon.colcon_core.package_identification:_identify(tmp_srcs/MyhalSimulator/src) by extension 'python'
[1.007s] DEBUG:colcon.colcon_core.package_identification:Package 'tmp_srcs/MyhalSimulator/src' with type 'cmake' and name 'src'
[1.008s] Level 1:colcon.colcon_core.package_identification:_identify(tmp_srcs/custom_msgs_old) by extensions ['ignore', 'ignore_ament_install']
[1.008s] Level 1:colcon.colcon_core.package_identification:_identify(tmp_srcs/custom_msgs_old) by extension 'ignore'
[1.008s] Level 1:colcon.colcon_core.package_identification:_identify(tmp_srcs/custom_msgs_old) by extension 'ignore_ament_install'
[1.008s] Level 1:colcon.colcon_core.package_identification:_identify(tmp_srcs/custom_msgs_old) by extensions ['colcon_pkg']
[1.008s] Level 1:colcon.colcon_core.package_identification:_identify(tmp_srcs/custom_msgs_old) by extension 'colcon_pkg'
[1.009s] Level 1:colcon.colcon_core.package_identification:_identify(tmp_srcs/custom_msgs_old) by extensions ['colcon_meta']
[1.009s] Level 1:colcon.colcon_core.package_identification:_identify(tmp_srcs/custom_msgs_old) by extension 'colcon_meta'
[1.009s] Level 1:colcon.colcon_core.package_identification:_identify(tmp_srcs/custom_msgs_old) by extensions ['ros']
[1.009s] Level 1:colcon.colcon_core.package_identification:_identify(tmp_srcs/custom_msgs_old) by extension 'ros'
[1.011s] DEBUG:colcon.colcon_core.package_identification:Package 'tmp_srcs/custom_msgs_old' with type 'ros.ament_cmake' and name 'custom_msgs'
[1.011s] Level 1:colcon.colcon_core.package_identification:_identify(tmp_srcs/jackal) by extensions ['ignore', 'ignore_ament_install']
[1.012s] Level 1:colcon.colcon_core.package_identification:_identify(tmp_srcs/jackal) by extension 'ignore'
[1.012s] Level 1:colcon.colcon_core.package_identification:_identify(tmp_srcs/jackal) by extension 'ignore_ament_install'
[1.012s] Level 1:colcon.colcon_core.package_identification:_identify(tmp_srcs/jackal) by extensions ['colcon_pkg']
[1.012s] Level 1:colcon.colcon_core.package_identification:_identify(tmp_srcs/jackal) by extension 'colcon_pkg'
[1.012s] Level 1:colcon.colcon_core.package_identification:_identify(tmp_srcs/jackal) by extensions ['colcon_meta']
[1.012s] Level 1:colcon.colcon_core.package_identification:_identify(tmp_srcs/jackal) by extension 'colcon_meta'
[1.013s] Level 1:colcon.colcon_core.package_identification:_identify(tmp_srcs/jackal) by extensions ['ros']
[1.013s] Level 1:colcon.colcon_core.package_identification:_identify(tmp_srcs/jackal) by extension 'ros'
[1.013s] Level 1:colcon.colcon_core.package_identification:_identify(tmp_srcs/jackal) by extensions ['cmake', 'python']
[1.013s] Level 1:colcon.colcon_core.package_identification:_identify(tmp_srcs/jackal) by extension 'cmake'
[1.013s] Level 1:colcon.colcon_core.package_identification:_identify(tmp_srcs/jackal) by extension 'python'
[1.014s] Level 1:colcon.colcon_core.package_identification:_identify(tmp_srcs/jackal) by extensions ['python_setup_py']
[1.014s] Level 1:colcon.colcon_core.package_identification:_identify(tmp_srcs/jackal) by extension 'python_setup_py'
[1.014s] Level 1:colcon.colcon_core.package_identification:_identify(tmp_srcs/jackal/jackal_control) by extensions ['ignore', 'ignore_ament_install']
[1.014s] Level 1:colcon.colcon_core.package_identification:_identify(tmp_srcs/jackal/jackal_control) by extension 'ignore'
[1.014s] Level 1:colcon.colcon_core.package_identification:_identify(tmp_srcs/jackal/jackal_control) by extension 'ignore_ament_install'
[1.015s] Level 1:colcon.colcon_core.package_identification:_identify(tmp_srcs/jackal/jackal_control) by extensions ['colcon_pkg']
[1.015s] Level 1:colcon.colcon_core.package_identification:_identify(tmp_srcs/jackal/jackal_control) by extension 'colcon_pkg'
[1.015s] Level 1:colcon.colcon_core.package_identification:_identify(tmp_srcs/jackal/jackal_control) by extensions ['colcon_meta']
[1.015s] Level 1:colcon.colcon_core.package_identification:_identify(tmp_srcs/jackal/jackal_control) by extension 'colcon_meta'
[1.015s] Level 1:colcon.colcon_core.package_identification:_identify(tmp_srcs/jackal/jackal_control) by extensions ['ros']
[1.015s] Level 1:colcon.colcon_core.package_identification:_identify(tmp_srcs/jackal/jackal_control) by extension 'ros'
[1.018s] DEBUG:colcon.colcon_core.package_identification:Package 'tmp_srcs/jackal/jackal_control' with type 'ros.catkin' and name 'jackal_control'
[1.019s] Level 1:colcon.colcon_core.package_identification:_identify(tmp_srcs/jackal/jackal_description) by extensions ['ignore', 'ignore_ament_install']
[1.019s] Level 1:colcon.colcon_core.package_identification:_identify(tmp_srcs/jackal/jackal_description) by extension 'ignore'
[1.019s] Level 1:colcon.colcon_core.package_identification:_identify(tmp_srcs/jackal/jackal_description) by extension 'ignore_ament_install'
[1.019s] Level 1:colcon.colcon_core.package_identification:_identify(tmp_srcs/jackal/jackal_description) by extensions ['colcon_pkg']
[1.020s] Level 1:colcon.colcon_core.package_identification:_identify(tmp_srcs/jackal/jackal_description) by extension 'colcon_pkg'
[1.020s] Level 1:colcon.colcon_core.package_identification:_identify(tmp_srcs/jackal/jackal_description) by extensions ['colcon_meta']
[1.020s] Level 1:colcon.colcon_core.package_identification:_identify(tmp_srcs/jackal/jackal_description) by extension 'colcon_meta'
[1.020s] Level 1:colcon.colcon_core.package_identification:_identify(tmp_srcs/jackal/jackal_description) by extensions ['ros']
[1.020s] Level 1:colcon.colcon_core.package_identification:_identify(tmp_srcs/jackal/jackal_description) by extension 'ros'
[1.023s] DEBUG:colcon.colcon_core.package_identification:Package 'tmp_srcs/jackal/jackal_description' with type 'ros.catkin' and name 'jackal_description'
[1.023s] Level 1:colcon.colcon_core.package_identification:_identify(tmp_srcs/jackal/jackal_msgs) by extensions ['ignore', 'ignore_ament_install']
[1.023s] Level 1:colcon.colcon_core.package_identification:_identify(tmp_srcs/jackal/jackal_msgs) by extension 'ignore'
[1.024s] Level 1:colcon.colcon_core.package_identification:_identify(tmp_srcs/jackal/jackal_msgs) by extension 'ignore_ament_install'
[1.024s] Level 1:colcon.colcon_core.package_identification:_identify(tmp_srcs/jackal/jackal_msgs) by extensions ['colcon_pkg']
[1.024s] Level 1:colcon.colcon_core.package_identification:_identify(tmp_srcs/jackal/jackal_msgs) by extension 'colcon_pkg'
[1.024s] Level 1:colcon.colcon_core.package_identification:_identify(tmp_srcs/jackal/jackal_msgs) by extensions ['colcon_meta']
[1.024s] Level 1:colcon.colcon_core.package_identification:_identify(tmp_srcs/jackal/jackal_msgs) by extension 'colcon_meta'
[1.024s] Level 1:colcon.colcon_core.package_identification:_identify(tmp_srcs/jackal/jackal_msgs) by extensions ['ros']
[1.024s] Level 1:colcon.colcon_core.package_identification:_identify(tmp_srcs/jackal/jackal_msgs) by extension 'ros'
[1.027s] DEBUG:colcon.colcon_core.package_identification:Package 'tmp_srcs/jackal/jackal_msgs' with type 'ros.catkin' and name 'jackal_msgs'
[1.027s] Level 1:colcon.colcon_core.package_identification:_identify(tmp_srcs/jackal/jackal_navigation) by extensions ['ignore', 'ignore_ament_install']
[1.027s] Level 1:colcon.colcon_core.package_identification:_identify(tmp_srcs/jackal/jackal_navigation) by extension 'ignore'
[1.027s] Level 1:colcon.colcon_core.package_identification:_identify(tmp_srcs/jackal/jackal_navigation) by extension 'ignore_ament_install'
[1.028s] Level 1:colcon.colcon_core.package_identification:_identify(tmp_srcs/jackal/jackal_navigation) by extensions ['colcon_pkg']
[1.028s] Level 1:colcon.colcon_core.package_identification:_identify(tmp_srcs/jackal/jackal_navigation) by extension 'colcon_pkg'
[1.028s] Level 1:colcon.colcon_core.package_identification:_identify(tmp_srcs/jackal/jackal_navigation) by extensions ['colcon_meta']
[1.028s] Level 1:colcon.colcon_core.package_identification:_identify(tmp_srcs/jackal/jackal_navigation) by extension 'colcon_meta'
[1.028s] Level 1:colcon.colcon_core.package_identification:_identify(tmp_srcs/jackal/jackal_navigation) by extensions ['ros']
[1.028s] Level 1:colcon.colcon_core.package_identification:_identify(tmp_srcs/jackal/jackal_navigation) by extension 'ros'
[1.031s] DEBUG:colcon.colcon_core.package_identification:Package 'tmp_srcs/jackal/jackal_navigation' with type 'ros.catkin' and name 'jackal_navigation'
[1.031s] Level 1:colcon.colcon_core.package_identification:_identify(tmp_srcs/jackal/jackal_tutorials) by extensions ['ignore', 'ignore_ament_install']
[1.032s] Level 1:colcon.colcon_core.package_identification:_identify(tmp_srcs/jackal/jackal_tutorials) by extension 'ignore'
[1.032s] Level 1:colcon.colcon_core.package_identification:_identify(tmp_srcs/jackal/jackal_tutorials) by extension 'ignore_ament_install'
[1.032s] Level 1:colcon.colcon_core.package_identification:_identify(tmp_srcs/jackal/jackal_tutorials) by extensions ['colcon_pkg']
[1.032s] Level 1:colcon.colcon_core.package_identification:_identify(tmp_srcs/jackal/jackal_tutorials) by extension 'colcon_pkg'
[1.032s] Level 1:colcon.colcon_core.package_identification:_identify(tmp_srcs/jackal/jackal_tutorials) by extensions ['colcon_meta']
[1.032s] Level 1:colcon.colcon_core.package_identification:_identify(tmp_srcs/jackal/jackal_tutorials) by extension 'colcon_meta'
[1.033s] Level 1:colcon.colcon_core.package_identification:_identify(tmp_srcs/jackal/jackal_tutorials) by extensions ['ros']
[1.033s] Level 1:colcon.colcon_core.package_identification:_identify(tmp_srcs/jackal/jackal_tutorials) by extension 'ros'
[1.034s] DEBUG:colcon.colcon_core.package_identification:Package 'tmp_srcs/jackal/jackal_tutorials' with type 'ros.catkin' and name 'jackal_tutorials'
[1.035s] Level 1:colcon.colcon_core.package_identification:_identify(tmp_srcs/launch_delay) by extensions ['ignore', 'ignore_ament_install']
[1.035s] Level 1:colcon.colcon_core.package_identification:_identify(tmp_srcs/launch_delay) by extension 'ignore'
[1.035s] Level 1:colcon.colcon_core.package_identification:_identify(tmp_srcs/launch_delay) by extension 'ignore_ament_install'
[1.035s] Level 1:colcon.colcon_core.package_identification:_identify(tmp_srcs/launch_delay) by extensions ['colcon_pkg']
[1.035s] Level 1:colcon.colcon_core.package_identification:_identify(tmp_srcs/launch_delay) by extension 'colcon_pkg'
[1.036s] Level 1:colcon.colcon_core.package_identification:_identify(tmp_srcs/launch_delay) by extensions ['colcon_meta']
[1.036s] Level 1:colcon.colcon_core.package_identification:_identify(tmp_srcs/launch_delay) by extension 'colcon_meta'
[1.036s] Level 1:colcon.colcon_core.package_identification:_identify(tmp_srcs/launch_delay) by extensions ['ros']
[1.036s] Level 1:colcon.colcon_core.package_identification:_identify(tmp_srcs/launch_delay) by extension 'ros'
[1.037s] DEBUG:colcon.colcon_core.package_identification:Package 'tmp_srcs/launch_delay' with type 'ros.catkin' and name 'launch_delay'
[1.038s] Level 1:colcon.colcon_core.package_identification:_identify(tmp_srcs/my_package) by extensions ['ignore', 'ignore_ament_install']
[1.038s] Level 1:colcon.colcon_core.package_identification:_identify(tmp_srcs/my_package) by extension 'ignore'
[1.038s] Level 1:colcon.colcon_core.package_identification:_identify(tmp_srcs/my_package) by extension 'ignore_ament_install'
[1.038s] Level 1:colcon.colcon_core.package_identification:_identify(tmp_srcs/my_package) by extensions ['colcon_pkg']
[1.039s] Level 1:colcon.colcon_core.package_identification:_identify(tmp_srcs/my_package) by extension 'colcon_pkg'
[1.039s] Level 1:colcon.colcon_core.package_identification:_identify(tmp_srcs/my_package) by extensions ['colcon_meta']
[1.039s] Level 1:colcon.colcon_core.package_identification:_identify(tmp_srcs/my_package) by extension 'colcon_meta'
[1.039s] Level 1:colcon.colcon_core.package_identification:_identify(tmp_srcs/my_package) by extensions ['ros']
[1.039s] Level 1:colcon.colcon_core.package_identification:_identify(tmp_srcs/my_package) by extension 'ros'
[1.041s] DEBUG:colcon.colcon_core.package_identification:Package 'tmp_srcs/my_package' with type 'ros.ament_python' and name 'my_package'
[1.041s] Level 1:colcon.colcon_core.package_identification:_identify(tmp_srcs/pointcloud_to_laserscan) by extensions ['ignore', 'ignore_ament_install']
[1.042s] Level 1:colcon.colcon_core.package_identification:_identify(tmp_srcs/pointcloud_to_laserscan) by extension 'ignore'
[1.042s] Level 1:colcon.colcon_core.package_identification:_identify(tmp_srcs/pointcloud_to_laserscan) by extension 'ignore_ament_install'
[1.042s] Level 1:colcon.colcon_core.package_identification:_identify(tmp_srcs/pointcloud_to_laserscan) by extensions ['colcon_pkg']
[1.042s] Level 1:colcon.colcon_core.package_identification:_identify(tmp_srcs/pointcloud_to_laserscan) by extension 'colcon_pkg'
[1.042s] Level 1:colcon.colcon_core.package_identification:_identify(tmp_srcs/pointcloud_to_laserscan) by extensions ['colcon_meta']
[1.043s] Level 1:colcon.colcon_core.package_identification:_identify(tmp_srcs/pointcloud_to_laserscan) by extension 'colcon_meta'
[1.043s] Level 1:colcon.colcon_core.package_identification:_identify(tmp_srcs/pointcloud_to_laserscan) by extensions ['ros']
[1.043s] Level 1:colcon.colcon_core.package_identification:_identify(tmp_srcs/pointcloud_to_laserscan) by extension 'ros'
[1.047s] DEBUG:colcon.colcon_core.package_identification:Package 'tmp_srcs/pointcloud_to_laserscan' with type 'ros.catkin' and name 'pointcloud_to_laserscan'
[1.047s] Level 1:colcon.colcon_core.package_identification:_identify(tmp_srcs/py_pubsub) by extensions ['ignore', 'ignore_ament_install']
[1.047s] Level 1:colcon.colcon_core.package_identification:_identify(tmp_srcs/py_pubsub) by extension 'ignore'
[1.048s] Level 1:colcon.colcon_core.package_identification:_identify(tmp_srcs/py_pubsub) by extension 'ignore_ament_install'
[1.048s] Level 1:colcon.colcon_core.package_identification:_identify(tmp_srcs/py_pubsub) by extensions ['colcon_pkg']
[1.048s] Level 1:colcon.colcon_core.package_identification:_identify(tmp_srcs/py_pubsub) by extension 'colcon_pkg'
[1.048s] Level 1:colcon.colcon_core.package_identification:_identify(tmp_srcs/py_pubsub) by extensions ['colcon_meta']
[1.048s] Level 1:colcon.colcon_core.package_identification:_identify(tmp_srcs/py_pubsub) by extension 'colcon_meta'
[1.048s] Level 1:colcon.colcon_core.package_identification:_identify(tmp_srcs/py_pubsub) by extensions ['ros']
[1.048s] Level 1:colcon.colcon_core.package_identification:_identify(tmp_srcs/py_pubsub) by extension 'ros'
[1.050s] DEBUG:colcon.colcon_core.package_identification:Package 'tmp_srcs/py_pubsub' with type 'ros.ament_python' and name 'py_pubsub'
[1.051s] Level 1:colcon.colcon_core.package_identification:_identify(tmp_srcs/velo_repub) by extensions ['ignore', 'ignore_ament_install']
[1.051s] Level 1:colcon.colcon_core.package_identification:_identify(tmp_srcs/velo_repub) by extension 'ignore'
[1.051s] Level 1:colcon.colcon_core.package_identification:_identify(tmp_srcs/velo_repub) by extension 'ignore_ament_install'
[1.051s] Level 1:colcon.colcon_core.package_identification:_identify(tmp_srcs/velo_repub) by extensions ['colcon_pkg']
[1.051s] Level 1:colcon.colcon_core.package_identification:_identify(tmp_srcs/velo_repub) by extension 'colcon_pkg'
[1.052s] Level 1:colcon.colcon_core.package_identification:_identify(tmp_srcs/velo_repub) by extensions ['colcon_meta']
[1.052s] Level 1:colcon.colcon_core.package_identification:_identify(tmp_srcs/velo_repub) by extension 'colcon_meta'
[1.052s] Level 1:colcon.colcon_core.package_identification:_identify(tmp_srcs/velo_repub) by extensions ['ros']
[1.052s] Level 1:colcon.colcon_core.package_identification:_identify(tmp_srcs/velo_repub) by extension 'ros'
[1.057s] DEBUG:colcon.colcon_core.package_identification:Package 'tmp_srcs/velo_repub' with type 'ros.catkin' and name 'velo_repub'
[1.057s] Level 1:colcon.colcon_core.package_discovery:discover_packages(recursive) using defaults
[1.058s] Level 1:colcon.colcon_core.package_discovery:discover_packages(ignore) discover
[1.059s] Level 1:colcon.colcon_core.package_discovery:discover_packages(ignore) using defaults
[1.059s] Level 1:colcon.colcon_core.package_discovery:discover_packages(path) discover
[1.059s] Level 1:colcon.colcon_core.package_discovery:discover_packages(path) using defaults
[1.137s] INFO:colcon.colcon_core.package_selection:Skipping not selected package 'custom_msgs' in 'tmp_srcs/custom_msgs_old'
[1.137s] INFO:colcon.colcon_core.package_selection:Skipping not selected package 'jackal_control' in 'tmp_srcs/jackal/jackal_control'
[1.137s] INFO:colcon.colcon_core.package_selection:Skipping not selected package 'jackal_description' in 'tmp_srcs/jackal/jackal_description'
[1.138s] INFO:colcon.colcon_core.package_selection:Skipping not selected package 'jackal_msgs' in 'tmp_srcs/jackal/jackal_msgs'
[1.138s] INFO:colcon.colcon_core.package_selection:Skipping not selected package 'jackal_navigation' in 'tmp_srcs/jackal/jackal_navigation'
[1.138s] INFO:colcon.colcon_core.package_selection:Skipping not selected package 'jackal_tutorials' in 'tmp_srcs/jackal/jackal_tutorials'
[1.138s] INFO:colcon.colcon_core.package_selection:Skipping not selected package 'launch_delay' in 'tmp_srcs/launch_delay'
[1.138s] INFO:colcon.colcon_core.package_selection:Skipping not selected package 'msg_interfaces' in 'src/msg_interfaces'
[1.138s] INFO:colcon.colcon_core.package_selection:Skipping not selected package 'my_package' in 'tmp_srcs/my_package'
[1.138s] INFO:colcon.colcon_core.package_selection:Skipping not selected package 'pointcloud_to_laserscan' in 'tmp_srcs/pointcloud_to_laserscan'
[1.138s] INFO:colcon.colcon_core.package_selection:Skipping not selected package 'py_pubsub' in 'tmp_srcs/py_pubsub'
[1.138s] INFO:colcon.colcon_core.package_selection:Skipping not selected package 'src' in 'tmp_srcs/MyhalSimulator/src'
[1.138s] INFO:colcon.colcon_core.package_selection:Skipping not selected package 'velo_repub' in 'tmp_srcs/velo_repub'
[1.148s] Level 5:colcon.colcon_core.verb:set package 'deep_sogm' build argument 'cmake_args' from command line to 'None'
[1.148s] Level 5:colcon.colcon_core.verb:set package 'deep_sogm' build argument 'cmake_target' from command line to 'None'
[1.148s] Level 5:colcon.colcon_core.verb:set package 'deep_sogm' build argument 'cmake_target_skip_unavailable' from command line to 'False'
[1.148s] Level 5:colcon.colcon_core.verb:set package 'deep_sogm' build argument 'cmake_clean_cache' from command line to 'False'
[1.149s] Level 5:colcon.colcon_core.verb:set package 'deep_sogm' build argument 'cmake_clean_first' from command line to 'False'
[1.149s] Level 5:colcon.colcon_core.verb:set package 'deep_sogm' build argument 'cmake_force_configure' from command line to 'False'
[1.149s] Level 5:colcon.colcon_core.verb:set package 'deep_sogm' build argument 'ament_cmake_args' from command line to 'None'
[1.149s] Level 5:colcon.colcon_core.verb:set package 'deep_sogm' build argument 'catkin_cmake_args' from command line to 'None'
[1.149s] Level 5:colcon.colcon_core.verb:set package 'deep_sogm' build argument 'catkin_skip_building_tests' from command line to 'False'
[1.149s] DEBUG:colcon.colcon_core.verb:Building package 'deep_sogm' with the following arguments: {'ament_cmake_args': None, 'build_base': '/home/administrator/eloquent_ws/build/deep_sogm', 'catkin_cmake_args': None, 'catkin_skip_building_tests': False, 'cmake_args': None, 'cmake_clean_cache': False, 'cmake_clean_first': False, 'cmake_force_configure': False, 'cmake_target': None, 'cmake_target_skip_unavailable': False, 'install_base': '/home/administrator/eloquent_ws/install/deep_sogm', 'merge_install': False, 'path': '/home/administrator/eloquent_ws/src/deep_sogm', 'symlink_install': True, 'test_result_base': None}
[1.150s] INFO:colcon.colcon_core.executor:Executing jobs using 'parallel' executor
[1.157s] DEBUG:colcon.colcon_parallel_executor.executor.parallel:run_until_complete
[1.158s] INFO:colcon.colcon_ros.task.ament_python.build:Building ROS package in '/home/administrator/eloquent_ws/src/deep_sogm' with build type 'ament_python'
[1.158s] Level 1:colcon.colcon_core.shell:create_environment_hook('deep_sogm', 'ament_prefix_path')
[1.171s] INFO:colcon.colcon_core.plugin_system:Skipping extension 'colcon_core.shell.bat': Not used on non-Windows systems
[1.172s] INFO:colcon.colcon_core.shell:Creating environment hook '/home/administrator/eloquent_ws/install/deep_sogm/share/deep_sogm/hook/ament_prefix_path.ps1'
[1.174s] INFO:colcon.colcon_core.shell:Creating environment descriptor '/home/administrator/eloquent_ws/install/deep_sogm/share/deep_sogm/hook/ament_prefix_path.dsv'
[1.176s] INFO:colcon.colcon_core.shell:Creating environment hook '/home/administrator/eloquent_ws/install/deep_sogm/share/deep_sogm/hook/ament_prefix_path.sh'
[1.179s] INFO:colcon.colcon_core.shell:Skip shell extension 'powershell' for command environment: Not usable outside of PowerShell
[1.179s] DEBUG:colcon.colcon_core.shell:Skip shell extension 'dsv' for command environment
[1.187s] DEBUG:colcon.colcon_core.shell:Ignoring prefix path '/opt/ros/eloquent'
[1.187s] DEBUG:colcon.colcon_core.shell:Ignoring prefix path '/opt/ros/melodic'
[2.040s] INFO:colcon.colcon_core.task.python.build:Building Python package in '/home/administrator/eloquent_ws/src/deep_sogm'
[2.044s] INFO:colcon.colcon_core.shell:Skip shell extension 'powershell' for command environment: Not usable outside of PowerShell
[2.045s] DEBUG:colcon.colcon_core.shell:Skip shell extension 'dsv' for command environment
[2.051s] DEBUG:colcon.colcon_core.shell:Ignoring prefix path '/opt/ros/eloquent'
[2.051s] DEBUG:colcon.colcon_core.shell:Ignoring prefix path '/opt/ros/melodic'
[2.070s] DEBUG:colcon.colcon_core.event_handler.log_command:Invoking command in '/home/administrator/eloquent_ws/build/deep_sogm': PYTHONPATH=/home/administrator/eloquent_ws/install/deep_sogm/lib/python3.6/site-packages:${PYTHONPATH} /usr/bin/python3 setup.py develop --prefix /home/administrator/eloquent_ws/install/deep_sogm --editable --build-directory /home/administrator/eloquent_ws/build/deep_sogm/build --no-deps install_data --install-dir /home/administrator/eloquent_ws/install/deep_sogm
[3.480s] Level 1:colcon.colcon_core.shell:create_environment_hook('deep_sogm', 'pythonpath_develop')
[3.484s] INFO:colcon.colcon_core.shell:Creating environment hook '/home/administrator/eloquent_ws/build/deep_sogm/share/deep_sogm/hook/pythonpath_develop.ps1'
[3.488s] DEBUG:colcon.colcon_core.event_handler.log_command:Invoked command in '/home/administrator/eloquent_ws/build/deep_sogm' returned '0': PYTHONPATH=/home/administrator/eloquent_ws/install/deep_sogm/lib/python3.6/site-packages:${PYTHONPATH} /usr/bin/python3 setup.py develop --prefix /home/administrator/eloquent_ws/install/deep_sogm --editable --build-directory /home/administrator/eloquent_ws/build/deep_sogm/build --no-deps install_data --install-dir /home/administrator/eloquent_ws/install/deep_sogm
[3.489s] INFO:colcon.colcon_core.shell:Creating environment descriptor '/home/administrator/eloquent_ws/build/deep_sogm/share/deep_sogm/hook/pythonpath_develop.dsv'
[3.490s] INFO:colcon.colcon_core.shell:Creating environment hook '/home/administrator/eloquent_ws/build/deep_sogm/share/deep_sogm/hook/pythonpath_develop.sh'
[3.504s] Level 1:colcon.colcon_core.environment:checking '/home/administrator/eloquent_ws/install/deep_sogm' for CMake module files
[3.506s] Level 1:colcon.colcon_core.environment:checking '/home/administrator/eloquent_ws/install/deep_sogm' for CMake config files
[3.510s] Level 1:colcon.colcon_core.environment:checking '/home/administrator/eloquent_ws/install/deep_sogm/lib'
[3.511s] Level 1:colcon.colcon_core.environment:checking '/home/administrator/eloquent_ws/install/deep_sogm/bin'
[3.511s] Level 1:colcon.colcon_core.environment:checking '/home/administrator/eloquent_ws/install/deep_sogm/lib/pkgconfig/deep_sogm.pc'
[3.511s] Level 1:colcon.colcon_core.environment:checking '/home/administrator/eloquent_ws/install/deep_sogm/lib/python3.6/site-packages'
[3.511s] Level 1:colcon.colcon_core.shell:create_environment_hook('deep_sogm', 'pythonpath')
[3.513s] INFO:colcon.colcon_core.shell:Creating environment hook '/home/administrator/eloquent_ws/install/deep_sogm/share/deep_sogm/hook/pythonpath.ps1'
[3.515s] INFO:colcon.colcon_core.shell:Creating environment descriptor '/home/administrator/eloquent_ws/install/deep_sogm/share/deep_sogm/hook/pythonpath.dsv'
[3.516s] INFO:colcon.colcon_core.shell:Creating environment hook '/home/administrator/eloquent_ws/install/deep_sogm/share/deep_sogm/hook/pythonpath.sh'
[3.517s] Level 1:colcon.colcon_core.environment:create_environment_scripts_only(deep_sogm)
[3.519s] INFO:colcon.colcon_core.shell:Creating package script '/home/administrator/eloquent_ws/install/deep_sogm/share/deep_sogm/package.ps1'
[3.523s] INFO:colcon.colcon_core.shell:Creating package descriptor '/home/administrator/eloquent_ws/install/deep_sogm/share/deep_sogm/package.dsv'
[3.525s] INFO:colcon.colcon_core.shell:Creating package script '/home/administrator/eloquent_ws/install/deep_sogm/share/deep_sogm/package.sh'
[3.528s] INFO:colcon.colcon_core.shell:Creating package script '/home/administrator/eloquent_ws/install/deep_sogm/share/deep_sogm/package.bash'
[3.531s] INFO:colcon.colcon_core.shell:Creating package script '/home/administrator/eloquent_ws/install/deep_sogm/share/deep_sogm/package.zsh'
[3.533s] Level 1:colcon.colcon_core.environment:create_file_with_runtime_dependencies(/home/administrator/eloquent_ws/install/deep_sogm/share/colcon-core/packages/deep_sogm)
[3.536s] DEBUG:colcon.colcon_parallel_executor.executor.parallel:closing loop
[3.538s] DEBUG:colcon.colcon_parallel_executor.executor.parallel:loop closed
[3.539s] DEBUG:colcon.colcon_parallel_executor.executor.parallel:run_until_complete finished with '0'
[3.539s] DEBUG:colcon.colcon_core.event_reactor:joining thread
[3.561s] INFO:colcon.colcon_core.plugin_system:Skipping extension 'colcon_notification.desktop_notification.notify_send': Could not find 'notify-send'
[3.562s] INFO:colcon.colcon_core.plugin_system:Skipping extension 'colcon_notification.desktop_notification.terminal_notifier': Not used on non-Darwin systems
[3.562s] INFO:colcon.colcon_core.plugin_system:Skipping extension 'colcon_notification.desktop_notification.win32': Not used on non-Windows systems
[3.562s] INFO:colcon.colcon_notification.desktop_notification:Sending desktop notification using 'notify2'
[3.563s] DEBUG:colcon.colcon_notification.desktop_notification.notify2:Failed to initialize notify2: org.freedesktop.DBus.Error.InvalidFileContent: D-Bus library appears to be incorrectly set up: see the manual page for dbus-uuidgen to correct this issue. (Failed to open "/var/lib/dbus/machine-id": No such file or directory; UUID file '/etc/machine-id' should contain a hex string of length 32, not length 0, with no other text)
[3.563s] DEBUG:colcon.colcon_core.event_reactor:joined thread
[3.566s] INFO:colcon.colcon_core.shell:Creating prefix script '/home/administrator/eloquent_ws/install/local_setup.ps1'
[3.569s] INFO:colcon.colcon_core.shell:Creating prefix util module '/home/administrator/eloquent_ws/install/_local_setup_util_ps1.py'
[3.574s] INFO:colcon.colcon_core.shell:Creating prefix chain script '/home/administrator/eloquent_ws/install/setup.ps1'
[3.583s] INFO:colcon.colcon_core.shell:Creating prefix script '/home/administrator/eloquent_ws/install/local_setup.sh'
[3.586s] INFO:colcon.colcon_core.shell:Creating prefix util module '/home/administrator/eloquent_ws/install/_local_setup_util_sh.py'
[3.588s] INFO:colcon.colcon_core.shell:Creating prefix chain script '/home/administrator/eloquent_ws/install/setup.sh'
[3.597s] INFO:colcon.colcon_core.shell:Creating prefix script '/home/administrator/eloquent_ws/install/local_setup.bash'
[3.599s] INFO:colcon.colcon_core.shell:Creating prefix chain script '/home/administrator/eloquent_ws/install/setup.bash'
[3.607s] INFO:colcon.colcon_core.shell:Creating prefix script '/home/administrator/eloquent_ws/install/local_setup.zsh'
[3.610s] INFO:colcon.colcon_core.shell:Creating prefix chain script '/home/administrator/eloquent_ws/install/setup.zsh'
