[0.980s] DEBUG:colcon:Command line arguments: ['/usr/bin/colcon', 'build', '--symlink-install', '--packages-select', 'py_pubsub']
[0.981s] DEBUG:colcon:Parsed command line arguments: Namespace(ament_cmake_args=None, base_paths=['.'], build_base='build', catkin_cmake_args=None, catkin_skip_building_tests=False, cmake_args=None, cmake_clean_cache=False, cmake_clean_first=False, cmake_force_configure=False, cmake_target=None, cmake_target_skip_unavailable=False, continue_on_error=False, event_handlers=None, executor='parallel', ignore_user_meta=False, install_base='install', log_base=None, log_level=None, main=<bound method BuildVerb.main of <colcon_core.verb.build.BuildVerb object at 0x7f91c9acf8>>, merge_install=False, metas=['./colcon.meta'], packages_above=None, packages_above_and_dependencies=None, packages_above_depth=None, packages_end=None, packages_ignore=None, packages_ignore_regex=None, packages_select=['py_pubsub'], packages_select_build_failed=False, packages_select_by_dep=None, packages_select_regex=None, packages_select_test_failures=False, packages_skip=None, packages_skip_build_finished=False, packages_skip_by_dep=None, packages_skip_regex=None, packages_skip_test_passed=False, packages_skip_up_to=None, packages_start=None, packages_up_to=None, packages_up_to_regex=None, parallel_workers=8, paths=None, symlink_install=True, test_result_base=None, verb_extension=<colcon_core.verb.build.BuildVerb object at 0x7f91c9acf8>, verb_name='build', verb_parser=<colcon_defaults.argument_parser.defaults.DefaultArgumentsDecorator object at 0x7f91c2c0b8>)
[1.004s] Level 1:colcon.colcon_core.package_discovery:discover_packages(colcon_meta) check parameters
[1.004s] Level 1:colcon.colcon_core.package_discovery:discover_packages(recursive) check parameters
[1.004s] Level 1:colcon.colcon_core.package_discovery:discover_packages(ignore) check parameters
[1.005s] Level 1:colcon.colcon_core.package_discovery:discover_packages(path) check parameters
[1.005s] Level 1:colcon.colcon_core.package_discovery:discover_packages(colcon_meta) discover
[1.006s] Level 1:colcon.colcon_core.package_discovery:discover_packages(recursive) discover
[1.006s] INFO:colcon.colcon_core.package_discovery:Crawling recursively for packages in '/home/administrator/eloquent_ws'
[1.007s] Level 1:colcon.colcon_core.package_identification:_identify(.) by extensions ['ignore', 'ignore_ament_install']
[1.007s] Level 1:colcon.colcon_core.package_identification:_identify(.) by extension 'ignore'
[1.007s] Level 1:colcon.colcon_core.package_identification:_identify(.) by extension 'ignore_ament_install'
[1.008s] Level 1:colcon.colcon_core.package_identification:_identify(.) by extensions ['colcon_pkg']
[1.008s] Level 1:colcon.colcon_core.package_identification:_identify(.) by extension 'colcon_pkg'
[1.008s] Level 1:colcon.colcon_core.package_identification:_identify(.) by extensions ['colcon_meta']
[1.008s] Level 1:colcon.colcon_core.package_identification:_identify(.) by extension 'colcon_meta'
[1.008s] Level 1:colcon.colcon_core.package_identification:_identify(.) by extensions ['ros']
[1.008s] Level 1:colcon.colcon_core.package_identification:_identify(.) by extension 'ros'
[1.049s] Level 1:colcon.colcon_core.package_identification:_identify(.) by extensions ['cmake', 'python']
[1.049s] Level 1:colcon.colcon_core.package_identification:_identify(.) by extension 'cmake'
[1.049s] Level 1:colcon.colcon_core.package_identification:_identify(.) by extension 'python'
[1.050s] Level 1:colcon.colcon_core.package_identification:_identify(.) by extensions ['python_setup_py']
[1.050s] Level 1:colcon.colcon_core.package_identification:_identify(.) by extension 'python_setup_py'
[1.050s] Level 1:colcon.colcon_core.package_identification:_identify(build) by extensions ['ignore', 'ignore_ament_install']
[1.051s] Level 1:colcon.colcon_core.package_identification:_identify(build) by extension 'ignore'
[1.051s] Level 1:colcon.colcon_core.package_identification:_identify(build) ignored
[1.052s] Level 1:colcon.colcon_core.package_identification:_identify(install) by extensions ['ignore', 'ignore_ament_install']
[1.052s] Level 1:colcon.colcon_core.package_identification:_identify(install) by extension 'ignore'
[1.053s] Level 1:colcon.colcon_core.package_identification:_identify(install) ignored
[1.053s] Level 1:colcon.colcon_core.package_identification:_identify(kernels) by extensions ['ignore', 'ignore_ament_install']
[1.053s] Level 1:colcon.colcon_core.package_identification:_identify(kernels) by extension 'ignore'
[1.053s] Level 1:colcon.colcon_core.package_identification:_identify(kernels) by extension 'ignore_ament_install'
[1.054s] Level 1:colcon.colcon_core.package_identification:_identify(kernels) by extensions ['colcon_pkg']
[1.054s] Level 1:colcon.colcon_core.package_identification:_identify(kernels) by extension 'colcon_pkg'
[1.054s] Level 1:colcon.colcon_core.package_identification:_identify(kernels) by extensions ['colcon_meta']
[1.054s] Level 1:colcon.colcon_core.package_identification:_identify(kernels) by extension 'colcon_meta'
[1.054s] Level 1:colcon.colcon_core.package_identification:_identify(kernels) by extensions ['ros']
[1.055s] Level 1:colcon.colcon_core.package_identification:_identify(kernels) by extension 'ros'
[1.055s] Level 1:colcon.colcon_core.package_identification:_identify(kernels) by extensions ['cmake', 'python']
[1.055s] Level 1:colcon.colcon_core.package_identification:_identify(kernels) by extension 'cmake'
[1.055s] Level 1:colcon.colcon_core.package_identification:_identify(kernels) by extension 'python'
[1.055s] Level 1:colcon.colcon_core.package_identification:_identify(kernels) by extensions ['python_setup_py']
[1.055s] Level 1:colcon.colcon_core.package_identification:_identify(kernels) by extension 'python_setup_py'
[1.056s] Level 1:colcon.colcon_core.package_identification:_identify(kernels/dispositions) by extensions ['ignore', 'ignore_ament_install']
[1.056s] Level 1:colcon.colcon_core.package_identification:_identify(kernels/dispositions) by extension 'ignore'
[1.056s] Level 1:colcon.colcon_core.package_identification:_identify(kernels/dispositions) by extension 'ignore_ament_install'
[1.057s] Level 1:colcon.colcon_core.package_identification:_identify(kernels/dispositions) by extensions ['colcon_pkg']
[1.057s] Level 1:colcon.colcon_core.package_identification:_identify(kernels/dispositions) by extension 'colcon_pkg'
[1.057s] Level 1:colcon.colcon_core.package_identification:_identify(kernels/dispositions) by extensions ['colcon_meta']
[1.057s] Level 1:colcon.colcon_core.package_identification:_identify(kernels/dispositions) by extension 'colcon_meta'
[1.057s] Level 1:colcon.colcon_core.package_identification:_identify(kernels/dispositions) by extensions ['ros']
[1.057s] Level 1:colcon.colcon_core.package_identification:_identify(kernels/dispositions) by extension 'ros'
[1.058s] Level 1:colcon.colcon_core.package_identification:_identify(kernels/dispositions) by extensions ['cmake', 'python']
[1.058s] Level 1:colcon.colcon_core.package_identification:_identify(kernels/dispositions) by extension 'cmake'
[1.058s] Level 1:colcon.colcon_core.package_identification:_identify(kernels/dispositions) by extension 'python'
[1.058s] Level 1:colcon.colcon_core.package_identification:_identify(kernels/dispositions) by extensions ['python_setup_py']
[1.058s] Level 1:colcon.colcon_core.package_identification:_identify(kernels/dispositions) by extension 'python_setup_py'
[1.059s] Level 1:colcon.colcon_core.package_identification:_identify(log) by extensions ['ignore', 'ignore_ament_install']
[1.059s] Level 1:colcon.colcon_core.package_identification:_identify(log) by extension 'ignore'
[1.059s] Level 1:colcon.colcon_core.package_identification:_identify(log) ignored
[1.060s] Level 1:colcon.colcon_core.package_identification:_identify(src) by extensions ['ignore', 'ignore_ament_install']
[1.060s] Level 1:colcon.colcon_core.package_identification:_identify(src) by extension 'ignore'
[1.060s] Level 1:colcon.colcon_core.package_identification:_identify(src) by extension 'ignore_ament_install'
[1.060s] Level 1:colcon.colcon_core.package_identification:_identify(src) by extensions ['colcon_pkg']
[1.061s] Level 1:colcon.colcon_core.package_identification:_identify(src) by extension 'colcon_pkg'
[1.061s] Level 1:colcon.colcon_core.package_identification:_identify(src) by extensions ['colcon_meta']
[1.061s] Level 1:colcon.colcon_core.package_identification:_identify(src) by extension 'colcon_meta'
[1.061s] Level 1:colcon.colcon_core.package_identification:_identify(src) by extensions ['ros']
[1.061s] Level 1:colcon.colcon_core.package_identification:_identify(src) by extension 'ros'
[1.062s] Level 1:colcon.colcon_core.package_identification:_identify(src) by extensions ['cmake', 'python']
[1.062s] Level 1:colcon.colcon_core.package_identification:_identify(src) by extension 'cmake'
[1.062s] Level 1:colcon.colcon_core.package_identification:_identify(src) by extension 'python'
[1.062s] Level 1:colcon.colcon_core.package_identification:_identify(src) by extensions ['python_setup_py']
[1.062s] Level 1:colcon.colcon_core.package_identification:_identify(src) by extension 'python_setup_py'
[1.063s] Level 1:colcon.colcon_core.package_identification:_identify(src/deep_sogm) by extensions ['ignore', 'ignore_ament_install']
[1.063s] Level 1:colcon.colcon_core.package_identification:_identify(src/deep_sogm) by extension 'ignore'
[1.063s] Level 1:colcon.colcon_core.package_identification:_identify(src/deep_sogm) by extension 'ignore_ament_install'
[1.063s] Level 1:colcon.colcon_core.package_identification:_identify(src/deep_sogm) by extensions ['colcon_pkg']
[1.064s] Level 1:colcon.colcon_core.package_identification:_identify(src/deep_sogm) by extension 'colcon_pkg'
[1.064s] Level 1:colcon.colcon_core.package_identification:_identify(src/deep_sogm) by extensions ['colcon_meta']
[1.064s] Level 1:colcon.colcon_core.package_identification:_identify(src/deep_sogm) by extension 'colcon_meta'
[1.064s] Level 1:colcon.colcon_core.package_identification:_identify(src/deep_sogm) by extensions ['ros']
[1.064s] Level 1:colcon.colcon_core.package_identification:_identify(src/deep_sogm) by extension 'ros'
[1.075s] DEBUG:colcon.colcon_core.package_identification:Package 'src/deep_sogm' with type 'ros.ament_python' and name 'deep_sogm'
[1.075s] Level 1:colcon.colcon_core.package_identification:_identify(src/msg_interfaces) by extensions ['ignore', 'ignore_ament_install']
[1.076s] Level 1:colcon.colcon_core.package_identification:_identify(src/msg_interfaces) by extension 'ignore'
[1.076s] Level 1:colcon.colcon_core.package_identification:_identify(src/msg_interfaces) by extension 'ignore_ament_install'
[1.076s] Level 1:colcon.colcon_core.package_identification:_identify(src/msg_interfaces) by extensions ['colcon_pkg']
[1.076s] Level 1:colcon.colcon_core.package_identification:_identify(src/msg_interfaces) by extension 'colcon_pkg'
[1.076s] Level 1:colcon.colcon_core.package_identification:_identify(src/msg_interfaces) by extensions ['colcon_meta']
[1.077s] Level 1:colcon.colcon_core.package_identification:_identify(src/msg_interfaces) by extension 'colcon_meta'
[1.077s] Level 1:colcon.colcon_core.package_identification:_identify(src/msg_interfaces) by extensions ['ros']
[1.077s] Level 1:colcon.colcon_core.package_identification:_identify(src/msg_interfaces) by extension 'ros'
[1.079s] DEBUG:colcon.colcon_core.package_identification:Package 'src/msg_interfaces' with type 'ros.ament_cmake' and name 'msg_interfaces'
[1.080s] Level 1:colcon.colcon_core.package_identification:_identify(src/py_pubsub) by extensions ['ignore', 'ignore_ament_install']
[1.080s] Level 1:colcon.colcon_core.package_identification:_identify(src/py_pubsub) by extension 'ignore'
[1.080s] Level 1:colcon.colcon_core.package_identification:_identify(src/py_pubsub) by extension 'ignore_ament_install'
[1.080s] Level 1:colcon.colcon_core.package_identification:_identify(src/py_pubsub) by extensions ['colcon_pkg']
[1.081s] Level 1:colcon.colcon_core.package_identification:_identify(src/py_pubsub) by extension 'colcon_pkg'
[1.081s] Level 1:colcon.colcon_core.package_identification:_identify(src/py_pubsub) by extensions ['colcon_meta']
[1.081s] Level 1:colcon.colcon_core.package_identification:_identify(src/py_pubsub) by extension 'colcon_meta'
[1.081s] Level 1:colcon.colcon_core.package_identification:_identify(src/py_pubsub) by extensions ['ros']
[1.081s] Level 1:colcon.colcon_core.package_identification:_identify(src/py_pubsub) by extension 'ros'
[1.084s] DEBUG:colcon.colcon_core.package_identification:Package 'src/py_pubsub' with type 'ros.ament_python' and name 'py_pubsub'
[1.085s] Level 1:colcon.colcon_core.package_identification:_identify(tmp_srcs) by extensions ['ignore', 'ignore_ament_install']
[1.085s] Level 1:colcon.colcon_core.package_identification:_identify(tmp_srcs) by extension 'ignore'
[1.085s] Level 1:colcon.colcon_core.package_identification:_identify(tmp_srcs) by extension 'ignore_ament_install'
[1.085s] Level 1:colcon.colcon_core.package_identification:_identify(tmp_srcs) by extensions ['colcon_pkg']
[1.086s] Level 1:colcon.colcon_core.package_identification:_identify(tmp_srcs) by extension 'colcon_pkg'
[1.086s] Level 1:colcon.colcon_core.package_identification:_identify(tmp_srcs) by extensions ['colcon_meta']
[1.086s] Level 1:colcon.colcon_core.package_identification:_identify(tmp_srcs) by extension 'colcon_meta'
[1.086s] Level 1:colcon.colcon_core.package_identification:_identify(tmp_srcs) by extensions ['ros']
[1.086s] Level 1:colcon.colcon_core.package_identification:_identify(tmp_srcs) by extension 'ros'
[1.087s] Level 1:colcon.colcon_core.package_identification:_identify(tmp_srcs) by extensions ['cmake', 'python']
[1.087s] Level 1:colcon.colcon_core.package_identification:_identify(tmp_srcs) by extension 'cmake'
[1.087s] Level 1:colcon.colcon_core.package_identification:_identify(tmp_srcs) by extension 'python'
[1.087s] Level 1:colcon.colcon_core.package_identification:_identify(tmp_srcs) by extensions ['python_setup_py']
[1.087s] Level 1:colcon.colcon_core.package_identification:_identify(tmp_srcs) by extension 'python_setup_py'
[1.088s] Level 1:colcon.colcon_core.package_identification:_identify(tmp_srcs/MyhalSimulator) by extensions ['ignore', 'ignore_ament_install']
[1.088s] Level 1:colcon.colcon_core.package_identification:_identify(tmp_srcs/MyhalSimulator) by extension 'ignore'
[1.088s] Level 1:colcon.colcon_core.package_identification:_identify(tmp_srcs/MyhalSimulator) by extension 'ignore_ament_install'
[1.089s] Level 1:colcon.colcon_core.package_identification:_identify(tmp_srcs/MyhalSimulator) by extensions ['colcon_pkg']
[1.089s] Level 1:colcon.colcon_core.package_identification:_identify(tmp_srcs/MyhalSimulator) by extension 'colcon_pkg'
[1.089s] Level 1:colcon.colcon_core.package_identification:_identify(tmp_srcs/MyhalSimulator) by extensions ['colcon_meta']
[1.089s] Level 1:colcon.colcon_core.package_identification:_identify(tmp_srcs/MyhalSimulator) by extension 'colcon_meta'
[1.089s] Level 1:colcon.colcon_core.package_identification:_identify(tmp_srcs/MyhalSimulator) by extensions ['ros']
[1.089s] Level 1:colcon.colcon_core.package_identification:_identify(tmp_srcs/MyhalSimulator) by extension 'ros'
[1.090s] Level 1:colcon.colcon_core.package_identification:_identify(tmp_srcs/MyhalSimulator) by extensions ['cmake', 'python']
[1.090s] Level 1:colcon.colcon_core.package_identification:_identify(tmp_srcs/MyhalSimulator) by extension 'cmake'
[1.090s] Level 1:colcon.colcon_core.package_identification:_identify(tmp_srcs/MyhalSimulator) by extension 'python'
[1.090s] Level 1:colcon.colcon_core.package_identification:_identify(tmp_srcs/MyhalSimulator) by extensions ['python_setup_py']
[1.090s] Level 1:colcon.colcon_core.package_identification:_identify(tmp_srcs/MyhalSimulator) by extension 'python_setup_py'
[1.091s] Level 1:colcon.colcon_core.package_identification:_identify(tmp_srcs/MyhalSimulator/docker_scripts) by extensions ['ignore', 'ignore_ament_install']
[1.091s] Level 1:colcon.colcon_core.package_identification:_identify(tmp_srcs/MyhalSimulator/docker_scripts) by extension 'ignore'
[1.091s] Level 1:colcon.colcon_core.package_identification:_identify(tmp_srcs/MyhalSimulator/docker_scripts) by extension 'ignore_ament_install'
[1.091s] Level 1:colcon.colcon_core.package_identification:_identify(tmp_srcs/MyhalSimulator/docker_scripts) by extensions ['colcon_pkg']
[1.092s] Level 1:colcon.colcon_core.package_identification:_identify(tmp_srcs/MyhalSimulator/docker_scripts) by extension 'colcon_pkg'
[1.092s] Level 1:colcon.colcon_core.package_identification:_identify(tmp_srcs/MyhalSimulator/docker_scripts) by extensions ['colcon_meta']
[1.092s] Level 1:colcon.colcon_core.package_identification:_identify(tmp_srcs/MyhalSimulator/docker_scripts) by extension 'colcon_meta'
[1.092s] Level 1:colcon.colcon_core.package_identification:_identify(tmp_srcs/MyhalSimulator/docker_scripts) by extensions ['ros']
[1.092s] Level 1:colcon.colcon_core.package_identification:_identify(tmp_srcs/MyhalSimulator/docker_scripts) by extension 'ros'
[1.092s] Level 1:colcon.colcon_core.package_identification:_identify(tmp_srcs/MyhalSimulator/docker_scripts) by extensions ['cmake', 'python']
[1.093s] Level 1:colcon.colcon_core.package_identification:_identify(tmp_srcs/MyhalSimulator/docker_scripts) by extension 'cmake'
[1.093s] Level 1:colcon.colcon_core.package_identification:_identify(tmp_srcs/MyhalSimulator/docker_scripts) by extension 'python'
[1.093s] Level 1:colcon.colcon_core.package_identification:_identify(tmp_srcs/MyhalSimulator/docker_scripts) by extensions ['python_setup_py']
[1.093s] Level 1:colcon.colcon_core.package_identification:_identify(tmp_srcs/MyhalSimulator/docker_scripts) by extension 'python_setup_py'
[1.093s] Level 1:colcon.colcon_core.package_identification:_identify(tmp_srcs/MyhalSimulator/imgs) by extensions ['ignore', 'ignore_ament_install']
[1.094s] Level 1:colcon.colcon_core.package_identification:_identify(tmp_srcs/MyhalSimulator/imgs) by extension 'ignore'
[1.094s] Level 1:colcon.colcon_core.package_identification:_identify(tmp_srcs/MyhalSimulator/imgs) by extension 'ignore_ament_install'
[1.094s] Level 1:colcon.colcon_core.package_identification:_identify(tmp_srcs/MyhalSimulator/imgs) by extensions ['colcon_pkg']
[1.094s] Level 1:colcon.colcon_core.package_identification:_identify(tmp_srcs/MyhalSimulator/imgs) by extension 'colcon_pkg'
[1.094s] Level 1:colcon.colcon_core.package_identification:_identify(tmp_srcs/MyhalSimulator/imgs) by extensions ['colcon_meta']
[1.094s] Level 1:colcon.colcon_core.package_identification:_identify(tmp_srcs/MyhalSimulator/imgs) by extension 'colcon_meta'
[1.095s] Level 1:colcon.colcon_core.package_identification:_identify(tmp_srcs/MyhalSimulator/imgs) by extensions ['ros']
[1.095s] Level 1:colcon.colcon_core.package_identification:_identify(tmp_srcs/MyhalSimulator/imgs) by extension 'ros'
[1.095s] Level 1:colcon.colcon_core.package_identification:_identify(tmp_srcs/MyhalSimulator/imgs) by extensions ['cmake', 'python']
[1.095s] Level 1:colcon.colcon_core.package_identification:_identify(tmp_srcs/MyhalSimulator/imgs) by extension 'cmake'
[1.095s] Level 1:colcon.colcon_core.package_identification:_identify(tmp_srcs/MyhalSimulator/imgs) by extension 'python'
[1.095s] Level 1:colcon.colcon_core.package_identification:_identify(tmp_srcs/MyhalSimulator/imgs) by extensions ['python_setup_py']
[1.096s] Level 1:colcon.colcon_core.package_identification:_identify(tmp_srcs/MyhalSimulator/imgs) by extension 'python_setup_py'
[1.096s] Level 1:colcon.colcon_core.package_identification:_identify(tmp_srcs/MyhalSimulator/scripts) by extensions ['ignore', 'ignore_ament_install']
[1.096s] Level 1:colcon.colcon_core.package_identification:_identify(tmp_srcs/MyhalSimulator/scripts) by extension 'ignore'
[1.096s] Level 1:colcon.colcon_core.package_identification:_identify(tmp_srcs/MyhalSimulator/scripts) by extension 'ignore_ament_install'
[1.096s] Level 1:colcon.colcon_core.package_identification:_identify(tmp_srcs/MyhalSimulator/scripts) by extensions ['colcon_pkg']
[1.097s] Level 1:colcon.colcon_core.package_identification:_identify(tmp_srcs/MyhalSimulator/scripts) by extension 'colcon_pkg'
[1.097s] Level 1:colcon.colcon_core.package_identification:_identify(tmp_srcs/MyhalSimulator/scripts) by extensions ['colcon_meta']
[1.097s] Level 1:colcon.colcon_core.package_identification:_identify(tmp_srcs/MyhalSimulator/scripts) by extension 'colcon_meta'
[1.097s] Level 1:colcon.colcon_core.package_identification:_identify(tmp_srcs/MyhalSimulator/scripts) by extensions ['ros']
[1.097s] Level 1:colcon.colcon_core.package_identification:_identify(tmp_srcs/MyhalSimulator/scripts) by extension 'ros'
[1.097s] Level 1:colcon.colcon_core.package_identification:_identify(tmp_srcs/MyhalSimulator/scripts) by extensions ['cmake', 'python']
[1.098s] Level 1:colcon.colcon_core.package_identification:_identify(tmp_srcs/MyhalSimulator/scripts) by extension 'cmake'
[1.098s] Level 1:colcon.colcon_core.package_identification:_identify(tmp_srcs/MyhalSimulator/scripts) by extension 'python'
[1.098s] Level 1:colcon.colcon_core.package_identification:_identify(tmp_srcs/MyhalSimulator/scripts) by extensions ['python_setup_py']
[1.098s] Level 1:colcon.colcon_core.package_identification:_identify(tmp_srcs/MyhalSimulator/scripts) by extension 'python_setup_py'
[1.098s] Level 1:colcon.colcon_core.package_identification:_identify(tmp_srcs/MyhalSimulator/src) by extensions ['ignore', 'ignore_ament_install']
[1.099s] Level 1:colcon.colcon_core.package_identification:_identify(tmp_srcs/MyhalSimulator/src) by extension 'ignore'
[1.099s] Level 1:colcon.colcon_core.package_identification:_identify(tmp_srcs/MyhalSimulator/src) by extension 'ignore_ament_install'
[1.099s] Level 1:colcon.colcon_core.package_identification:_identify(tmp_srcs/MyhalSimulator/src) by extensions ['colcon_pkg']
[1.099s] Level 1:colcon.colcon_core.package_identification:_identify(tmp_srcs/MyhalSimulator/src) by extension 'colcon_pkg'
[1.099s] Level 1:colcon.colcon_core.package_identification:_identify(tmp_srcs/MyhalSimulator/src) by extensions ['colcon_meta']
[1.099s] Level 1:colcon.colcon_core.package_identification:_identify(tmp_srcs/MyhalSimulator/src) by extension 'colcon_meta'
[1.100s] Level 1:colcon.colcon_core.package_identification:_identify(tmp_srcs/MyhalSimulator/src) by extensions ['ros']
[1.100s] Level 1:colcon.colcon_core.package_identification:_identify(tmp_srcs/MyhalSimulator/src) by extension 'ros'
[1.100s] Level 1:colcon.colcon_core.package_identification:_identify(tmp_srcs/MyhalSimulator/src) by extensions ['cmake', 'python']
[1.100s] Level 1:colcon.colcon_core.package_identification:_identify(tmp_srcs/MyhalSimulator/src) by extension 'cmake'
[1.130s] Level 1:colcon.colcon_core.package_identification:_identify(tmp_srcs/MyhalSimulator/src) by extension 'python'
[1.130s] DEBUG:colcon.colcon_core.package_identification:Package 'tmp_srcs/MyhalSimulator/src' with type 'cmake' and name 'src'
[1.131s] Level 1:colcon.colcon_core.package_identification:_identify(tmp_srcs/custom_msgs_old) by extensions ['ignore', 'ignore_ament_install']
[1.131s] Level 1:colcon.colcon_core.package_identification:_identify(tmp_srcs/custom_msgs_old) by extension 'ignore'
[1.131s] Level 1:colcon.colcon_core.package_identification:_identify(tmp_srcs/custom_msgs_old) by extension 'ignore_ament_install'
[1.131s] Level 1:colcon.colcon_core.package_identification:_identify(tmp_srcs/custom_msgs_old) by extensions ['colcon_pkg']
[1.131s] Level 1:colcon.colcon_core.package_identification:_identify(tmp_srcs/custom_msgs_old) by extension 'colcon_pkg'
[1.132s] Level 1:colcon.colcon_core.package_identification:_identify(tmp_srcs/custom_msgs_old) by extensions ['colcon_meta']
[1.132s] Level 1:colcon.colcon_core.package_identification:_identify(tmp_srcs/custom_msgs_old) by extension 'colcon_meta'
[1.132s] Level 1:colcon.colcon_core.package_identification:_identify(tmp_srcs/custom_msgs_old) by extensions ['ros']
[1.132s] Level 1:colcon.colcon_core.package_identification:_identify(tmp_srcs/custom_msgs_old) by extension 'ros'
[1.135s] DEBUG:colcon.colcon_core.package_identification:Package 'tmp_srcs/custom_msgs_old' with type 'ros.ament_cmake' and name 'custom_msgs'
[1.135s] Level 1:colcon.colcon_core.package_identification:_identify(tmp_srcs/jackal) by extensions ['ignore', 'ignore_ament_install']
[1.135s] Level 1:colcon.colcon_core.package_identification:_identify(tmp_srcs/jackal) by extension 'ignore'
[1.136s] Level 1:colcon.colcon_core.package_identification:_identify(tmp_srcs/jackal) by extension 'ignore_ament_install'
[1.136s] Level 1:colcon.colcon_core.package_identification:_identify(tmp_srcs/jackal) by extensions ['colcon_pkg']
[1.136s] Level 1:colcon.colcon_core.package_identification:_identify(tmp_srcs/jackal) by extension 'colcon_pkg'
[1.136s] Level 1:colcon.colcon_core.package_identification:_identify(tmp_srcs/jackal) by extensions ['colcon_meta']
[1.136s] Level 1:colcon.colcon_core.package_identification:_identify(tmp_srcs/jackal) by extension 'colcon_meta'
[1.136s] Level 1:colcon.colcon_core.package_identification:_identify(tmp_srcs/jackal) by extensions ['ros']
[1.137s] Level 1:colcon.colcon_core.package_identification:_identify(tmp_srcs/jackal) by extension 'ros'
[1.137s] Level 1:colcon.colcon_core.package_identification:_identify(tmp_srcs/jackal) by extensions ['cmake', 'python']
[1.137s] Level 1:colcon.colcon_core.package_identification:_identify(tmp_srcs/jackal) by extension 'cmake'
[1.137s] Level 1:colcon.colcon_core.package_identification:_identify(tmp_srcs/jackal) by extension 'python'
[1.137s] Level 1:colcon.colcon_core.package_identification:_identify(tmp_srcs/jackal) by extensions ['python_setup_py']
[1.137s] Level 1:colcon.colcon_core.package_identification:_identify(tmp_srcs/jackal) by extension 'python_setup_py'
[1.138s] Level 1:colcon.colcon_core.package_identification:_identify(tmp_srcs/jackal/jackal_control) by extensions ['ignore', 'ignore_ament_install']
[1.138s] Level 1:colcon.colcon_core.package_identification:_identify(tmp_srcs/jackal/jackal_control) by extension 'ignore'
[1.138s] Level 1:colcon.colcon_core.package_identification:_identify(tmp_srcs/jackal/jackal_control) by extension 'ignore_ament_install'
[1.139s] Level 1:colcon.colcon_core.package_identification:_identify(tmp_srcs/jackal/jackal_control) by extensions ['colcon_pkg']
[1.139s] Level 1:colcon.colcon_core.package_identification:_identify(tmp_srcs/jackal/jackal_control) by extension 'colcon_pkg'
[1.139s] Level 1:colcon.colcon_core.package_identification:_identify(tmp_srcs/jackal/jackal_control) by extensions ['colcon_meta']
[1.139s] Level 1:colcon.colcon_core.package_identification:_identify(tmp_srcs/jackal/jackal_control) by extension 'colcon_meta'
[1.139s] Level 1:colcon.colcon_core.package_identification:_identify(tmp_srcs/jackal/jackal_control) by extensions ['ros']
[1.139s] Level 1:colcon.colcon_core.package_identification:_identify(tmp_srcs/jackal/jackal_control) by extension 'ros'
[1.143s] DEBUG:colcon.colcon_core.package_identification:Package 'tmp_srcs/jackal/jackal_control' with type 'ros.catkin' and name 'jackal_control'
[1.144s] Level 1:colcon.colcon_core.package_identification:_identify(tmp_srcs/jackal/jackal_description) by extensions ['ignore', 'ignore_ament_install']
[1.144s] Level 1:colcon.colcon_core.package_identification:_identify(tmp_srcs/jackal/jackal_description) by extension 'ignore'
[1.144s] Level 1:colcon.colcon_core.package_identification:_identify(tmp_srcs/jackal/jackal_description) by extension 'ignore_ament_install'
[1.144s] Level 1:colcon.colcon_core.package_identification:_identify(tmp_srcs/jackal/jackal_description) by extensions ['colcon_pkg']
[1.145s] Level 1:colcon.colcon_core.package_identification:_identify(tmp_srcs/jackal/jackal_description) by extension 'colcon_pkg'
[1.145s] Level 1:colcon.colcon_core.package_identification:_identify(tmp_srcs/jackal/jackal_description) by extensions ['colcon_meta']
[1.145s] Level 1:colcon.colcon_core.package_identification:_identify(tmp_srcs/jackal/jackal_description) by extension 'colcon_meta'
[1.145s] Level 1:colcon.colcon_core.package_identification:_identify(tmp_srcs/jackal/jackal_description) by extensions ['ros']
[1.145s] Level 1:colcon.colcon_core.package_identification:_identify(tmp_srcs/jackal/jackal_description) by extension 'ros'
[1.148s] DEBUG:colcon.colcon_core.package_identification:Package 'tmp_srcs/jackal/jackal_description' with type 'ros.catkin' and name 'jackal_description'
[1.149s] Level 1:colcon.colcon_core.package_identification:_identify(tmp_srcs/jackal/jackal_msgs) by extensions ['ignore', 'ignore_ament_install']
[1.149s] Level 1:colcon.colcon_core.package_identification:_identify(tmp_srcs/jackal/jackal_msgs) by extension 'ignore'
[1.149s] Level 1:colcon.colcon_core.package_identification:_identify(tmp_srcs/jackal/jackal_msgs) by extension 'ignore_ament_install'
[1.150s] Level 1:colcon.colcon_core.package_identification:_identify(tmp_srcs/jackal/jackal_msgs) by extensions ['colcon_pkg']
[1.150s] Level 1:colcon.colcon_core.package_identification:_identify(tmp_srcs/jackal/jackal_msgs) by extension 'colcon_pkg'
[1.150s] Level 1:colcon.colcon_core.package_identification:_identify(tmp_srcs/jackal/jackal_msgs) by extensions ['colcon_meta']
[1.150s] Level 1:colcon.colcon_core.package_identification:_identify(tmp_srcs/jackal/jackal_msgs) by extension 'colcon_meta'
[1.150s] Level 1:colcon.colcon_core.package_identification:_identify(tmp_srcs/jackal/jackal_msgs) by extensions ['ros']
[1.150s] Level 1:colcon.colcon_core.package_identification:_identify(tmp_srcs/jackal/jackal_msgs) by extension 'ros'
[1.153s] DEBUG:colcon.colcon_core.package_identification:Package 'tmp_srcs/jackal/jackal_msgs' with type 'ros.catkin' and name 'jackal_msgs'
[1.153s] Level 1:colcon.colcon_core.package_identification:_identify(tmp_srcs/jackal/jackal_navigation) by extensions ['ignore', 'ignore_ament_install']
[1.153s] Level 1:colcon.colcon_core.package_identification:_identify(tmp_srcs/jackal/jackal_navigation) by extension 'ignore'
[1.154s] Level 1:colcon.colcon_core.package_identification:_identify(tmp_srcs/jackal/jackal_navigation) by extension 'ignore_ament_install'
[1.154s] Level 1:colcon.colcon_core.package_identification:_identify(tmp_srcs/jackal/jackal_navigation) by extensions ['colcon_pkg']
[1.154s] Level 1:colcon.colcon_core.package_identification:_identify(tmp_srcs/jackal/jackal_navigation) by extension 'colcon_pkg'
[1.154s] Level 1:colcon.colcon_core.package_identification:_identify(tmp_srcs/jackal/jackal_navigation) by extensions ['colcon_meta']
[1.154s] Level 1:colcon.colcon_core.package_identification:_identify(tmp_srcs/jackal/jackal_navigation) by extension 'colcon_meta'
[1.155s] Level 1:colcon.colcon_core.package_identification:_identify(tmp_srcs/jackal/jackal_navigation) by extensions ['ros']
[1.155s] Level 1:colcon.colcon_core.package_identification:_identify(tmp_srcs/jackal/jackal_navigation) by extension 'ros'
[1.157s] DEBUG:colcon.colcon_core.package_identification:Package 'tmp_srcs/jackal/jackal_navigation' with type 'ros.catkin' and name 'jackal_navigation'
[1.158s] Level 1:colcon.colcon_core.package_identification:_identify(tmp_srcs/jackal/jackal_tutorials) by extensions ['ignore', 'ignore_ament_install']
[1.158s] Level 1:colcon.colcon_core.package_identification:_identify(tmp_srcs/jackal/jackal_tutorials) by extension 'ignore'
[1.158s] Level 1:colcon.colcon_core.package_identification:_identify(tmp_srcs/jackal/jackal_tutorials) by extension 'ignore_ament_install'
[1.159s] Level 1:colcon.colcon_core.package_identification:_identify(tmp_srcs/jackal/jackal_tutorials) by extensions ['colcon_pkg']
[1.159s] Level 1:colcon.colcon_core.package_identification:_identify(tmp_srcs/jackal/jackal_tutorials) by extension 'colcon_pkg'
[1.159s] Level 1:colcon.colcon_core.package_identification:_identify(tmp_srcs/jackal/jackal_tutorials) by extensions ['colcon_meta']
[1.159s] Level 1:colcon.colcon_core.package_identification:_identify(tmp_srcs/jackal/jackal_tutorials) by extension 'colcon_meta'
[1.159s] Level 1:colcon.colcon_core.package_identification:_identify(tmp_srcs/jackal/jackal_tutorials) by extensions ['ros']
[1.160s] Level 1:colcon.colcon_core.package_identification:_identify(tmp_srcs/jackal/jackal_tutorials) by extension 'ros'
[1.161s] DEBUG:colcon.colcon_core.package_identification:Package 'tmp_srcs/jackal/jackal_tutorials' with type 'ros.catkin' and name 'jackal_tutorials'
[1.162s] Level 1:colcon.colcon_core.package_identification:_identify(tmp_srcs/launch_delay) by extensions ['ignore', 'ignore_ament_install']
[1.162s] Level 1:colcon.colcon_core.package_identification:_identify(tmp_srcs/launch_delay) by extension 'ignore'
[1.162s] Level 1:colcon.colcon_core.package_identification:_identify(tmp_srcs/launch_delay) by extension 'ignore_ament_install'
[1.162s] Level 1:colcon.colcon_core.package_identification:_identify(tmp_srcs/launch_delay) by extensions ['colcon_pkg']
[1.163s] Level 1:colcon.colcon_core.package_identification:_identify(tmp_srcs/launch_delay) by extension 'colcon_pkg'
[1.163s] Level 1:colcon.colcon_core.package_identification:_identify(tmp_srcs/launch_delay) by extensions ['colcon_meta']
[1.163s] Level 1:colcon.colcon_core.package_identification:_identify(tmp_srcs/launch_delay) by extension 'colcon_meta'
[1.163s] Level 1:colcon.colcon_core.package_identification:_identify(tmp_srcs/launch_delay) by extensions ['ros']
[1.163s] Level 1:colcon.colcon_core.package_identification:_identify(tmp_srcs/launch_delay) by extension 'ros'
[1.165s] DEBUG:colcon.colcon_core.package_identification:Package 'tmp_srcs/launch_delay' with type 'ros.catkin' and name 'launch_delay'
[1.165s] Level 1:colcon.colcon_core.package_identification:_identify(tmp_srcs/my_package) by extensions ['ignore', 'ignore_ament_install']
[1.165s] Level 1:colcon.colcon_core.package_identification:_identify(tmp_srcs/my_package) by extension 'ignore'
[1.165s] Level 1:colcon.colcon_core.package_identification:_identify(tmp_srcs/my_package) by extension 'ignore_ament_install'
[1.166s] Level 1:colcon.colcon_core.package_identification:_identify(tmp_srcs/my_package) by extensions ['colcon_pkg']
[1.166s] Level 1:colcon.colcon_core.package_identification:_identify(tmp_srcs/my_package) by extension 'colcon_pkg'
[1.166s] Level 1:colcon.colcon_core.package_identification:_identify(tmp_srcs/my_package) by extensions ['colcon_meta']
[1.166s] Level 1:colcon.colcon_core.package_identification:_identify(tmp_srcs/my_package) by extension 'colcon_meta'
[1.166s] Level 1:colcon.colcon_core.package_identification:_identify(tmp_srcs/my_package) by extensions ['ros']
[1.166s] Level 1:colcon.colcon_core.package_identification:_identify(tmp_srcs/my_package) by extension 'ros'
[1.169s] DEBUG:colcon.colcon_core.package_identification:Package 'tmp_srcs/my_package' with type 'ros.ament_python' and name 'my_package'
[1.169s] Level 1:colcon.colcon_core.package_identification:_identify(tmp_srcs/pointcloud_to_laserscan) by extensions ['ignore', 'ignore_ament_install']
[1.169s] Level 1:colcon.colcon_core.package_identification:_identify(tmp_srcs/pointcloud_to_laserscan) by extension 'ignore'
[1.169s] Level 1:colcon.colcon_core.package_identification:_identify(tmp_srcs/pointcloud_to_laserscan) by extension 'ignore_ament_install'
[1.170s] Level 1:colcon.colcon_core.package_identification:_identify(tmp_srcs/pointcloud_to_laserscan) by extensions ['colcon_pkg']
[1.170s] Level 1:colcon.colcon_core.package_identification:_identify(tmp_srcs/pointcloud_to_laserscan) by extension 'colcon_pkg'
[1.170s] Level 1:colcon.colcon_core.package_identification:_identify(tmp_srcs/pointcloud_to_laserscan) by extensions ['colcon_meta']
[1.170s] Level 1:colcon.colcon_core.package_identification:_identify(tmp_srcs/pointcloud_to_laserscan) by extension 'colcon_meta'
[1.170s] Level 1:colcon.colcon_core.package_identification:_identify(tmp_srcs/pointcloud_to_laserscan) by extensions ['ros']
[1.170s] Level 1:colcon.colcon_core.package_identification:_identify(tmp_srcs/pointcloud_to_laserscan) by extension 'ros'
[1.174s] DEBUG:colcon.colcon_core.package_identification:Package 'tmp_srcs/pointcloud_to_laserscan' with type 'ros.catkin' and name 'pointcloud_to_laserscan'
[1.175s] Level 1:colcon.colcon_core.package_identification:_identify(tmp_srcs/velo_repub) by extensions ['ignore', 'ignore_ament_install']
[1.175s] Level 1:colcon.colcon_core.package_identification:_identify(tmp_srcs/velo_repub) by extension 'ignore'
[1.175s] Level 1:colcon.colcon_core.package_identification:_identify(tmp_srcs/velo_repub) by extension 'ignore_ament_install'
[1.175s] Level 1:colcon.colcon_core.package_identification:_identify(tmp_srcs/velo_repub) by extensions ['colcon_pkg']
[1.176s] Level 1:colcon.colcon_core.package_identification:_identify(tmp_srcs/velo_repub) by extension 'colcon_pkg'
[1.176s] Level 1:colcon.colcon_core.package_identification:_identify(tmp_srcs/velo_repub) by extensions ['colcon_meta']
[1.176s] Level 1:colcon.colcon_core.package_identification:_identify(tmp_srcs/velo_repub) by extension 'colcon_meta'
[1.176s] Level 1:colcon.colcon_core.package_identification:_identify(tmp_srcs/velo_repub) by extensions ['ros']
[1.176s] Level 1:colcon.colcon_core.package_identification:_identify(tmp_srcs/velo_repub) by extension 'ros'
[1.181s] DEBUG:colcon.colcon_core.package_identification:Package 'tmp_srcs/velo_repub' with type 'ros.catkin' and name 'velo_repub'
[1.181s] Level 1:colcon.colcon_core.package_discovery:discover_packages(recursive) using defaults
[1.182s] Level 1:colcon.colcon_core.package_discovery:discover_packages(ignore) discover
[1.182s] Level 1:colcon.colcon_core.package_discovery:discover_packages(ignore) using defaults
[1.182s] Level 1:colcon.colcon_core.package_discovery:discover_packages(path) discover
[1.182s] Level 1:colcon.colcon_core.package_discovery:discover_packages(path) using defaults
[1.271s] INFO:colcon.colcon_core.package_selection:Skipping not selected package 'custom_msgs' in 'tmp_srcs/custom_msgs_old'
[1.271s] INFO:colcon.colcon_core.package_selection:Skipping not selected package 'deep_sogm' in 'src/deep_sogm'
[1.271s] INFO:colcon.colcon_core.package_selection:Skipping not selected package 'jackal_control' in 'tmp_srcs/jackal/jackal_control'
[1.271s] INFO:colcon.colcon_core.package_selection:Skipping not selected package 'jackal_description' in 'tmp_srcs/jackal/jackal_description'
[1.272s] INFO:colcon.colcon_core.package_selection:Skipping not selected package 'jackal_msgs' in 'tmp_srcs/jackal/jackal_msgs'
[1.272s] INFO:colcon.colcon_core.package_selection:Skipping not selected package 'jackal_navigation' in 'tmp_srcs/jackal/jackal_navigation'
[1.272s] INFO:colcon.colcon_core.package_selection:Skipping not selected package 'jackal_tutorials' in 'tmp_srcs/jackal/jackal_tutorials'
[1.272s] INFO:colcon.colcon_core.package_selection:Skipping not selected package 'launch_delay' in 'tmp_srcs/launch_delay'
[1.272s] INFO:colcon.colcon_core.package_selection:Skipping not selected package 'msg_interfaces' in 'src/msg_interfaces'
[1.272s] INFO:colcon.colcon_core.package_selection:Skipping not selected package 'my_package' in 'tmp_srcs/my_package'
[1.272s] INFO:colcon.colcon_core.package_selection:Skipping not selected package 'pointcloud_to_laserscan' in 'tmp_srcs/pointcloud_to_laserscan'
[1.272s] INFO:colcon.colcon_core.package_selection:Skipping not selected package 'src' in 'tmp_srcs/MyhalSimulator/src'
[1.272s] INFO:colcon.colcon_core.package_selection:Skipping not selected package 'velo_repub' in 'tmp_srcs/velo_repub'
[1.282s] Level 5:colcon.colcon_core.verb:set package 'py_pubsub' build argument 'cmake_args' from command line to 'None'
[1.282s] Level 5:colcon.colcon_core.verb:set package 'py_pubsub' build argument 'cmake_target' from command line to 'None'
[1.282s] Level 5:colcon.colcon_core.verb:set package 'py_pubsub' build argument 'cmake_target_skip_unavailable' from command line to 'False'
[1.282s] Level 5:colcon.colcon_core.verb:set package 'py_pubsub' build argument 'cmake_clean_cache' from command line to 'False'
[1.283s] Level 5:colcon.colcon_core.verb:set package 'py_pubsub' build argument 'cmake_clean_first' from command line to 'False'
[1.283s] Level 5:colcon.colcon_core.verb:set package 'py_pubsub' build argument 'cmake_force_configure' from command line to 'False'
[1.283s] Level 5:colcon.colcon_core.verb:set package 'py_pubsub' build argument 'ament_cmake_args' from command line to 'None'
[1.283s] Level 5:colcon.colcon_core.verb:set package 'py_pubsub' build argument 'catkin_cmake_args' from command line to 'None'
[1.283s] Level 5:colcon.colcon_core.verb:set package 'py_pubsub' build argument 'catkin_skip_building_tests' from command line to 'False'
[1.283s] DEBUG:colcon.colcon_core.verb:Building package 'py_pubsub' with the following arguments: {'ament_cmake_args': None, 'build_base': '/home/administrator/eloquent_ws/build/py_pubsub', 'catkin_cmake_args': None, 'catkin_skip_building_tests': False, 'cmake_args': None, 'cmake_clean_cache': False, 'cmake_clean_first': False, 'cmake_force_configure': False, 'cmake_target': None, 'cmake_target_skip_unavailable': False, 'install_base': '/home/administrator/eloquent_ws/install/py_pubsub', 'merge_install': False, 'path': '/home/administrator/eloquent_ws/src/py_pubsub', 'symlink_install': True, 'test_result_base': None}
[1.284s] INFO:colcon.colcon_core.executor:Executing jobs using 'parallel' executor
[1.291s] DEBUG:colcon.colcon_parallel_executor.executor.parallel:run_until_complete
[1.292s] INFO:colcon.colcon_ros.task.ament_python.build:Building ROS package in '/home/administrator/eloquent_ws/src/py_pubsub' with build type 'ament_python'
[1.292s] Level 1:colcon.colcon_core.shell:create_environment_hook('py_pubsub', 'ament_prefix_path')
[1.310s] INFO:colcon.colcon_core.plugin_system:Skipping extension 'colcon_core.shell.bat': Not used on non-Windows systems
[1.311s] INFO:colcon.colcon_core.shell:Creating environment hook '/home/administrator/eloquent_ws/install/py_pubsub/share/py_pubsub/hook/ament_prefix_path.ps1'
[1.314s] INFO:colcon.colcon_core.shell:Creating environment descriptor '/home/administrator/eloquent_ws/install/py_pubsub/share/py_pubsub/hook/ament_prefix_path.dsv'
[1.315s] INFO:colcon.colcon_core.shell:Creating environment hook '/home/administrator/eloquent_ws/install/py_pubsub/share/py_pubsub/hook/ament_prefix_path.sh'
[1.319s] INFO:colcon.colcon_core.shell:Skip shell extension 'powershell' for command environment: Not usable outside of PowerShell
[1.320s] DEBUG:colcon.colcon_core.shell:Skip shell extension 'dsv' for command environment
[1.329s] DEBUG:colcon.colcon_core.shell:Ignoring prefix path '/opt/ros/eloquent'
[1.329s] DEBUG:colcon.colcon_core.shell:Ignoring prefix path '/opt/ros/melodic'
[2.063s] INFO:colcon.colcon_core.task.python.build:Building Python package in '/home/administrator/eloquent_ws/src/py_pubsub'
[2.068s] INFO:colcon.colcon_core.shell:Skip shell extension 'powershell' for command environment: Not usable outside of PowerShell
[2.069s] DEBUG:colcon.colcon_core.shell:Skip shell extension 'dsv' for command environment
[2.075s] DEBUG:colcon.colcon_core.shell:Ignoring prefix path '/opt/ros/eloquent'
[2.076s] DEBUG:colcon.colcon_core.shell:Ignoring prefix path '/opt/ros/melodic'
[2.095s] DEBUG:colcon.colcon_core.event_handler.log_command:Invoking command in '/home/administrator/eloquent_ws/build/py_pubsub': PYTHONPATH=/home/administrator/eloquent_ws/install/py_pubsub/lib/python3.6/site-packages:${PYTHONPATH} /usr/bin/python3 setup.py develop --prefix /home/administrator/eloquent_ws/install/py_pubsub --editable --build-directory /home/administrator/eloquent_ws/build/py_pubsub/build --no-deps install_data --install-dir /home/administrator/eloquent_ws/install/py_pubsub
[3.512s] Level 1:colcon.colcon_core.shell:create_environment_hook('py_pubsub', 'pythonpath_develop')
[3.513s] DEBUG:colcon.colcon_core.event_handler.log_command:Invoked command in '/home/administrator/eloquent_ws/build/py_pubsub' returned '0': PYTHONPATH=/home/administrator/eloquent_ws/install/py_pubsub/lib/python3.6/site-packages:${PYTHONPATH} /usr/bin/python3 setup.py develop --prefix /home/administrator/eloquent_ws/install/py_pubsub --editable --build-directory /home/administrator/eloquent_ws/build/py_pubsub/build --no-deps install_data --install-dir /home/administrator/eloquent_ws/install/py_pubsub
[3.517s] INFO:colcon.colcon_core.shell:Creating environment hook '/home/administrator/eloquent_ws/build/py_pubsub/share/py_pubsub/hook/pythonpath_develop.ps1'
[3.521s] INFO:colcon.colcon_core.shell:Creating environment descriptor '/home/administrator/eloquent_ws/build/py_pubsub/share/py_pubsub/hook/pythonpath_develop.dsv'
[3.522s] INFO:colcon.colcon_core.shell:Creating environment hook '/home/administrator/eloquent_ws/build/py_pubsub/share/py_pubsub/hook/pythonpath_develop.sh'
[3.541s] Level 1:colcon.colcon_core.environment:checking '/home/administrator/eloquent_ws/install/py_pubsub' for CMake module files
[3.543s] Level 1:colcon.colcon_core.environment:checking '/home/administrator/eloquent_ws/install/py_pubsub' for CMake config files
[3.547s] Level 1:colcon.colcon_core.environment:checking '/home/administrator/eloquent_ws/install/py_pubsub/lib'
[3.548s] Level 1:colcon.colcon_core.environment:checking '/home/administrator/eloquent_ws/install/py_pubsub/bin'
[3.548s] Level 1:colcon.colcon_core.environment:checking '/home/administrator/eloquent_ws/install/py_pubsub/lib/pkgconfig/py_pubsub.pc'
[3.548s] Level 1:colcon.colcon_core.environment:checking '/home/administrator/eloquent_ws/install/py_pubsub/lib/python3.6/site-packages'
[3.549s] Level 1:colcon.colcon_core.shell:create_environment_hook('py_pubsub', 'pythonpath')
[3.551s] INFO:colcon.colcon_core.shell:Creating environment hook '/home/administrator/eloquent_ws/install/py_pubsub/share/py_pubsub/hook/pythonpath.ps1'
[3.552s] INFO:colcon.colcon_core.shell:Creating environment descriptor '/home/administrator/eloquent_ws/install/py_pubsub/share/py_pubsub/hook/pythonpath.dsv'
[3.553s] INFO:colcon.colcon_core.shell:Creating environment hook '/home/administrator/eloquent_ws/install/py_pubsub/share/py_pubsub/hook/pythonpath.sh'
[3.555s] Level 1:colcon.colcon_core.environment:create_environment_scripts_only(py_pubsub)
[3.557s] INFO:colcon.colcon_core.shell:Creating package script '/home/administrator/eloquent_ws/install/py_pubsub/share/py_pubsub/package.ps1'
[3.560s] INFO:colcon.colcon_core.shell:Creating package descriptor '/home/administrator/eloquent_ws/install/py_pubsub/share/py_pubsub/package.dsv'
[3.563s] INFO:colcon.colcon_core.shell:Creating package script '/home/administrator/eloquent_ws/install/py_pubsub/share/py_pubsub/package.sh'
[3.566s] INFO:colcon.colcon_core.shell:Creating package script '/home/administrator/eloquent_ws/install/py_pubsub/share/py_pubsub/package.bash'
[3.569s] INFO:colcon.colcon_core.shell:Creating package script '/home/administrator/eloquent_ws/install/py_pubsub/share/py_pubsub/package.zsh'
[3.571s] Level 1:colcon.colcon_core.environment:create_file_with_runtime_dependencies(/home/administrator/eloquent_ws/install/py_pubsub/share/colcon-core/packages/py_pubsub)
[3.572s] DEBUG:colcon.colcon_parallel_executor.executor.parallel:closing loop
[3.574s] DEBUG:colcon.colcon_parallel_executor.executor.parallel:loop closed
[3.575s] DEBUG:colcon.colcon_parallel_executor.executor.parallel:run_until_complete finished with '0'
[3.575s] DEBUG:colcon.colcon_core.event_reactor:joining thread
[3.605s] INFO:colcon.colcon_core.plugin_system:Skipping extension 'colcon_notification.desktop_notification.notify_send': Could not find 'notify-send'
[3.606s] INFO:colcon.colcon_core.plugin_system:Skipping extension 'colcon_notification.desktop_notification.terminal_notifier': Not used on non-Darwin systems
[3.606s] INFO:colcon.colcon_core.plugin_system:Skipping extension 'colcon_notification.desktop_notification.win32': Not used on non-Windows systems
[3.606s] INFO:colcon.colcon_notification.desktop_notification:Sending desktop notification using 'notify2'
[3.610s] DEBUG:colcon.colcon_notification.desktop_notification.notify2:Failed to initialize notify2: org.freedesktop.DBus.Error.InvalidFileContent: D-Bus library appears to be incorrectly set up: see the manual page for dbus-uuidgen to correct this issue. (Failed to open "/var/lib/dbus/machine-id": No such file or directory; UUID file '/etc/machine-id' should contain a hex string of length 32, not length 0, with no other text)
[3.611s] DEBUG:colcon.colcon_core.event_reactor:joined thread
[3.613s] INFO:colcon.colcon_core.shell:Creating prefix script '/home/administrator/eloquent_ws/install/local_setup.ps1'
[3.617s] INFO:colcon.colcon_core.shell:Creating prefix util module '/home/administrator/eloquent_ws/install/_local_setup_util_ps1.py'
[3.622s] INFO:colcon.colcon_core.shell:Creating prefix chain script '/home/administrator/eloquent_ws/install/setup.ps1'
[3.631s] INFO:colcon.colcon_core.shell:Creating prefix script '/home/administrator/eloquent_ws/install/local_setup.sh'
[3.634s] INFO:colcon.colcon_core.shell:Creating prefix util module '/home/administrator/eloquent_ws/install/_local_setup_util_sh.py'
[3.636s] INFO:colcon.colcon_core.shell:Creating prefix chain script '/home/administrator/eloquent_ws/install/setup.sh'
[3.645s] INFO:colcon.colcon_core.shell:Creating prefix script '/home/administrator/eloquent_ws/install/local_setup.bash'
[3.647s] INFO:colcon.colcon_core.shell:Creating prefix chain script '/home/administrator/eloquent_ws/install/setup.bash'
[3.656s] INFO:colcon.colcon_core.shell:Creating prefix script '/home/administrator/eloquent_ws/install/local_setup.zsh'
[3.659s] INFO:colcon.colcon_core.shell:Creating prefix chain script '/home/administrator/eloquent_ws/install/setup.zsh'
