[0.913s] DEBUG:colcon:Command line arguments: ['/usr/bin/colcon', 'build', '--symlink-install', '--packages-select', 'msg_interfaces']
[0.914s] DEBUG:colcon:Parsed command line arguments: Namespace(ament_cmake_args=None, base_paths=['.'], build_base='build', catkin_cmake_args=None, catkin_skip_building_tests=False, cmake_args=None, cmake_clean_cache=False, cmake_clean_first=False, cmake_force_configure=False, cmake_target=None, cmake_target_skip_unavailable=False, continue_on_error=False, event_handlers=None, executor='parallel', ignore_user_meta=False, install_base='install', log_base=None, log_level=None, main=<bound method BuildVerb.main of <colcon_core.verb.build.BuildVerb object at 0x7f80cc1d30>>, merge_install=False, metas=['./colcon.meta'], packages_above=None, packages_above_and_dependencies=None, packages_above_depth=None, packages_end=None, packages_ignore=None, packages_ignore_regex=None, packages_select=['msg_interfaces'], packages_select_build_failed=False, packages_select_by_dep=None, packages_select_regex=None, packages_select_test_failures=False, packages_skip=None, packages_skip_build_finished=False, packages_skip_by_dep=None, packages_skip_regex=None, packages_skip_test_passed=False, packages_skip_up_to=None, packages_start=None, packages_up_to=None, packages_up_to_regex=None, parallel_workers=8, paths=None, symlink_install=True, test_result_base=None, verb_extension=<colcon_core.verb.build.BuildVerb object at 0x7f80cc1d30>, verb_name='build', verb_parser=<colcon_defaults.argument_parser.defaults.DefaultArgumentsDecorator object at 0x7f80c530b8>)
[0.934s] Level 1:colcon.colcon_core.package_discovery:discover_packages(colcon_meta) check parameters
[0.934s] Level 1:colcon.colcon_core.package_discovery:discover_packages(recursive) check parameters
[0.934s] Level 1:colcon.colcon_core.package_discovery:discover_packages(ignore) check parameters
[0.934s] Level 1:colcon.colcon_core.package_discovery:discover_packages(path) check parameters
[0.935s] Level 1:colcon.colcon_core.package_discovery:discover_packages(colcon_meta) discover
[0.936s] Level 1:colcon.colcon_core.package_discovery:discover_packages(recursive) discover
[0.936s] INFO:colcon.colcon_core.package_discovery:Crawling recursively for packages in '/home/administrator/eloquent_ws'
[0.937s] Level 1:colcon.colcon_core.package_identification:_identify(.) by extensions ['ignore', 'ignore_ament_install']
[0.937s] Level 1:colcon.colcon_core.package_identification:_identify(.) by extension 'ignore'
[0.937s] Level 1:colcon.colcon_core.package_identification:_identify(.) by extension 'ignore_ament_install'
[0.937s] Level 1:colcon.colcon_core.package_identification:_identify(.) by extensions ['colcon_pkg']
[0.938s] Level 1:colcon.colcon_core.package_identification:_identify(.) by extension 'colcon_pkg'
[0.938s] Level 1:colcon.colcon_core.package_identification:_identify(.) by extensions ['colcon_meta']
[0.938s] Level 1:colcon.colcon_core.package_identification:_identify(.) by extension 'colcon_meta'
[0.938s] Level 1:colcon.colcon_core.package_identification:_identify(.) by extensions ['ros']
[0.938s] Level 1:colcon.colcon_core.package_identification:_identify(.) by extension 'ros'
[0.986s] Level 1:colcon.colcon_core.package_identification:_identify(.) by extensions ['cmake', 'python']
[0.986s] Level 1:colcon.colcon_core.package_identification:_identify(.) by extension 'cmake'
[0.986s] Level 1:colcon.colcon_core.package_identification:_identify(.) by extension 'python'
[0.986s] Level 1:colcon.colcon_core.package_identification:_identify(.) by extensions ['python_setup_py']
[0.986s] Level 1:colcon.colcon_core.package_identification:_identify(.) by extension 'python_setup_py'
[0.987s] Level 1:colcon.colcon_core.package_identification:_identify(build) by extensions ['ignore', 'ignore_ament_install']
[0.987s] Level 1:colcon.colcon_core.package_identification:_identify(build) by extension 'ignore'
[0.987s] Level 1:colcon.colcon_core.package_identification:_identify(build) ignored
[0.988s] Level 1:colcon.colcon_core.package_identification:_identify(install) by extensions ['ignore', 'ignore_ament_install']
[0.989s] Level 1:colcon.colcon_core.package_identification:_identify(install) by extension 'ignore'
[0.989s] Level 1:colcon.colcon_core.package_identification:_identify(install) ignored
[0.989s] Level 1:colcon.colcon_core.package_identification:_identify(kernels) by extensions ['ignore', 'ignore_ament_install']
[0.990s] Level 1:colcon.colcon_core.package_identification:_identify(kernels) by extension 'ignore'
[0.990s] Level 1:colcon.colcon_core.package_identification:_identify(kernels) by extension 'ignore_ament_install'
[0.990s] Level 1:colcon.colcon_core.package_identification:_identify(kernels) by extensions ['colcon_pkg']
[0.990s] Level 1:colcon.colcon_core.package_identification:_identify(kernels) by extension 'colcon_pkg'
[0.990s] Level 1:colcon.colcon_core.package_identification:_identify(kernels) by extensions ['colcon_meta']
[0.991s] Level 1:colcon.colcon_core.package_identification:_identify(kernels) by extension 'colcon_meta'
[0.991s] Level 1:colcon.colcon_core.package_identification:_identify(kernels) by extensions ['ros']
[0.991s] Level 1:colcon.colcon_core.package_identification:_identify(kernels) by extension 'ros'
[0.991s] Level 1:colcon.colcon_core.package_identification:_identify(kernels) by extensions ['cmake', 'python']
[0.991s] Level 1:colcon.colcon_core.package_identification:_identify(kernels) by extension 'cmake'
[0.992s] Level 1:colcon.colcon_core.package_identification:_identify(kernels) by extension 'python'
[0.992s] Level 1:colcon.colcon_core.package_identification:_identify(kernels) by extensions ['python_setup_py']
[0.992s] Level 1:colcon.colcon_core.package_identification:_identify(kernels) by extension 'python_setup_py'
[0.992s] Level 1:colcon.colcon_core.package_identification:_identify(kernels/dispositions) by extensions ['ignore', 'ignore_ament_install']
[0.993s] Level 1:colcon.colcon_core.package_identification:_identify(kernels/dispositions) by extension 'ignore'
[0.993s] Level 1:colcon.colcon_core.package_identification:_identify(kernels/dispositions) by extension 'ignore_ament_install'
[0.993s] Level 1:colcon.colcon_core.package_identification:_identify(kernels/dispositions) by extensions ['colcon_pkg']
[0.993s] Level 1:colcon.colcon_core.package_identification:_identify(kernels/dispositions) by extension 'colcon_pkg'
[0.993s] Level 1:colcon.colcon_core.package_identification:_identify(kernels/dispositions) by extensions ['colcon_meta']
[0.994s] Level 1:colcon.colcon_core.package_identification:_identify(kernels/dispositions) by extension 'colcon_meta'
[0.994s] Level 1:colcon.colcon_core.package_identification:_identify(kernels/dispositions) by extensions ['ros']
[0.994s] Level 1:colcon.colcon_core.package_identification:_identify(kernels/dispositions) by extension 'ros'
[0.994s] Level 1:colcon.colcon_core.package_identification:_identify(kernels/dispositions) by extensions ['cmake', 'python']
[0.994s] Level 1:colcon.colcon_core.package_identification:_identify(kernels/dispositions) by extension 'cmake'
[0.994s] Level 1:colcon.colcon_core.package_identification:_identify(kernels/dispositions) by extension 'python'
[0.995s] Level 1:colcon.colcon_core.package_identification:_identify(kernels/dispositions) by extensions ['python_setup_py']
[0.995s] Level 1:colcon.colcon_core.package_identification:_identify(kernels/dispositions) by extension 'python_setup_py'
[0.995s] Level 1:colcon.colcon_core.package_identification:_identify(log) by extensions ['ignore', 'ignore_ament_install']
[0.995s] Level 1:colcon.colcon_core.package_identification:_identify(log) by extension 'ignore'
[0.996s] Level 1:colcon.colcon_core.package_identification:_identify(log) ignored
[0.996s] Level 1:colcon.colcon_core.package_identification:_identify(src) by extensions ['ignore', 'ignore_ament_install']
[0.996s] Level 1:colcon.colcon_core.package_identification:_identify(src) by extension 'ignore'
[0.996s] Level 1:colcon.colcon_core.package_identification:_identify(src) by extension 'ignore_ament_install'
[0.996s] Level 1:colcon.colcon_core.package_identification:_identify(src) by extensions ['colcon_pkg']
[0.997s] Level 1:colcon.colcon_core.package_identification:_identify(src) by extension 'colcon_pkg'
[0.997s] Level 1:colcon.colcon_core.package_identification:_identify(src) by extensions ['colcon_meta']
[0.997s] Level 1:colcon.colcon_core.package_identification:_identify(src) by extension 'colcon_meta'
[0.997s] Level 1:colcon.colcon_core.package_identification:_identify(src) by extensions ['ros']
[0.997s] Level 1:colcon.colcon_core.package_identification:_identify(src) by extension 'ros'
[0.997s] Level 1:colcon.colcon_core.package_identification:_identify(src) by extensions ['cmake', 'python']
[0.998s] Level 1:colcon.colcon_core.package_identification:_identify(src) by extension 'cmake'
[0.998s] Level 1:colcon.colcon_core.package_identification:_identify(src) by extension 'python'
[0.998s] Level 1:colcon.colcon_core.package_identification:_identify(src) by extensions ['python_setup_py']
[0.998s] Level 1:colcon.colcon_core.package_identification:_identify(src) by extension 'python_setup_py'
[0.998s] Level 1:colcon.colcon_core.package_identification:_identify(src/deep_sogm) by extensions ['ignore', 'ignore_ament_install']
[0.999s] Level 1:colcon.colcon_core.package_identification:_identify(src/deep_sogm) by extension 'ignore'
[0.999s] Level 1:colcon.colcon_core.package_identification:_identify(src/deep_sogm) by extension 'ignore_ament_install'
[0.999s] Level 1:colcon.colcon_core.package_identification:_identify(src/deep_sogm) by extensions ['colcon_pkg']
[0.999s] Level 1:colcon.colcon_core.package_identification:_identify(src/deep_sogm) by extension 'colcon_pkg'
[0.999s] Level 1:colcon.colcon_core.package_identification:_identify(src/deep_sogm) by extensions ['colcon_meta']
[0.999s] Level 1:colcon.colcon_core.package_identification:_identify(src/deep_sogm) by extension 'colcon_meta'
[0.999s] Level 1:colcon.colcon_core.package_identification:_identify(src/deep_sogm) by extensions ['ros']
[0.999s] Level 1:colcon.colcon_core.package_identification:_identify(src/deep_sogm) by extension 'ros'
[1.008s] DEBUG:colcon.colcon_core.package_identification:Package 'src/deep_sogm' with type 'ros.ament_python' and name 'deep_sogm'
[1.008s] Level 1:colcon.colcon_core.package_identification:_identify(src/msg_interfaces) by extensions ['ignore', 'ignore_ament_install']
[1.009s] Level 1:colcon.colcon_core.package_identification:_identify(src/msg_interfaces) by extension 'ignore'
[1.009s] Level 1:colcon.colcon_core.package_identification:_identify(src/msg_interfaces) by extension 'ignore_ament_install'
[1.009s] Level 1:colcon.colcon_core.package_identification:_identify(src/msg_interfaces) by extensions ['colcon_pkg']
[1.009s] Level 1:colcon.colcon_core.package_identification:_identify(src/msg_interfaces) by extension 'colcon_pkg'
[1.009s] Level 1:colcon.colcon_core.package_identification:_identify(src/msg_interfaces) by extensions ['colcon_meta']
[1.010s] Level 1:colcon.colcon_core.package_identification:_identify(src/msg_interfaces) by extension 'colcon_meta'
[1.010s] Level 1:colcon.colcon_core.package_identification:_identify(src/msg_interfaces) by extensions ['ros']
[1.010s] Level 1:colcon.colcon_core.package_identification:_identify(src/msg_interfaces) by extension 'ros'
[1.012s] DEBUG:colcon.colcon_core.package_identification:Package 'src/msg_interfaces' with type 'ros.ament_cmake' and name 'msg_interfaces'
[1.012s] Level 1:colcon.colcon_core.package_identification:_identify(tmp_srcs) by extensions ['ignore', 'ignore_ament_install']
[1.012s] Level 1:colcon.colcon_core.package_identification:_identify(tmp_srcs) by extension 'ignore'
[1.013s] Level 1:colcon.colcon_core.package_identification:_identify(tmp_srcs) by extension 'ignore_ament_install'
[1.013s] Level 1:colcon.colcon_core.package_identification:_identify(tmp_srcs) by extensions ['colcon_pkg']
[1.013s] Level 1:colcon.colcon_core.package_identification:_identify(tmp_srcs) by extension 'colcon_pkg'
[1.013s] Level 1:colcon.colcon_core.package_identification:_identify(tmp_srcs) by extensions ['colcon_meta']
[1.014s] Level 1:colcon.colcon_core.package_identification:_identify(tmp_srcs) by extension 'colcon_meta'
[1.014s] Level 1:colcon.colcon_core.package_identification:_identify(tmp_srcs) by extensions ['ros']
[1.014s] Level 1:colcon.colcon_core.package_identification:_identify(tmp_srcs) by extension 'ros'
[1.014s] Level 1:colcon.colcon_core.package_identification:_identify(tmp_srcs) by extensions ['cmake', 'python']
[1.014s] Level 1:colcon.colcon_core.package_identification:_identify(tmp_srcs) by extension 'cmake'
[1.015s] Level 1:colcon.colcon_core.package_identification:_identify(tmp_srcs) by extension 'python'
[1.015s] Level 1:colcon.colcon_core.package_identification:_identify(tmp_srcs) by extensions ['python_setup_py']
[1.015s] Level 1:colcon.colcon_core.package_identification:_identify(tmp_srcs) by extension 'python_setup_py'
[1.015s] Level 1:colcon.colcon_core.package_identification:_identify(tmp_srcs/MyhalSimulator) by extensions ['ignore', 'ignore_ament_install']
[1.016s] Level 1:colcon.colcon_core.package_identification:_identify(tmp_srcs/MyhalSimulator) by extension 'ignore'
[1.016s] Level 1:colcon.colcon_core.package_identification:_identify(tmp_srcs/MyhalSimulator) by extension 'ignore_ament_install'
[1.016s] Level 1:colcon.colcon_core.package_identification:_identify(tmp_srcs/MyhalSimulator) by extensions ['colcon_pkg']
[1.016s] Level 1:colcon.colcon_core.package_identification:_identify(tmp_srcs/MyhalSimulator) by extension 'colcon_pkg'
[1.017s] Level 1:colcon.colcon_core.package_identification:_identify(tmp_srcs/MyhalSimulator) by extensions ['colcon_meta']
[1.017s] Level 1:colcon.colcon_core.package_identification:_identify(tmp_srcs/MyhalSimulator) by extension 'colcon_meta'
[1.017s] Level 1:colcon.colcon_core.package_identification:_identify(tmp_srcs/MyhalSimulator) by extensions ['ros']
[1.017s] Level 1:colcon.colcon_core.package_identification:_identify(tmp_srcs/MyhalSimulator) by extension 'ros'
[1.017s] Level 1:colcon.colcon_core.package_identification:_identify(tmp_srcs/MyhalSimulator) by extensions ['cmake', 'python']
[1.018s] Level 1:colcon.colcon_core.package_identification:_identify(tmp_srcs/MyhalSimulator) by extension 'cmake'
[1.018s] Level 1:colcon.colcon_core.package_identification:_identify(tmp_srcs/MyhalSimulator) by extension 'python'
[1.018s] Level 1:colcon.colcon_core.package_identification:_identify(tmp_srcs/MyhalSimulator) by extensions ['python_setup_py']
[1.018s] Level 1:colcon.colcon_core.package_identification:_identify(tmp_srcs/MyhalSimulator) by extension 'python_setup_py'
[1.018s] Level 1:colcon.colcon_core.package_identification:_identify(tmp_srcs/MyhalSimulator/docker_scripts) by extensions ['ignore', 'ignore_ament_install']
[1.019s] Level 1:colcon.colcon_core.package_identification:_identify(tmp_srcs/MyhalSimulator/docker_scripts) by extension 'ignore'
[1.019s] Level 1:colcon.colcon_core.package_identification:_identify(tmp_srcs/MyhalSimulator/docker_scripts) by extension 'ignore_ament_install'
[1.019s] Level 1:colcon.colcon_core.package_identification:_identify(tmp_srcs/MyhalSimulator/docker_scripts) by extensions ['colcon_pkg']
[1.019s] Level 1:colcon.colcon_core.package_identification:_identify(tmp_srcs/MyhalSimulator/docker_scripts) by extension 'colcon_pkg'
[1.020s] Level 1:colcon.colcon_core.package_identification:_identify(tmp_srcs/MyhalSimulator/docker_scripts) by extensions ['colcon_meta']
[1.020s] Level 1:colcon.colcon_core.package_identification:_identify(tmp_srcs/MyhalSimulator/docker_scripts) by extension 'colcon_meta'
[1.020s] Level 1:colcon.colcon_core.package_identification:_identify(tmp_srcs/MyhalSimulator/docker_scripts) by extensions ['ros']
[1.020s] Level 1:colcon.colcon_core.package_identification:_identify(tmp_srcs/MyhalSimulator/docker_scripts) by extension 'ros'
[1.020s] Level 1:colcon.colcon_core.package_identification:_identify(tmp_srcs/MyhalSimulator/docker_scripts) by extensions ['cmake', 'python']
[1.020s] Level 1:colcon.colcon_core.package_identification:_identify(tmp_srcs/MyhalSimulator/docker_scripts) by extension 'cmake'
[1.021s] Level 1:colcon.colcon_core.package_identification:_identify(tmp_srcs/MyhalSimulator/docker_scripts) by extension 'python'
[1.021s] Level 1:colcon.colcon_core.package_identification:_identify(tmp_srcs/MyhalSimulator/docker_scripts) by extensions ['python_setup_py']
[1.021s] Level 1:colcon.colcon_core.package_identification:_identify(tmp_srcs/MyhalSimulator/docker_scripts) by extension 'python_setup_py'
[1.021s] Level 1:colcon.colcon_core.package_identification:_identify(tmp_srcs/MyhalSimulator/imgs) by extensions ['ignore', 'ignore_ament_install']
[1.022s] Level 1:colcon.colcon_core.package_identification:_identify(tmp_srcs/MyhalSimulator/imgs) by extension 'ignore'
[1.022s] Level 1:colcon.colcon_core.package_identification:_identify(tmp_srcs/MyhalSimulator/imgs) by extension 'ignore_ament_install'
[1.022s] Level 1:colcon.colcon_core.package_identification:_identify(tmp_srcs/MyhalSimulator/imgs) by extensions ['colcon_pkg']
[1.022s] Level 1:colcon.colcon_core.package_identification:_identify(tmp_srcs/MyhalSimulator/imgs) by extension 'colcon_pkg'
[1.022s] Level 1:colcon.colcon_core.package_identification:_identify(tmp_srcs/MyhalSimulator/imgs) by extensions ['colcon_meta']
[1.022s] Level 1:colcon.colcon_core.package_identification:_identify(tmp_srcs/MyhalSimulator/imgs) by extension 'colcon_meta'
[1.022s] Level 1:colcon.colcon_core.package_identification:_identify(tmp_srcs/MyhalSimulator/imgs) by extensions ['ros']
[1.022s] Level 1:colcon.colcon_core.package_identification:_identify(tmp_srcs/MyhalSimulator/imgs) by extension 'ros'
[1.023s] Level 1:colcon.colcon_core.package_identification:_identify(tmp_srcs/MyhalSimulator/imgs) by extensions ['cmake', 'python']
[1.023s] Level 1:colcon.colcon_core.package_identification:_identify(tmp_srcs/MyhalSimulator/imgs) by extension 'cmake'
[1.023s] Level 1:colcon.colcon_core.package_identification:_identify(tmp_srcs/MyhalSimulator/imgs) by extension 'python'
[1.023s] Level 1:colcon.colcon_core.package_identification:_identify(tmp_srcs/MyhalSimulator/imgs) by extensions ['python_setup_py']
[1.023s] Level 1:colcon.colcon_core.package_identification:_identify(tmp_srcs/MyhalSimulator/imgs) by extension 'python_setup_py'
[1.024s] Level 1:colcon.colcon_core.package_identification:_identify(tmp_srcs/MyhalSimulator/scripts) by extensions ['ignore', 'ignore_ament_install']
[1.024s] Level 1:colcon.colcon_core.package_identification:_identify(tmp_srcs/MyhalSimulator/scripts) by extension 'ignore'
[1.024s] Level 1:colcon.colcon_core.package_identification:_identify(tmp_srcs/MyhalSimulator/scripts) by extension 'ignore_ament_install'
[1.024s] Level 1:colcon.colcon_core.package_identification:_identify(tmp_srcs/MyhalSimulator/scripts) by extensions ['colcon_pkg']
[1.024s] Level 1:colcon.colcon_core.package_identification:_identify(tmp_srcs/MyhalSimulator/scripts) by extension 'colcon_pkg'
[1.024s] Level 1:colcon.colcon_core.package_identification:_identify(tmp_srcs/MyhalSimulator/scripts) by extensions ['colcon_meta']
[1.025s] Level 1:colcon.colcon_core.package_identification:_identify(tmp_srcs/MyhalSimulator/scripts) by extension 'colcon_meta'
[1.025s] Level 1:colcon.colcon_core.package_identification:_identify(tmp_srcs/MyhalSimulator/scripts) by extensions ['ros']
[1.025s] Level 1:colcon.colcon_core.package_identification:_identify(tmp_srcs/MyhalSimulator/scripts) by extension 'ros'
[1.025s] Level 1:colcon.colcon_core.package_identification:_identify(tmp_srcs/MyhalSimulator/scripts) by extensions ['cmake', 'python']
[1.025s] Level 1:colcon.colcon_core.package_identification:_identify(tmp_srcs/MyhalSimulator/scripts) by extension 'cmake'
[1.025s] Level 1:colcon.colcon_core.package_identification:_identify(tmp_srcs/MyhalSimulator/scripts) by extension 'python'
[1.026s] Level 1:colcon.colcon_core.package_identification:_identify(tmp_srcs/MyhalSimulator/scripts) by extensions ['python_setup_py']
[1.026s] Level 1:colcon.colcon_core.package_identification:_identify(tmp_srcs/MyhalSimulator/scripts) by extension 'python_setup_py'
[1.026s] Level 1:colcon.colcon_core.package_identification:_identify(tmp_srcs/MyhalSimulator/src) by extensions ['ignore', 'ignore_ament_install']
[1.026s] Level 1:colcon.colcon_core.package_identification:_identify(tmp_srcs/MyhalSimulator/src) by extension 'ignore'
[1.026s] Level 1:colcon.colcon_core.package_identification:_identify(tmp_srcs/MyhalSimulator/src) by extension 'ignore_ament_install'
[1.027s] Level 1:colcon.colcon_core.package_identification:_identify(tmp_srcs/MyhalSimulator/src) by extensions ['colcon_pkg']
[1.027s] Level 1:colcon.colcon_core.package_identification:_identify(tmp_srcs/MyhalSimulator/src) by extension 'colcon_pkg'
[1.027s] Level 1:colcon.colcon_core.package_identification:_identify(tmp_srcs/MyhalSimulator/src) by extensions ['colcon_meta']
[1.027s] Level 1:colcon.colcon_core.package_identification:_identify(tmp_srcs/MyhalSimulator/src) by extension 'colcon_meta'
[1.027s] Level 1:colcon.colcon_core.package_identification:_identify(tmp_srcs/MyhalSimulator/src) by extensions ['ros']
[1.027s] Level 1:colcon.colcon_core.package_identification:_identify(tmp_srcs/MyhalSimulator/src) by extension 'ros'
[1.028s] Level 1:colcon.colcon_core.package_identification:_identify(tmp_srcs/MyhalSimulator/src) by extensions ['cmake', 'python']
[1.028s] Level 1:colcon.colcon_core.package_identification:_identify(tmp_srcs/MyhalSimulator/src) by extension 'cmake'
[1.056s] Level 1:colcon.colcon_core.package_identification:_identify(tmp_srcs/MyhalSimulator/src) by extension 'python'
[1.056s] DEBUG:colcon.colcon_core.package_identification:Package 'tmp_srcs/MyhalSimulator/src' with type 'cmake' and name 'src'
[1.057s] Level 1:colcon.colcon_core.package_identification:_identify(tmp_srcs/custom_msgs_old) by extensions ['ignore', 'ignore_ament_install']
[1.057s] Level 1:colcon.colcon_core.package_identification:_identify(tmp_srcs/custom_msgs_old) by extension 'ignore'
[1.058s] Level 1:colcon.colcon_core.package_identification:_identify(tmp_srcs/custom_msgs_old) by extension 'ignore_ament_install'
[1.058s] Level 1:colcon.colcon_core.package_identification:_identify(tmp_srcs/custom_msgs_old) by extensions ['colcon_pkg']
[1.058s] Level 1:colcon.colcon_core.package_identification:_identify(tmp_srcs/custom_msgs_old) by extension 'colcon_pkg'
[1.059s] Level 1:colcon.colcon_core.package_identification:_identify(tmp_srcs/custom_msgs_old) by extensions ['colcon_meta']
[1.059s] Level 1:colcon.colcon_core.package_identification:_identify(tmp_srcs/custom_msgs_old) by extension 'colcon_meta'
[1.059s] Level 1:colcon.colcon_core.package_identification:_identify(tmp_srcs/custom_msgs_old) by extensions ['ros']
[1.059s] Level 1:colcon.colcon_core.package_identification:_identify(tmp_srcs/custom_msgs_old) by extension 'ros'
[1.063s] DEBUG:colcon.colcon_core.package_identification:Package 'tmp_srcs/custom_msgs_old' with type 'ros.ament_cmake' and name 'custom_msgs'
[1.064s] Level 1:colcon.colcon_core.package_identification:_identify(tmp_srcs/jackal) by extensions ['ignore', 'ignore_ament_install']
[1.064s] Level 1:colcon.colcon_core.package_identification:_identify(tmp_srcs/jackal) by extension 'ignore'
[1.065s] Level 1:colcon.colcon_core.package_identification:_identify(tmp_srcs/jackal) by extension 'ignore_ament_install'
[1.065s] Level 1:colcon.colcon_core.package_identification:_identify(tmp_srcs/jackal) by extensions ['colcon_pkg']
[1.065s] Level 1:colcon.colcon_core.package_identification:_identify(tmp_srcs/jackal) by extension 'colcon_pkg'
[1.065s] Level 1:colcon.colcon_core.package_identification:_identify(tmp_srcs/jackal) by extensions ['colcon_meta']
[1.065s] Level 1:colcon.colcon_core.package_identification:_identify(tmp_srcs/jackal) by extension 'colcon_meta'
[1.066s] Level 1:colcon.colcon_core.package_identification:_identify(tmp_srcs/jackal) by extensions ['ros']
[1.066s] Level 1:colcon.colcon_core.package_identification:_identify(tmp_srcs/jackal) by extension 'ros'
[1.066s] Level 1:colcon.colcon_core.package_identification:_identify(tmp_srcs/jackal) by extensions ['cmake', 'python']
[1.066s] Level 1:colcon.colcon_core.package_identification:_identify(tmp_srcs/jackal) by extension 'cmake'
[1.066s] Level 1:colcon.colcon_core.package_identification:_identify(tmp_srcs/jackal) by extension 'python'
[1.067s] Level 1:colcon.colcon_core.package_identification:_identify(tmp_srcs/jackal) by extensions ['python_setup_py']
[1.067s] Level 1:colcon.colcon_core.package_identification:_identify(tmp_srcs/jackal) by extension 'python_setup_py'
[1.067s] Level 1:colcon.colcon_core.package_identification:_identify(tmp_srcs/jackal/jackal_control) by extensions ['ignore', 'ignore_ament_install']
[1.067s] Level 1:colcon.colcon_core.package_identification:_identify(tmp_srcs/jackal/jackal_control) by extension 'ignore'
[1.067s] Level 1:colcon.colcon_core.package_identification:_identify(tmp_srcs/jackal/jackal_control) by extension 'ignore_ament_install'
[1.068s] Level 1:colcon.colcon_core.package_identification:_identify(tmp_srcs/jackal/jackal_control) by extensions ['colcon_pkg']
[1.068s] Level 1:colcon.colcon_core.package_identification:_identify(tmp_srcs/jackal/jackal_control) by extension 'colcon_pkg'
[1.068s] Level 1:colcon.colcon_core.package_identification:_identify(tmp_srcs/jackal/jackal_control) by extensions ['colcon_meta']
[1.068s] Level 1:colcon.colcon_core.package_identification:_identify(tmp_srcs/jackal/jackal_control) by extension 'colcon_meta'
[1.068s] Level 1:colcon.colcon_core.package_identification:_identify(tmp_srcs/jackal/jackal_control) by extensions ['ros']
[1.068s] Level 1:colcon.colcon_core.package_identification:_identify(tmp_srcs/jackal/jackal_control) by extension 'ros'
[1.072s] DEBUG:colcon.colcon_core.package_identification:Package 'tmp_srcs/jackal/jackal_control' with type 'ros.catkin' and name 'jackal_control'
[1.072s] Level 1:colcon.colcon_core.package_identification:_identify(tmp_srcs/jackal/jackal_description) by extensions ['ignore', 'ignore_ament_install']
[1.072s] Level 1:colcon.colcon_core.package_identification:_identify(tmp_srcs/jackal/jackal_description) by extension 'ignore'
[1.072s] Level 1:colcon.colcon_core.package_identification:_identify(tmp_srcs/jackal/jackal_description) by extension 'ignore_ament_install'
[1.073s] Level 1:colcon.colcon_core.package_identification:_identify(tmp_srcs/jackal/jackal_description) by extensions ['colcon_pkg']
[1.073s] Level 1:colcon.colcon_core.package_identification:_identify(tmp_srcs/jackal/jackal_description) by extension 'colcon_pkg'
[1.073s] Level 1:colcon.colcon_core.package_identification:_identify(tmp_srcs/jackal/jackal_description) by extensions ['colcon_meta']
[1.073s] Level 1:colcon.colcon_core.package_identification:_identify(tmp_srcs/jackal/jackal_description) by extension 'colcon_meta'
[1.073s] Level 1:colcon.colcon_core.package_identification:_identify(tmp_srcs/jackal/jackal_description) by extensions ['ros']
[1.073s] Level 1:colcon.colcon_core.package_identification:_identify(tmp_srcs/jackal/jackal_description) by extension 'ros'
[1.076s] DEBUG:colcon.colcon_core.package_identification:Package 'tmp_srcs/jackal/jackal_description' with type 'ros.catkin' and name 'jackal_description'
[1.076s] Level 1:colcon.colcon_core.package_identification:_identify(tmp_srcs/jackal/jackal_msgs) by extensions ['ignore', 'ignore_ament_install']
[1.076s] Level 1:colcon.colcon_core.package_identification:_identify(tmp_srcs/jackal/jackal_msgs) by extension 'ignore'
[1.076s] Level 1:colcon.colcon_core.package_identification:_identify(tmp_srcs/jackal/jackal_msgs) by extension 'ignore_ament_install'
[1.077s] Level 1:colcon.colcon_core.package_identification:_identify(tmp_srcs/jackal/jackal_msgs) by extensions ['colcon_pkg']
[1.077s] Level 1:colcon.colcon_core.package_identification:_identify(tmp_srcs/jackal/jackal_msgs) by extension 'colcon_pkg'
[1.077s] Level 1:colcon.colcon_core.package_identification:_identify(tmp_srcs/jackal/jackal_msgs) by extensions ['colcon_meta']
[1.077s] Level 1:colcon.colcon_core.package_identification:_identify(tmp_srcs/jackal/jackal_msgs) by extension 'colcon_meta'
[1.077s] Level 1:colcon.colcon_core.package_identification:_identify(tmp_srcs/jackal/jackal_msgs) by extensions ['ros']
[1.077s] Level 1:colcon.colcon_core.package_identification:_identify(tmp_srcs/jackal/jackal_msgs) by extension 'ros'
[1.079s] DEBUG:colcon.colcon_core.package_identification:Package 'tmp_srcs/jackal/jackal_msgs' with type 'ros.catkin' and name 'jackal_msgs'
[1.079s] Level 1:colcon.colcon_core.package_identification:_identify(tmp_srcs/jackal/jackal_navigation) by extensions ['ignore', 'ignore_ament_install']
[1.080s] Level 1:colcon.colcon_core.package_identification:_identify(tmp_srcs/jackal/jackal_navigation) by extension 'ignore'
[1.080s] Level 1:colcon.colcon_core.package_identification:_identify(tmp_srcs/jackal/jackal_navigation) by extension 'ignore_ament_install'
[1.080s] Level 1:colcon.colcon_core.package_identification:_identify(tmp_srcs/jackal/jackal_navigation) by extensions ['colcon_pkg']
[1.080s] Level 1:colcon.colcon_core.package_identification:_identify(tmp_srcs/jackal/jackal_navigation) by extension 'colcon_pkg'
[1.080s] Level 1:colcon.colcon_core.package_identification:_identify(tmp_srcs/jackal/jackal_navigation) by extensions ['colcon_meta']
[1.080s] Level 1:colcon.colcon_core.package_identification:_identify(tmp_srcs/jackal/jackal_navigation) by extension 'colcon_meta'
[1.081s] Level 1:colcon.colcon_core.package_identification:_identify(tmp_srcs/jackal/jackal_navigation) by extensions ['ros']
[1.081s] Level 1:colcon.colcon_core.package_identification:_identify(tmp_srcs/jackal/jackal_navigation) by extension 'ros'
[1.083s] DEBUG:colcon.colcon_core.package_identification:Package 'tmp_srcs/jackal/jackal_navigation' with type 'ros.catkin' and name 'jackal_navigation'
[1.084s] Level 1:colcon.colcon_core.package_identification:_identify(tmp_srcs/jackal/jackal_tutorials) by extensions ['ignore', 'ignore_ament_install']
[1.084s] Level 1:colcon.colcon_core.package_identification:_identify(tmp_srcs/jackal/jackal_tutorials) by extension 'ignore'
[1.084s] Level 1:colcon.colcon_core.package_identification:_identify(tmp_srcs/jackal/jackal_tutorials) by extension 'ignore_ament_install'
[1.085s] Level 1:colcon.colcon_core.package_identification:_identify(tmp_srcs/jackal/jackal_tutorials) by extensions ['colcon_pkg']
[1.085s] Level 1:colcon.colcon_core.package_identification:_identify(tmp_srcs/jackal/jackal_tutorials) by extension 'colcon_pkg'
[1.085s] Level 1:colcon.colcon_core.package_identification:_identify(tmp_srcs/jackal/jackal_tutorials) by extensions ['colcon_meta']
[1.085s] Level 1:colcon.colcon_core.package_identification:_identify(tmp_srcs/jackal/jackal_tutorials) by extension 'colcon_meta'
[1.085s] Level 1:colcon.colcon_core.package_identification:_identify(tmp_srcs/jackal/jackal_tutorials) by extensions ['ros']
[1.085s] Level 1:colcon.colcon_core.package_identification:_identify(tmp_srcs/jackal/jackal_tutorials) by extension 'ros'
[1.087s] DEBUG:colcon.colcon_core.package_identification:Package 'tmp_srcs/jackal/jackal_tutorials' with type 'ros.catkin' and name 'jackal_tutorials'
[1.087s] Level 1:colcon.colcon_core.package_identification:_identify(tmp_srcs/launch_delay) by extensions ['ignore', 'ignore_ament_install']
[1.088s] Level 1:colcon.colcon_core.package_identification:_identify(tmp_srcs/launch_delay) by extension 'ignore'
[1.088s] Level 1:colcon.colcon_core.package_identification:_identify(tmp_srcs/launch_delay) by extension 'ignore_ament_install'
[1.088s] Level 1:colcon.colcon_core.package_identification:_identify(tmp_srcs/launch_delay) by extensions ['colcon_pkg']
[1.088s] Level 1:colcon.colcon_core.package_identification:_identify(tmp_srcs/launch_delay) by extension 'colcon_pkg'
[1.088s] Level 1:colcon.colcon_core.package_identification:_identify(tmp_srcs/launch_delay) by extensions ['colcon_meta']
[1.088s] Level 1:colcon.colcon_core.package_identification:_identify(tmp_srcs/launch_delay) by extension 'colcon_meta'
[1.089s] Level 1:colcon.colcon_core.package_identification:_identify(tmp_srcs/launch_delay) by extensions ['ros']
[1.089s] Level 1:colcon.colcon_core.package_identification:_identify(tmp_srcs/launch_delay) by extension 'ros'
[1.090s] DEBUG:colcon.colcon_core.package_identification:Package 'tmp_srcs/launch_delay' with type 'ros.catkin' and name 'launch_delay'
[1.090s] Level 1:colcon.colcon_core.package_identification:_identify(tmp_srcs/my_package) by extensions ['ignore', 'ignore_ament_install']
[1.091s] Level 1:colcon.colcon_core.package_identification:_identify(tmp_srcs/my_package) by extension 'ignore'
[1.091s] Level 1:colcon.colcon_core.package_identification:_identify(tmp_srcs/my_package) by extension 'ignore_ament_install'
[1.091s] Level 1:colcon.colcon_core.package_identification:_identify(tmp_srcs/my_package) by extensions ['colcon_pkg']
[1.091s] Level 1:colcon.colcon_core.package_identification:_identify(tmp_srcs/my_package) by extension 'colcon_pkg'
[1.091s] Level 1:colcon.colcon_core.package_identification:_identify(tmp_srcs/my_package) by extensions ['colcon_meta']
[1.091s] Level 1:colcon.colcon_core.package_identification:_identify(tmp_srcs/my_package) by extension 'colcon_meta'
[1.092s] Level 1:colcon.colcon_core.package_identification:_identify(tmp_srcs/my_package) by extensions ['ros']
[1.092s] Level 1:colcon.colcon_core.package_identification:_identify(tmp_srcs/my_package) by extension 'ros'
[1.094s] DEBUG:colcon.colcon_core.package_identification:Package 'tmp_srcs/my_package' with type 'ros.ament_python' and name 'my_package'
[1.094s] Level 1:colcon.colcon_core.package_identification:_identify(tmp_srcs/pointcloud_to_laserscan) by extensions ['ignore', 'ignore_ament_install']
[1.094s] Level 1:colcon.colcon_core.package_identification:_identify(tmp_srcs/pointcloud_to_laserscan) by extension 'ignore'
[1.094s] Level 1:colcon.colcon_core.package_identification:_identify(tmp_srcs/pointcloud_to_laserscan) by extension 'ignore_ament_install'
[1.095s] Level 1:colcon.colcon_core.package_identification:_identify(tmp_srcs/pointcloud_to_laserscan) by extensions ['colcon_pkg']
[1.095s] Level 1:colcon.colcon_core.package_identification:_identify(tmp_srcs/pointcloud_to_laserscan) by extension 'colcon_pkg'
[1.095s] Level 1:colcon.colcon_core.package_identification:_identify(tmp_srcs/pointcloud_to_laserscan) by extensions ['colcon_meta']
[1.095s] Level 1:colcon.colcon_core.package_identification:_identify(tmp_srcs/pointcloud_to_laserscan) by extension 'colcon_meta'
[1.095s] Level 1:colcon.colcon_core.package_identification:_identify(tmp_srcs/pointcloud_to_laserscan) by extensions ['ros']
[1.095s] Level 1:colcon.colcon_core.package_identification:_identify(tmp_srcs/pointcloud_to_laserscan) by extension 'ros'
[1.098s] DEBUG:colcon.colcon_core.package_identification:Package 'tmp_srcs/pointcloud_to_laserscan' with type 'ros.catkin' and name 'pointcloud_to_laserscan'
[1.099s] Level 1:colcon.colcon_core.package_identification:_identify(tmp_srcs/py_pubsub) by extensions ['ignore', 'ignore_ament_install']
[1.099s] Level 1:colcon.colcon_core.package_identification:_identify(tmp_srcs/py_pubsub) by extension 'ignore'
[1.099s] Level 1:colcon.colcon_core.package_identification:_identify(tmp_srcs/py_pubsub) by extension 'ignore_ament_install'
[1.099s] Level 1:colcon.colcon_core.package_identification:_identify(tmp_srcs/py_pubsub) by extensions ['colcon_pkg']
[1.100s] Level 1:colcon.colcon_core.package_identification:_identify(tmp_srcs/py_pubsub) by extension 'colcon_pkg'
[1.100s] Level 1:colcon.colcon_core.package_identification:_identify(tmp_srcs/py_pubsub) by extensions ['colcon_meta']
[1.100s] Level 1:colcon.colcon_core.package_identification:_identify(tmp_srcs/py_pubsub) by extension 'colcon_meta'
[1.100s] Level 1:colcon.colcon_core.package_identification:_identify(tmp_srcs/py_pubsub) by extensions ['ros']
[1.100s] Level 1:colcon.colcon_core.package_identification:_identify(tmp_srcs/py_pubsub) by extension 'ros'
[1.102s] DEBUG:colcon.colcon_core.package_identification:Package 'tmp_srcs/py_pubsub' with type 'ros.ament_python' and name 'py_pubsub'
[1.102s] Level 1:colcon.colcon_core.package_identification:_identify(tmp_srcs/velo_repub) by extensions ['ignore', 'ignore_ament_install']
[1.103s] Level 1:colcon.colcon_core.package_identification:_identify(tmp_srcs/velo_repub) by extension 'ignore'
[1.103s] Level 1:colcon.colcon_core.package_identification:_identify(tmp_srcs/velo_repub) by extension 'ignore_ament_install'
[1.103s] Level 1:colcon.colcon_core.package_identification:_identify(tmp_srcs/velo_repub) by extensions ['colcon_pkg']
[1.103s] Level 1:colcon.colcon_core.package_identification:_identify(tmp_srcs/velo_repub) by extension 'colcon_pkg'
[1.103s] Level 1:colcon.colcon_core.package_identification:_identify(tmp_srcs/velo_repub) by extensions ['colcon_meta']
[1.103s] Level 1:colcon.colcon_core.package_identification:_identify(tmp_srcs/velo_repub) by extension 'colcon_meta'
[1.104s] Level 1:colcon.colcon_core.package_identification:_identify(tmp_srcs/velo_repub) by extensions ['ros']
[1.104s] Level 1:colcon.colcon_core.package_identification:_identify(tmp_srcs/velo_repub) by extension 'ros'
[1.108s] DEBUG:colcon.colcon_core.package_identification:Package 'tmp_srcs/velo_repub' with type 'ros.catkin' and name 'velo_repub'
[1.108s] Level 1:colcon.colcon_core.package_discovery:discover_packages(recursive) using defaults
[1.109s] Level 1:colcon.colcon_core.package_discovery:discover_packages(ignore) discover
[1.109s] Level 1:colcon.colcon_core.package_discovery:discover_packages(ignore) using defaults
[1.109s] Level 1:colcon.colcon_core.package_discovery:discover_packages(path) discover
[1.109s] Level 1:colcon.colcon_core.package_discovery:discover_packages(path) using defaults
[1.190s] INFO:colcon.colcon_core.package_selection:Skipping not selected package 'custom_msgs' in 'tmp_srcs/custom_msgs_old'
[1.191s] INFO:colcon.colcon_core.package_selection:Skipping not selected package 'deep_sogm' in 'src/deep_sogm'
[1.191s] INFO:colcon.colcon_core.package_selection:Skipping not selected package 'jackal_control' in 'tmp_srcs/jackal/jackal_control'
[1.191s] INFO:colcon.colcon_core.package_selection:Skipping not selected package 'jackal_description' in 'tmp_srcs/jackal/jackal_description'
[1.191s] INFO:colcon.colcon_core.package_selection:Skipping not selected package 'jackal_msgs' in 'tmp_srcs/jackal/jackal_msgs'
[1.191s] INFO:colcon.colcon_core.package_selection:Skipping not selected package 'jackal_navigation' in 'tmp_srcs/jackal/jackal_navigation'
[1.191s] INFO:colcon.colcon_core.package_selection:Skipping not selected package 'jackal_tutorials' in 'tmp_srcs/jackal/jackal_tutorials'
[1.192s] INFO:colcon.colcon_core.package_selection:Skipping not selected package 'launch_delay' in 'tmp_srcs/launch_delay'
[1.192s] INFO:colcon.colcon_core.package_selection:Skipping not selected package 'my_package' in 'tmp_srcs/my_package'
[1.192s] INFO:colcon.colcon_core.package_selection:Skipping not selected package 'pointcloud_to_laserscan' in 'tmp_srcs/pointcloud_to_laserscan'
[1.192s] INFO:colcon.colcon_core.package_selection:Skipping not selected package 'py_pubsub' in 'tmp_srcs/py_pubsub'
[1.192s] INFO:colcon.colcon_core.package_selection:Skipping not selected package 'src' in 'tmp_srcs/MyhalSimulator/src'
[1.192s] INFO:colcon.colcon_core.package_selection:Skipping not selected package 'velo_repub' in 'tmp_srcs/velo_repub'
[1.203s] Level 5:colcon.colcon_core.verb:set package 'msg_interfaces' build argument 'cmake_args' from command line to 'None'
[1.203s] Level 5:colcon.colcon_core.verb:set package 'msg_interfaces' build argument 'cmake_target' from command line to 'None'
[1.204s] Level 5:colcon.colcon_core.verb:set package 'msg_interfaces' build argument 'cmake_target_skip_unavailable' from command line to 'False'
[1.204s] Level 5:colcon.colcon_core.verb:set package 'msg_interfaces' build argument 'cmake_clean_cache' from command line to 'False'
[1.204s] Level 5:colcon.colcon_core.verb:set package 'msg_interfaces' build argument 'cmake_clean_first' from command line to 'False'
[1.204s] Level 5:colcon.colcon_core.verb:set package 'msg_interfaces' build argument 'cmake_force_configure' from command line to 'False'
[1.204s] Level 5:colcon.colcon_core.verb:set package 'msg_interfaces' build argument 'ament_cmake_args' from command line to 'None'
[1.204s] Level 5:colcon.colcon_core.verb:set package 'msg_interfaces' build argument 'catkin_cmake_args' from command line to 'None'
[1.204s] Level 5:colcon.colcon_core.verb:set package 'msg_interfaces' build argument 'catkin_skip_building_tests' from command line to 'False'
[1.205s] DEBUG:colcon.colcon_core.verb:Building package 'msg_interfaces' with the following arguments: {'ament_cmake_args': None, 'build_base': '/home/administrator/eloquent_ws/build/msg_interfaces', 'catkin_cmake_args': None, 'catkin_skip_building_tests': False, 'cmake_args': None, 'cmake_clean_cache': False, 'cmake_clean_first': False, 'cmake_force_configure': False, 'cmake_target': None, 'cmake_target_skip_unavailable': False, 'install_base': '/home/administrator/eloquent_ws/install/msg_interfaces', 'merge_install': False, 'path': '/home/administrator/eloquent_ws/src/msg_interfaces', 'symlink_install': True, 'test_result_base': None}
[1.206s] INFO:colcon.colcon_core.executor:Executing jobs using 'parallel' executor
[1.213s] DEBUG:colcon.colcon_parallel_executor.executor.parallel:run_until_complete
[1.213s] INFO:colcon.colcon_ros.task.ament_cmake.build:Building ROS package in '/home/administrator/eloquent_ws/src/msg_interfaces' with build type 'ament_cmake'
[1.214s] INFO:colcon.colcon_cmake.task.cmake.build:Building CMake package in '/home/administrator/eloquent_ws/src/msg_interfaces'
[1.229s] INFO:colcon.colcon_core.plugin_system:Skipping extension 'colcon_core.shell.bat': Not used on non-Windows systems
[1.229s] INFO:colcon.colcon_core.shell:Skip shell extension 'powershell' for command environment: Not usable outside of PowerShell
[1.230s] DEBUG:colcon.colcon_core.shell:Skip shell extension 'dsv' for command environment
[1.237s] DEBUG:colcon.colcon_core.shell:Ignoring prefix path '/opt/ros/eloquent'
[1.238s] DEBUG:colcon.colcon_core.shell:Ignoring prefix path '/opt/ros/melodic'
[1.265s] DEBUG:colcon.colcon_core.event_handler.log_command:Invoking command in '/home/administrator/eloquent_ws/build/msg_interfaces': CMAKE_PREFIX_PATH=/opt/ros/eloquent:${CMAKE_PREFIX_PATH} /usr/bin/cmake /home/administrator/eloquent_ws/src/msg_interfaces -DAMENT_CMAKE_SYMLINK_INSTALL=1 -DCMAKE_INSTALL_PREFIX=/home/administrator/eloquent_ws/install/msg_interfaces
[8.460s] DEBUG:colcon.colcon_core.event_handler.log_command:Invoked command in '/home/administrator/eloquent_ws/build/msg_interfaces' returned '0': CMAKE_PREFIX_PATH=/opt/ros/eloquent:${CMAKE_PREFIX_PATH} /usr/bin/cmake /home/administrator/eloquent_ws/src/msg_interfaces -DAMENT_CMAKE_SYMLINK_INSTALL=1 -DCMAKE_INSTALL_PREFIX=/home/administrator/eloquent_ws/install/msg_interfaces
[8.474s] DEBUG:colcon.colcon_core.event_handler.log_command:Invoking command in '/home/administrator/eloquent_ws/build/msg_interfaces': CMAKE_PREFIX_PATH=/opt/ros/eloquent:${CMAKE_PREFIX_PATH} /usr/bin/cmake --build /home/administrator/eloquent_ws/build/msg_interfaces -- -j8 -l8
[20.217s] DEBUG:colcon.colcon_core.event_handler.log_command:Invoked command in '/home/administrator/eloquent_ws/build/msg_interfaces' returned '0': CMAKE_PREFIX_PATH=/opt/ros/eloquent:${CMAKE_PREFIX_PATH} /usr/bin/cmake --build /home/administrator/eloquent_ws/build/msg_interfaces -- -j8 -l8
[20.410s] DEBUG:colcon.colcon_core.event_handler.log_command:Invoking command in '/home/administrator/eloquent_ws/build/msg_interfaces': CMAKE_PREFIX_PATH=/opt/ros/eloquent:${CMAKE_PREFIX_PATH} /usr/bin/cmake --build /home/administrator/eloquent_ws/build/msg_interfaces --target install -- -j8 -l8
[22.868s] Level 1:colcon.colcon_core.environment:create_environment_scripts_only(msg_interfaces)
[22.875s] DEBUG:colcon.colcon_core.event_handler.log_command:Invoked command in '/home/administrator/eloquent_ws/build/msg_interfaces' returned '0': CMAKE_PREFIX_PATH=/opt/ros/eloquent:${CMAKE_PREFIX_PATH} /usr/bin/cmake --build /home/administrator/eloquent_ws/build/msg_interfaces --target install -- -j8 -l8
[22.887s] Level 1:colcon.colcon_core.environment:checking '/home/administrator/eloquent_ws/install/msg_interfaces' for CMake module files
[22.889s] Level 1:colcon.colcon_core.environment:checking '/home/administrator/eloquent_ws/install/msg_interfaces' for CMake config files
[22.891s] Level 1:colcon.colcon_core.shell:create_environment_hook('msg_interfaces', 'cmake_prefix_path')
[22.894s] INFO:colcon.colcon_core.shell:Creating environment hook '/home/administrator/eloquent_ws/install/msg_interfaces/share/msg_interfaces/hook/cmake_prefix_path.ps1'
[22.897s] INFO:colcon.colcon_core.shell:Creating environment descriptor '/home/administrator/eloquent_ws/install/msg_interfaces/share/msg_interfaces/hook/cmake_prefix_path.dsv'
[22.899s] INFO:colcon.colcon_core.shell:Creating environment hook '/home/administrator/eloquent_ws/install/msg_interfaces/share/msg_interfaces/hook/cmake_prefix_path.sh'
[22.904s] Level 1:colcon.colcon_core.environment:checking '/home/administrator/eloquent_ws/install/msg_interfaces/lib'
[22.904s] Level 1:colcon.colcon_core.shell:create_environment_hook('msg_interfaces', 'ld_library_path_lib')
[22.907s] INFO:colcon.colcon_core.shell:Creating environment hook '/home/administrator/eloquent_ws/install/msg_interfaces/share/msg_interfaces/hook/ld_library_path_lib.ps1'
[22.908s] INFO:colcon.colcon_core.shell:Creating environment descriptor '/home/administrator/eloquent_ws/install/msg_interfaces/share/msg_interfaces/hook/ld_library_path_lib.dsv'
[22.910s] INFO:colcon.colcon_core.shell:Creating environment hook '/home/administrator/eloquent_ws/install/msg_interfaces/share/msg_interfaces/hook/ld_library_path_lib.sh'
[22.911s] Level 1:colcon.colcon_core.environment:checking '/home/administrator/eloquent_ws/install/msg_interfaces/bin'
[22.911s] Level 1:colcon.colcon_core.environment:checking '/home/administrator/eloquent_ws/install/msg_interfaces/lib/pkgconfig/msg_interfaces.pc'
[22.911s] Level 1:colcon.colcon_core.environment:checking '/home/administrator/eloquent_ws/install/msg_interfaces/lib/python3.6/site-packages'
[22.912s] Level 1:colcon.colcon_core.shell:create_environment_hook('msg_interfaces', 'pythonpath')
[22.914s] INFO:colcon.colcon_core.shell:Creating environment hook '/home/administrator/eloquent_ws/install/msg_interfaces/share/msg_interfaces/hook/pythonpath.ps1'
[22.915s] INFO:colcon.colcon_core.shell:Creating environment descriptor '/home/administrator/eloquent_ws/install/msg_interfaces/share/msg_interfaces/hook/pythonpath.dsv'
[22.916s] INFO:colcon.colcon_core.shell:Creating environment hook '/home/administrator/eloquent_ws/install/msg_interfaces/share/msg_interfaces/hook/pythonpath.sh'
[22.920s] INFO:colcon.colcon_core.shell:Creating package script '/home/administrator/eloquent_ws/install/msg_interfaces/share/msg_interfaces/package.ps1'
[22.924s] INFO:colcon.colcon_core.shell:Creating package descriptor '/home/administrator/eloquent_ws/install/msg_interfaces/share/msg_interfaces/package.dsv'
[22.926s] INFO:colcon.colcon_core.shell:Creating package script '/home/administrator/eloquent_ws/install/msg_interfaces/share/msg_interfaces/package.sh'
[22.929s] INFO:colcon.colcon_core.shell:Creating package script '/home/administrator/eloquent_ws/install/msg_interfaces/share/msg_interfaces/package.bash'
[22.932s] INFO:colcon.colcon_core.shell:Creating package script '/home/administrator/eloquent_ws/install/msg_interfaces/share/msg_interfaces/package.zsh'
[22.935s] Level 1:colcon.colcon_core.environment:create_file_with_runtime_dependencies(/home/administrator/eloquent_ws/install/msg_interfaces/share/colcon-core/packages/msg_interfaces)
[23.100s] Level 1:colcon.colcon_core.environment:create_environment_scripts_only(msg_interfaces)
[23.104s] Level 1:colcon.colcon_core.environment:checking '/home/administrator/eloquent_ws/install/msg_interfaces' for CMake module files
[23.107s] Level 1:colcon.colcon_core.environment:checking '/home/administrator/eloquent_ws/install/msg_interfaces' for CMake config files
[23.109s] Level 1:colcon.colcon_core.shell:create_environment_hook('msg_interfaces', 'cmake_prefix_path')
[23.111s] INFO:colcon.colcon_core.shell:Creating environment hook '/home/administrator/eloquent_ws/install/msg_interfaces/share/msg_interfaces/hook/cmake_prefix_path.ps1'
[23.114s] INFO:colcon.colcon_core.shell:Creating environment descriptor '/home/administrator/eloquent_ws/install/msg_interfaces/share/msg_interfaces/hook/cmake_prefix_path.dsv'
[23.115s] INFO:colcon.colcon_core.shell:Creating environment hook '/home/administrator/eloquent_ws/install/msg_interfaces/share/msg_interfaces/hook/cmake_prefix_path.sh'
[23.119s] Level 1:colcon.colcon_core.environment:checking '/home/administrator/eloquent_ws/install/msg_interfaces/lib'
[23.119s] Level 1:colcon.colcon_core.shell:create_environment_hook('msg_interfaces', 'ld_library_path_lib')
[23.121s] INFO:colcon.colcon_core.shell:Creating environment hook '/home/administrator/eloquent_ws/install/msg_interfaces/share/msg_interfaces/hook/ld_library_path_lib.ps1'
[23.123s] INFO:colcon.colcon_core.shell:Creating environment descriptor '/home/administrator/eloquent_ws/install/msg_interfaces/share/msg_interfaces/hook/ld_library_path_lib.dsv'
[23.124s] INFO:colcon.colcon_core.shell:Creating environment hook '/home/administrator/eloquent_ws/install/msg_interfaces/share/msg_interfaces/hook/ld_library_path_lib.sh'
[23.126s] Level 1:colcon.colcon_core.environment:checking '/home/administrator/eloquent_ws/install/msg_interfaces/bin'
[23.126s] Level 1:colcon.colcon_core.environment:checking '/home/administrator/eloquent_ws/install/msg_interfaces/lib/pkgconfig/msg_interfaces.pc'
[23.126s] Level 1:colcon.colcon_core.environment:checking '/home/administrator/eloquent_ws/install/msg_interfaces/lib/python3.6/site-packages'
[23.126s] Level 1:colcon.colcon_core.shell:create_environment_hook('msg_interfaces', 'pythonpath')
[23.128s] INFO:colcon.colcon_core.shell:Creating environment hook '/home/administrator/eloquent_ws/install/msg_interfaces/share/msg_interfaces/hook/pythonpath.ps1'
[23.130s] INFO:colcon.colcon_core.shell:Creating environment descriptor '/home/administrator/eloquent_ws/install/msg_interfaces/share/msg_interfaces/hook/pythonpath.dsv'
[23.131s] INFO:colcon.colcon_core.shell:Creating environment hook '/home/administrator/eloquent_ws/install/msg_interfaces/share/msg_interfaces/hook/pythonpath.sh'
[23.135s] INFO:colcon.colcon_core.shell:Creating package script '/home/administrator/eloquent_ws/install/msg_interfaces/share/msg_interfaces/package.ps1'
[23.138s] INFO:colcon.colcon_core.shell:Creating package descriptor '/home/administrator/eloquent_ws/install/msg_interfaces/share/msg_interfaces/package.dsv'
[23.140s] INFO:colcon.colcon_core.shell:Creating package script '/home/administrator/eloquent_ws/install/msg_interfaces/share/msg_interfaces/package.sh'
[23.142s] INFO:colcon.colcon_core.shell:Creating package script '/home/administrator/eloquent_ws/install/msg_interfaces/share/msg_interfaces/package.bash'
[23.144s] INFO:colcon.colcon_core.shell:Creating package script '/home/administrator/eloquent_ws/install/msg_interfaces/share/msg_interfaces/package.zsh'
[23.145s] Level 1:colcon.colcon_core.environment:create_file_with_runtime_dependencies(/home/administrator/eloquent_ws/install/msg_interfaces/share/colcon-core/packages/msg_interfaces)
[23.146s] DEBUG:colcon.colcon_parallel_executor.executor.parallel:closing loop
[23.149s] DEBUG:colcon.colcon_parallel_executor.executor.parallel:loop closed
[23.152s] DEBUG:colcon.colcon_parallel_executor.executor.parallel:run_until_complete finished with '0'
[23.153s] DEBUG:colcon.colcon_core.event_reactor:joining thread
[23.183s] INFO:colcon.colcon_core.plugin_system:Skipping extension 'colcon_notification.desktop_notification.notify_send': Could not find 'notify-send'
[23.183s] INFO:colcon.colcon_core.plugin_system:Skipping extension 'colcon_notification.desktop_notification.terminal_notifier': Not used on non-Darwin systems
[23.183s] INFO:colcon.colcon_core.plugin_system:Skipping extension 'colcon_notification.desktop_notification.win32': Not used on non-Windows systems
[23.184s] INFO:colcon.colcon_notification.desktop_notification:Sending desktop notification using 'notify2'
[23.184s] DEBUG:colcon.colcon_notification.desktop_notification.notify2:Failed to initialize notify2: org.freedesktop.DBus.Error.InvalidFileContent: D-Bus library appears to be incorrectly set up: see the manual page for dbus-uuidgen to correct this issue. (Failed to open "/var/lib/dbus/machine-id": No such file or directory; UUID file '/etc/machine-id' should contain a hex string of length 32, not length 0, with no other text)
[23.185s] DEBUG:colcon.colcon_core.event_reactor:joined thread
[23.187s] INFO:colcon.colcon_core.shell:Creating prefix script '/home/administrator/eloquent_ws/install/local_setup.ps1'
[23.191s] INFO:colcon.colcon_core.shell:Creating prefix util module '/home/administrator/eloquent_ws/install/_local_setup_util_ps1.py'
[23.196s] INFO:colcon.colcon_core.shell:Creating prefix chain script '/home/administrator/eloquent_ws/install/setup.ps1'
[23.205s] INFO:colcon.colcon_core.shell:Creating prefix script '/home/administrator/eloquent_ws/install/local_setup.sh'
[23.207s] INFO:colcon.colcon_core.shell:Creating prefix util module '/home/administrator/eloquent_ws/install/_local_setup_util_sh.py'
[23.209s] INFO:colcon.colcon_core.shell:Creating prefix chain script '/home/administrator/eloquent_ws/install/setup.sh'
[23.218s] INFO:colcon.colcon_core.shell:Creating prefix script '/home/administrator/eloquent_ws/install/local_setup.bash'
[23.220s] INFO:colcon.colcon_core.shell:Creating prefix chain script '/home/administrator/eloquent_ws/install/setup.bash'
[23.228s] INFO:colcon.colcon_core.shell:Creating prefix script '/home/administrator/eloquent_ws/install/local_setup.zsh'
[23.231s] INFO:colcon.colcon_core.shell:Creating prefix chain script '/home/administrator/eloquent_ws/install/setup.zsh'
